<?xml version="1.0" encoding="utf-8"?><testsuites name="pytest tests"><testsuite name="pytest" errors="0" failures="0" skipped="0" tests="8" time="2.981" timestamp="2026-03-03T18:53:28.675869+00:00" hostname="agent-env-c564fc7d-f40e-4f15-b0a0-7652349a0f51"><testcase classname="backend.tests.test_achievements.TestAchievementsAPI" name="test_get_achievements_german" time="1.838" /><testcase classname="backend.tests.test_achievements.TestAchievementsAPI" name="test_get_achievements_italian" time="0.150" /><testcase classname="backend.tests.test_achievements.TestAchievementsAPI" name="test_get_achievements_nonexistent_profile" time="0.126" /><testcase classname="backend.tests.test_achievements.TestAchievementsAPI" name="test_milestone_intake_7_unlocked" time="0.119" /><testcase classname="backend.tests.test_achievements.TestAchievementsAPI" name="test_milestone_tracking_14_not_unlocked" time="0.176" /><testcase classname="backend.tests.test_achievements.TestAchievementsAPI" name="test_new_milestones_tracking" time="0.241" /><testcase classname="backend.tests.test_achievements.TestAchievementsAPI" name="test_streak_data_structure" time="0.131" /><testcase classname="backend.tests.test_achievements.TestAchievementsAPI" name="test_milestones_data_structure" time="0.117" /></testsuite></testsuites>