<?xml version="1.0" encoding="utf-8"?><testsuites name="pytest tests"><testsuite name="pytest" errors="0" failures="0" skipped="0" tests="19" time="2.394" timestamp="2026-03-02T11:56:03.122250+00:00" hostname="agent-env-829e73b3-f503-4c7b-907a-b3c9ea41712d"><testcase classname="tests.test_admin_health_stats.TestAdminHealthStats" name="test_health_stats_returns_200" time="0.167" /><testcase classname="tests.test_admin_health_stats.TestAdminHealthStats" name="test_health_stats_has_total_profiles" time="0.126" /><testcase classname="tests.test_admin_health_stats.TestAdminHealthStats" name="test_health_stats_gender_distribution" time="0.110" /><testcase classname="tests.test_admin_health_stats.TestAdminHealthStats" name="test_health_stats_age_distribution" time="0.135" /><testcase classname="tests.test_admin_health_stats.TestAdminHealthStats" name="test_health_stats_diet_distribution" time="0.106" /><testcase classname="tests.test_admin_health_stats.TestAdminHealthStats" name="test_health_stats_activity_distribution" time="0.145" /><testcase classname="tests.test_admin_health_stats.TestAdminHealthStats" name="test_health_stats_complaints_with_intensity" time="0.123" /><testcase classname="tests.test_admin_health_stats.TestAdminHealthStats" name="test_health_stats_conditions_distribution" time="0.170" /><testcase classname="tests.test_admin_health_stats.TestAdminHealthStats" name="test_health_stats_deficiencies_distribution" time="0.117" /><testcase classname="tests.test_admin_health_stats.TestAdminHealthStats" name="test_health_stats_sleep_averages" time="0.106" /><testcase classname="tests.test_admin_health_stats.TestAdminHealthStats" name="test_health_stats_stress_averages" time="0.133" /><testcase classname="tests.test_admin_health_stats.TestAdminHealthStats" name="test_health_stats_bmi_distribution" time="0.117" /><testcase classname="tests.test_admin_health_stats.TestAdminHealthStats" name="test_health_stats_medications_distribution" time="0.114" /><testcase classname="tests.test_admin_health_stats.TestAdminHealthStats" name="test_health_stats_sleep_issues" time="0.104" /><testcase classname="tests.test_admin_health_stats.TestAdminHealthStats" name="test_health_stats_stress_types" time="0.123" /><testcase classname="tests.test_admin_health_stats.TestAdminHealthStats" name="test_health_stats_complete_data_39_profiles" time="0.101" /><testcase classname="tests.test_admin_health_stats.TestRecipeCatalogRegression" name="test_recipes_search_smoothie" time="0.107" /><testcase classname="tests.test_admin_health_stats.TestRecipeCatalogRegression" name="test_recipes_filters_german" time="0.104" /><testcase classname="tests.test_admin_health_stats.TestRecipeCatalogRegression" name="test_recipes_filters_italian" time="0.109" /></testsuite></testsuites>