<?xml version="1.0" encoding="utf-8"?><testsuites name="pytest tests"><testsuite name="pytest" errors="0" failures="0" skipped="0" tests="16" time="3.925" timestamp="2026-02-28T12:13:41.933893+00:00" hostname="agent-env-1bccff34-bcf9-4d76-99f2-cd27e5e1b293"><testcase classname="backend.tests.test_admin_webapp.TestAdminWebappAuth" name="test_admin_auth_correct_password" time="0.221" /><testcase classname="backend.tests.test_admin_webapp.TestAdminWebappAuth" name="test_admin_auth_wrong_password" time="0.161" /><testcase classname="backend.tests.test_admin_webapp.TestAdminWebappAuth" name="test_admin_auth_empty_password" time="0.151" /><testcase classname="backend.tests.test_admin_webapp.TestAdminWebappStatic" name="test_admin_webapp_main_page" time="0.148" /><testcase classname="backend.tests.test_admin_webapp.TestAdminWebappStatic" name="test_admin_webapp_css" time="0.148" /><testcase classname="backend.tests.test_admin_webapp.TestAdminWebappStatic" name="test_admin_webapp_js" time="0.182" /><testcase classname="backend.tests.test_admin_webapp.TestAdminWebappStatic" name="test_admin_webapp_nonexistent_file" time="0.154" /><testcase classname="backend.tests.test_admin_webapp.TestAdminStats" name="test_admin_stats" time="0.154" /><testcase classname="backend.tests.test_admin_webapp.TestAdminProductsCRUD" name="test_list_products_de" time="0.181" /><testcase classname="backend.tests.test_admin_webapp.TestAdminProductsCRUD" name="test_list_products_it" time="0.149" /><testcase classname="backend.tests.test_admin_webapp.TestAdminProductsCRUD" name="test_search_products" time="0.156" /><testcase classname="backend.tests.test_admin_webapp.TestAdminProductsCRUD" name="test_product_crud_cycle" time="0.779" /><testcase classname="backend.tests.test_admin_webapp.TestAdminRecipesCRUD" name="test_list_recipes" time="0.156" /><testcase classname="backend.tests.test_admin_webapp.TestAdminRecipesCRUD" name="test_recipe_crud_cycle" time="0.742" /><testcase classname="backend.tests.test_admin_webapp.TestAdminClicks" name="test_get_clicks" time="0.142" /><testcase classname="backend.tests.test_admin_webapp.TestAdminLLMLogs" name="test_get_llm_logs" time="0.165" /></testsuite></testsuites>