<?xml version="1.0" encoding="utf-8"?><testsuites name="pytest tests"><testsuite name="pytest" errors="0" failures="0" skipped="0" tests="17" time="3.627" timestamp="2026-02-27T22:34:09.731456+00:00" hostname="agent-env-1bccff34-bcf9-4d76-99f2-cd27e5e1b293"><testcase classname="tests.test_admin_crud.TestAdminHealth" name="test_admin_health" time="0.177" /><testcase classname="tests.test_admin_crud.TestAdminHealth" name="test_admin_stats" time="0.141" /><testcase classname="tests.test_admin_crud.TestProductsAPI" name="test_list_products_de" time="0.143" /><testcase classname="tests.test_admin_crud.TestProductsAPI" name="test_list_products_it" time="0.123" /><testcase classname="tests.test_admin_crud.TestProductsAPI" name="test_product_search" time="0.114" /><testcase classname="tests.test_admin_crud.TestProductsAPI" name="test_create_update_delete_product_de" time="0.683" /><testcase classname="tests.test_admin_crud.TestProductsAPI" name="test_create_duplicate_product_error" time="0.220" /><testcase classname="tests.test_admin_crud.TestProductsAPI" name="test_update_nonexistent_product_error" time="0.127" /><testcase classname="tests.test_admin_crud.TestProductsAPI" name="test_delete_nonexistent_product_error" time="0.111" /><testcase classname="tests.test_admin_crud.TestRecipesAPI" name="test_list_recipes" time="0.177" /><testcase classname="tests.test_admin_crud.TestRecipesAPI" name="test_recipe_search" time="0.112" /><testcase classname="tests.test_admin_crud.TestRecipesAPI" name="test_create_update_delete_recipe" time="0.753" /><testcase classname="tests.test_admin_crud.TestRecipesAPI" name="test_create_duplicate_recipe_error" time="0.226" /><testcase classname="tests.test_admin_crud.TestRecipesAPI" name="test_update_nonexistent_recipe_error" time="0.107" /><testcase classname="tests.test_admin_crud.TestRecipesAPI" name="test_delete_nonexistent_recipe_error" time="0.109" /><testcase classname="tests.test_admin_crud.TestAffiliateClicksAPI" name="test_get_clicks" time="0.104" /><testcase classname="tests.test_admin_crud.TestLLMLogsAPI" name="test_get_llm_logs" time="0.116" /></testsuite></testsuites>