<?xml version="1.0" encoding="utf-8"?><testsuites name="pytest tests"><testsuite name="pytest" errors="0" failures="0" skipped="0" tests="13" time="22.942" timestamp="2026-03-02T14:25:40.662087+00:00" hostname="agent-env-b0511335-4021-4bf5-ac0c-1138900f7477"><testcase classname="backend.tests.test_admin_recipe_features.TestAdminRecipeFeatures" name="test_get_recipes_no_filters" time="0.294" /><testcase classname="backend.tests.test_admin_recipe_features.TestAdminRecipeFeatures" name="test_get_recipes_with_category_filter" time="0.219" /><testcase classname="backend.tests.test_admin_recipe_features.TestAdminRecipeFeatures" name="test_get_recipes_with_active_only_true" time="0.213" /><testcase classname="backend.tests.test_admin_recipe_features.TestAdminRecipeFeatures" name="test_get_recipes_with_active_only_false" time="0.168" /><testcase classname="backend.tests.test_admin_recipe_features.TestAdminRecipeFeatures" name="test_get_recipes_combined_filters" time="0.147" /><testcase classname="backend.tests.test_admin_recipe_features.TestAdminRecipeFeatures" name="test_get_categories" time="0.176" /><testcase classname="backend.tests.test_admin_recipe_features.TestAdminRecipeFeatures" name="test_toggle_recipe_status" time="0.269" /><testcase classname="backend.tests.test_admin_recipe_features.TestAdminRecipeFeatures" name="test_toggle_nonexistent_recipe" time="0.172" /><testcase classname="backend.tests.test_admin_recipe_features.TestAdminRecipeFeatures" name="test_generate_recipes" time="9.958" /><testcase classname="backend.tests.test_admin_recipe_features.TestAdminRecipeFeatures" name="test_generate_recipes_default_count" time="10.288" /><testcase classname="backend.tests.test_admin_recipe_features.TestAdminRecipeFeatures" name="test_mobile_recipes_only_active" time="0.320" /><testcase classname="backend.tests.test_admin_recipe_features.TestAdminRecipeFeatures" name="test_mobile_recipes_filter_works_with_active" time="0.240" /><testcase classname="backend.tests.test_admin_recipe_features.TestMobileRecipesVsAdminRecipes" name="test_inactive_recipe_not_in_mobile_endpoint" time="0.402" /></testsuite></testsuites>