<?xml version="1.0" encoding="utf-8"?><testsuites name="pytest tests"><testsuite name="pytest" errors="0" failures="0" skipped="0" tests="17" time="3.911" timestamp="2026-03-07T14:53:50.126243+00:00" hostname="agent-env-08ef5c5a-c1b2-4a96-b15a-163651bc337f"><testcase classname="backend.tests.test_admin_user_stats_sync_features.TestAdminAuth" name="test_admin_auth_success" time="0.266" /><testcase classname="backend.tests.test_admin_user_stats_sync_features.TestAdminAuth" name="test_admin_auth_wrong_password" time="0.120" /><testcase classname="backend.tests.test_admin_user_stats_sync_features.TestAdminStats" name="test_stats_returns_profiles" time="0.326" /><testcase classname="backend.tests.test_admin_user_stats_sync_features.TestUserStats" name="test_user_stats_endpoint_returns_200" time="0.226" /><testcase classname="backend.tests.test_admin_user_stats_sync_features.TestUserStats" name="test_user_stats_returns_required_fields" time="0.229" /><testcase classname="backend.tests.test_admin_user_stats_sync_features.TestUserStats" name="test_user_stats_data_types" time="0.216" /><testcase classname="backend.tests.test_admin_user_stats_sync_features.TestUserStats" name="test_user_stats_arrays_structure" time="0.218" /><testcase classname="backend.tests.test_admin_user_stats_sync_features.TestSyncHistory" name="test_sync_history_endpoint_returns_200" time="0.283" /><testcase classname="backend.tests.test_admin_user_stats_sync_features.TestSyncHistory" name="test_sync_history_returns_valid_structure" time="0.213" /><testcase classname="backend.tests.test_admin_user_stats_sync_features.TestSyncHistory" name="test_sync_history_with_lang_filter" time="0.233" /><testcase classname="backend.tests.test_admin_user_stats_sync_features.TestSyncHistory" name="test_sync_history_entry_structure" time="0.231" /><testcase classname="backend.tests.test_admin_user_stats_sync_features.TestSyncConfigDaily" name="test_sync_config_accepts_daily_interval" time="0.254" /><testcase classname="backend.tests.test_admin_user_stats_sync_features.TestSyncConfigDaily" name="test_sync_config_validates_invalid_interval" time="0.211" /><testcase classname="backend.tests.test_admin_user_stats_sync_features.TestSyncConfigDaily" name="test_sync_config_accepts_weekly_interval" time="0.202" /><testcase classname="backend.tests.test_admin_user_stats_sync_features.TestSyncConfigDaily" name="test_sync_config_accepts_monthly_interval" time="0.229" /><testcase classname="backend.tests.test_admin_user_stats_sync_features.TestSyncConfigDaily" name="test_get_sync_config_returns_saved_values" time="0.217" /><testcase classname="backend.tests.test_admin_user_stats_sync_features.TestAdminHealthCheck" name="test_admin_health_endpoint" time="0.100" /></testsuite></testsuites>