<?xml version="1.0" encoding="utf-8"?><testsuites name="pytest tests"><testsuite name="pytest" errors="0" failures="0" skipped="0" tests="5" time="7.706" timestamp="2026-05-03T18:49:13.560168+00:00" hostname="agent-env-dc10796b-1c95-429a-a994-a4a8dbe31b5e"><testcase classname="backend.tests.test_weight_metabolism_ai_goals.TestAIGoals" name="test_male_active_build_muscle" time="2.599" /><testcase classname="backend.tests.test_weight_metabolism_ai_goals.TestAIGoals" name="test_female_moderate_lose" time="1.598" /><testcase classname="backend.tests.test_weight_metabolism_ai_goals.TestAIGoals" name="test_missing_gender_and_weight_returns_400" time="0.378" /><testcase classname="backend.tests.test_weight_metabolism_ai_goals.TestAIGoals" name="test_uses_latest_weight_log" time="1.734" /><testcase classname="backend.tests.test_weight_metabolism_ai_goals.TestAIGoals" name="test_no_id_leak_and_note_string" time="1.340" /></testsuite></testsuites>