<?xml version="1.0" encoding="utf-8"?><testsuites name="pytest tests"><testsuite name="pytest" errors="0" failures="1" skipped="0" tests="20" time="14.755" timestamp="2026-03-20T10:20:14.147342+00:00" hostname="agent-env-e507e8db-47df-4a6f-b944-88d97a545cca"><testcase classname="backend.tests.test_auth_system.TestAuthRegister" name="test_register_new_user_success" time="0.662" /><testcase classname="backend.tests.test_auth_system.TestAuthRegister" name="test_register_duplicate_email_returns_409" time="1.369" /><testcase classname="backend.tests.test_auth_system.TestAuthRegister" name="test_register_short_password_returns_400" time="0.105" /><testcase classname="backend.tests.test_auth_system.TestAuthRegister" name="test_register_missing_email_returns_error" time="0.091" /><testcase classname="backend.tests.test_auth_system.TestAuthLogin" name="test_login_valid_credentials" time="1.636" /><testcase classname="backend.tests.test_auth_system.TestAuthLogin" name="test_login_wrong_password_returns_401" time="1.511" /><testcase classname="backend.tests.test_auth_system.TestAuthLogin" name="test_login_nonexistent_email_returns_401" time="0.267" /><testcase classname="backend.tests.test_auth_system.TestAuthMe" name="test_me_with_valid_token" time="1.298" /><testcase classname="backend.tests.test_auth_system.TestAuthMe" name="test_me_without_token_returns_401" time="0.099" /><testcase classname="backend.tests.test_auth_system.TestAuthMe" name="test_me_with_invalid_token_returns_401" time="0.113" /><testcase classname="backend.tests.test_auth_system.TestAuthSyncData" name="test_sync_data_with_valid_token_and_linked_profile" time="2.264" /><testcase classname="backend.tests.test_auth_system.TestAuthSyncData" name="test_sync_data_for_other_users_profile_returns_403" time="1.311" /><testcase classname="backend.tests.test_auth_system.TestAuthSyncData" name="test_sync_data_without_token_returns_401" time="0.116" /><testcase classname="backend.tests.test_auth_system.TestAuthLinkProfile" name="test_link_profile_success" time="1.558" /><testcase classname="backend.tests.test_auth_system.TestAuthLinkProfile" name="test_link_profile_without_token_returns_401" time="0.253" /><testcase classname="backend.tests.test_auth_system.TestAuthLinkProfile" name="test_link_profile_without_profile_id_returns_400" time="1.279" /><testcase classname="backend.tests.test_auth_system.TestAuthGoogle" name="test_google_endpoint_exists_returns_error_for_invalid_session" time="0.223" /><testcase classname="backend.tests.test_auth_system.TestAuthGoogle" name="test_google_missing_session_id_returns_400" time="0.100" /><testcase classname="backend.tests.test_auth_system.TestAuthLogout" name="test_logout_returns_success" time="0.122"><failure message="AssertionError: Expected 200, got 429: {&quot;detail&quot;:&quot;Rate limit exceeded. Please wait.&quot;}&#10;assert 429 == 200&#10; +  where 429 = &lt;Response [429]&gt;.status_code">backend/tests/test_auth_system.py:369: in test_logout_returns_success
    assert response.status_code == 200, f"Expected 200, got {response.status_code}: {response.text}"
E   AssertionError: Expected 200, got 429: {"detail":"Rate limit exceeded. Please wait."}
E   assert 429 == 200
E    +  where 429 = &lt;Response [429]&gt;.status_code</failure></testcase><testcase classname="backend.tests.test_auth_system.TestAuthWithExistingUser" name="test_login_existing_user" time="0.155" /></testsuite></testsuites>