<?xml version="1.0" encoding="utf-8"?><testsuites name="pytest tests"><testsuite name="pytest" errors="0" failures="0" skipped="0" tests="19" time="103.693" timestamp="2026-03-02T21:23:11.480852+00:00" hostname="agent-env-7b9512d3-f0d1-42c0-a760-8aa30f49aea6"><testcase classname="backend.tests.test_bilingual_italian.TestSupplementPlanItalian" name="test_supplement_plan_returns_italian_timing_labels" time="8.017" /><testcase classname="backend.tests.test_bilingual_italian.TestSupplementPlanItalian" name="test_supplement_plan_returns_italian_with_food_labels" time="6.859" /><testcase classname="backend.tests.test_bilingual_italian.TestSupplementPlanItalian" name="test_supplement_plan_returns_italian_onset_labels" time="7.080" /><testcase classname="backend.tests.test_bilingual_italian.TestSupplementPlanItalian" name="test_supplement_plan_returns_italian_evidence_labels" time="6.730" /><testcase classname="backend.tests.test_bilingual_italian.TestSupplementPlanItalian" name="test_supplement_plan_returns_italian_reason" time="2.672" /><testcase classname="backend.tests.test_bilingual_italian.TestSupplementPlanItalian" name="test_supplement_plan_returns_italian_side_effects" time="8.279" /><testcase classname="backend.tests.test_bilingual_italian.TestSupplementPlanItalian" name="test_supplement_plan_returns_italian_phases" time="8.839" /><testcase classname="backend.tests.test_bilingual_italian.TestSupplementPlanItalian" name="test_supplement_plan_returns_italian_recommendation_reasons" time="9.083" /><testcase classname="backend.tests.test_bilingual_italian.TestSupplementPlanItalian" name="test_supplement_plan_weekly_schedule_italian" time="9.036" /><testcase classname="backend.tests.test_bilingual_italian.TestSupplementPlanGerman" name="test_supplement_plan_returns_german_timing_labels" time="5.594" /><testcase classname="backend.tests.test_bilingual_italian.TestSupplementPlanGerman" name="test_supplement_plan_returns_german_evidence_labels" time="8.504" /><testcase classname="backend.tests.test_bilingual_italian.TestProductsEndpointItalian" name="test_products_by_nutrient_returns_italian_quality_info" time="0.523" /><testcase classname="backend.tests.test_bilingual_italian.TestProductsEndpointItalian" name="test_products_by_nutrient_returns_german_quality_info" time="0.110" /><testcase classname="backend.tests.test_bilingual_italian.TestHealthScoreItalian" name="test_health_score_returns_italian_label" time="0.126" /><testcase classname="backend.tests.test_bilingual_italian.TestCorrelationAnalysisItalian" name="test_correlation_analysis_returns_italian_insufficient_data_message" time="0.103" /><testcase classname="backend.tests.test_bilingual_italian.TestSupplementInteractionsItalian" name="test_supplement_interactions_returns_italian_fallback" time="14.453" /><testcase classname="backend.tests.test_bilingual_italian.TestTrackingDashboardItalian" name="test_tracking_dashboard_returns_italian_insights" time="0.130" /><testcase classname="backend.tests.test_bilingual_italian.TestHealthProfileCreationItalian" name="test_health_assessment_returns_italian_deficiency_names" time="0.106" /><testcase classname="backend.tests.test_bilingual_italian.TestAPIBasics" name="test_supplement_plan_endpoint_accepts_lang_param" time="7.351" /></testsuite></testsuites>