<?xml version="1.0" encoding="utf-8"?><testsuites name="pytest tests"><testsuite name="pytest" errors="0" failures="0" skipped="0" tests="12" time="56.644" timestamp="2026-03-12T17:48:07.193756+00:00" hostname="agent-env-de1a2b8b-683e-4485-8e64-c649bd9a7cd5"><testcase classname="backend.tests.test_bug_fixes_62.TestRecipesDisplay" name="test_recipes_returns_array" time="0.244" /><testcase classname="backend.tests.test_bug_fixes_62.TestRecipesDisplay" name="test_recipes_with_lang_de" time="0.147" /><testcase classname="backend.tests.test_bug_fixes_62.TestRecipesDisplay" name="test_recipes_with_lang_it" time="0.161" /><testcase classname="backend.tests.test_bug_fixes_62.TestSymptomAnalysis" name="test_symptom_analyze_german" time="21.279" /><testcase classname="backend.tests.test_bug_fixes_62.TestSymptomAnalysis" name="test_symptom_analyze_with_tags" time="20.021" /><testcase classname="backend.tests.test_bug_fixes_62.TestSupplementPlanGeneration" name="test_generate_plan_profile_1_complaint" time="4.431" /><testcase classname="backend.tests.test_bug_fixes_62.TestSupplementPlanGeneration" name="test_generate_plan_profile_2_complaints" time="3.573" /><testcase classname="backend.tests.test_bug_fixes_62.TestSupplementPlanGeneration" name="test_plan_has_weekly_schedule" time="4.038" /><testcase classname="backend.tests.test_bug_fixes_62.TestGetSupplementPlan" name="test_get_plan_returns_enriched_data" time="2.071" /><testcase classname="backend.tests.test_bug_fixes_62.TestGetSupplementPlan" name="test_get_plan_for_nonexistent_profile" time="0.172" /><testcase classname="backend.tests.test_bug_fixes_62.TestHealthProfile" name="test_profile_1_exists" time="0.143" /><testcase classname="backend.tests.test_bug_fixes_62.TestHealthProfile" name="test_profile_2_exists" time="0.144" /></testsuite></testsuites>