<?xml version="1.0" encoding="utf-8"?><testsuites name="pytest tests"><testsuite name="pytest" errors="0" failures="0" skipped="0" tests="11" time="96.177" timestamp="2026-08-04T10:51:49.766014+00:00" hostname="agent-env-dc10796b-1c95-429a-a994-a4a8dbe31b5e"><testcase classname="tests.test_coach_wearable.TestWearableAvailability" name="test_no_device_returns_wearable_unavailable" time="0.921" /><testcase classname="tests.test_coach_wearable.TestWearableAvailability" name="test_paired_without_data_is_learning_phase" time="2.006" /><testcase classname="tests.test_coach_wearable.TestWearableAvailability" name="test_sufficient_data_exits_learning_phase" time="12.916" /><testcase classname="tests.test_coach_wearable.TestWearableAvailability" name="test_wearable_summary_shape" time="12.938" /><testcase classname="tests.test_coach_wearable.TestWearableInsights" name="test_low_hrv_triggers_hrv_insight" time="12.962" /><testcase classname="tests.test_coach_wearable.TestWearableInsights" name="test_high_rhr_triggers_ruhepuls_insight" time="12.881" /><testcase classname="tests.test_coach_wearable.TestWearableInsights" name="test_low_readiness_triggers_ruhiger_angehen" time="8.585" /><testcase classname="tests.test_coach_wearable.TestWearableInsights" name="test_high_readiness_triggers_praise" time="12.878" /><testcase classname="tests.test_coach_wearable.TestWearableInsights" name="test_low_sleep_score_triggers_schlaf_insight" time="11.875" /><testcase classname="tests.test_coach_wearable.TestWearableInsights" name="test_learning_phase_no_wearable_insights" time="4.776" /><testcase classname="tests.test_coach_wearable.TestCoachRobustness" name="test_wearable_key_always_present" time="3.358" /></testsuite></testsuites>