<?xml version="1.0" encoding="utf-8"?><testsuites name="pytest tests"><testsuite name="pytest" errors="0" failures="0" skipped="0" tests="9" time="8.709" timestamp="2026-05-03T18:37:46.379052+00:00" hostname="agent-env-dc10796b-1c95-429a-a994-a4a8dbe31b5e"><testcase classname="backend.tests.test_weight_metabolism_coach_timezone.TestCoachComment" name="test_tiny_snack_no_llm_neutral" time="0.797" /><testcase classname="backend.tests.test_weight_metabolism_coach_timezone.TestCoachComment" name="test_protein_rich_positive_then_cached" time="3.285" /><testcase classname="backend.tests.test_weight_metabolism_coach_timezone.TestCoachComment" name="test_protein_poor_highcal_suggestive" time="1.725" /><testcase classname="backend.tests.test_weight_metabolism_coach_timezone.TestCoachComment" name="test_very_highcal_caution" time="1.756" /><testcase classname="backend.tests.test_weight_metabolism_coach_timezone.TestTimezone" name="test_get_unset_returns_null" time="0.162" /><testcase classname="backend.tests.test_weight_metabolism_coach_timezone.TestTimezone" name="test_put_then_get" time="0.338" /><testcase classname="backend.tests.test_weight_metabolism_coach_timezone.TestTimezone" name="test_put_empty_timezone_returns_400" time="0.049" /><testcase classname="backend.tests.test_weight_metabolism_coach_timezone.TestTimezone" name="test_put_whitespace_timezone_returns_400" time="0.048" /><testcase classname="backend.tests.test_weight_metabolism_coach_timezone.TestTimezone" name="test_put_overwrites_previous" time="0.481" /></testsuite></testsuites>