<?xml version="1.0" encoding="utf-8"?><testsuites name="pytest tests"><testsuite name="pytest" errors="0" failures="0" skipped="0" tests="13" time="2.344" timestamp="2026-03-07T14:32:26.477479+00:00" hostname="agent-env-005dfe3e-4962-4616-b03a-d39b8f9b3451"><testcase classname="backend.tests.test_compliance_sync.TestComplianceTodayEndpoint" name="test_get_today_compliance_returns_200" time="0.232" /><testcase classname="backend.tests.test_compliance_sync.TestComplianceTodayEndpoint" name="test_get_today_compliance_returns_correct_structure" time="0.132" /><testcase classname="backend.tests.test_compliance_sync.TestComplianceTodayEndpoint" name="test_get_today_compliance_taken_ids_match_supplements" time="0.135" /><testcase classname="backend.tests.test_compliance_sync.TestComplianceTodayEndpoint" name="test_get_today_compliance_nonexistent_profile" time="0.117" /><testcase classname="backend.tests.test_compliance_sync.TestCompleteSupplementsEndpoint" name="test_complete_supplements_returns_200" time="0.109" /><testcase classname="backend.tests.test_compliance_sync.TestCompleteSupplementsEndpoint" name="test_complete_supplements_creates_compliance_entry" time="0.160" /><testcase classname="backend.tests.test_compliance_sync.TestCompleteSupplementsEndpoint" name="test_complete_supplements_no_duplicates" time="0.197" /><testcase classname="backend.tests.test_compliance_sync.TestCompleteSupplementsEndpoint" name="test_complete_multiple_supplements_at_once" time="0.230" /><testcase classname="backend.tests.test_compliance_sync.TestComplianceSynchronization" name="test_supplements_marked_on_home_appear_on_plan" time="0.203" /><testcase classname="backend.tests.test_compliance_sync.TestComplianceSynchronization" name="test_existing_compliance_preserved_when_adding_new" time="0.222" /><testcase classname="backend.tests.test_compliance_sync.TestProductsCacheControl" name="test_products_by_nutrient_has_cache_control_no_store" time="0.113" /><testcase classname="backend.tests.test_compliance_sync.TestProductsCacheControl" name="test_products_by_nutrient_multiple_nutrients" time="0.286" /><testcase classname="backend.tests.test_compliance_sync.TestExistingComplianceData" name="test_existing_compliance_data_accessible" time="0.095" /></testsuite></testsuites>