<?xml version="1.0" encoding="utf-8"?><testsuites name="pytest tests"><testsuite name="pytest" errors="0" failures="0" skipped="0" tests="11" time="70.698" timestamp="2026-03-02T13:41:52.865691+00:00" hostname="agent-env-b0511335-4021-4bf5-ac0c-1138900f7477"><testcase classname="backend.tests.test_correlation_analysis.TestCorrelationAnalysisEndpoint" name="test_correlation_analysis_30_days_german" time="7.851" /><testcase classname="backend.tests.test_correlation_analysis.TestCorrelationAnalysisEndpoint" name="test_correlation_analysis_14_days" time="6.537" /><testcase classname="backend.tests.test_correlation_analysis.TestCorrelationAnalysisEndpoint" name="test_correlation_analysis_60_days" time="6.256" /><testcase classname="backend.tests.test_correlation_analysis.TestCorrelationAnalysisEndpoint" name="test_correlation_analysis_italian" time="10.875" /><testcase classname="backend.tests.test_correlation_analysis.TestCorrelationAnalysisEndpoint" name="test_correlation_analysis_invalid_days_defaults_to_30" time="7.827" /><testcase classname="backend.tests.test_correlation_analysis.TestCorrelationAnalysisEndpoint" name="test_correlation_analysis_insufficient_data" time="0.133" /><testcase classname="backend.tests.test_correlation_analysis.TestCorrelationAnalysisResponseStructure" name="test_supplement_compliance_structure" time="4.909" /><testcase classname="backend.tests.test_correlation_analysis.TestCorrelationAnalysisResponseStructure" name="test_symptom_trends_structure" time="8.840" /><testcase classname="backend.tests.test_correlation_analysis.TestCorrelationAnalysisResponseStructure" name="test_overall_trend_structure" time="5.617" /><testcase classname="backend.tests.test_correlation_analysis.TestCorrelationAnalysisResponseStructure" name="test_correlations_structure" time="5.475" /><testcase classname="backend.tests.test_correlation_analysis.TestCorrelationAnalysisResponseStructure" name="test_llm_insights_structure" time="6.307" /></testsuite></testsuites>