<?xml version="1.0" encoding="utf-8"?><testsuites name="pytest tests"><testsuite name="pytest" errors="0" failures="0" skipped="0" tests="9" time="1.410" timestamp="2026-03-03T18:28:20.556716+00:00" hostname="agent-env-c564fc7d-f40e-4f15-b0a0-7652349a0f51"><testcase classname="backend.tests.test_daily_tasks.TestDailyTasksAPI" name="test_get_daily_tasks_german_with_plan" time="0.228" /><testcase classname="backend.tests.test_daily_tasks.TestDailyTasksAPI" name="test_get_daily_tasks_italian_with_plan" time="0.117" /><testcase classname="backend.tests.test_daily_tasks.TestDailyTasksAPI" name="test_get_daily_tasks_nonexistent_profile" time="0.152" /><testcase classname="backend.tests.test_daily_tasks.TestDailyTasksAPI" name="test_task_priority_ordering" time="0.148" /><testcase classname="backend.tests.test_daily_tasks.TestDailyTasksAPI" name="test_supplement_task_structure" time="0.183" /><testcase classname="backend.tests.test_daily_tasks.TestDailyTasksAPI" name="test_tracking_task_structure" time="0.120" /><testcase classname="backend.tests.test_daily_tasks.TestDailyTasksAPI" name="test_goal_task_structure" time="0.128" /><testcase classname="backend.tests.test_daily_tasks.TestDailyTasksAPI" name="test_max_three_tasks_limit" time="0.102" /><testcase classname="backend.tests.test_daily_tasks.TestDailyTasksAPI" name="test_cta_routes_valid" time="0.161" /></testsuite></testsuites>