<?xml version="1.0" encoding="utf-8"?><testsuites name="pytest tests"><testsuite name="pytest" errors="0" failures="0" skipped="0" tests="15" time="3.031" timestamp="2026-03-15T12:58:35.581193+00:00" hostname="agent-env-f62d29d4-8a7d-4dd4-9019-7fd5fde1536c"><testcase classname="backend.tests.test_daily_plan_supplements.TestDailyPlanWithSupplements" name="test_daily_plan_returns_both_supplements_and_medications" time="0.241" /><testcase classname="backend.tests.test_daily_plan_supplements.TestDailyPlanWithSupplements" name="test_daily_plan_supplements_have_correct_structure" time="0.132" /><testcase classname="backend.tests.test_daily_plan_supplements.TestDailyPlanWithSupplements" name="test_daily_plan_german_labels" time="0.105" /><testcase classname="backend.tests.test_daily_plan_supplements.TestDailyPlanWithSupplements" name="test_daily_plan_items_grouped_by_timing" time="0.131" /><testcase classname="backend.tests.test_daily_plan_supplements.TestSupplementCheckInWithDailyPlan" name="test_supplement_checkin_toggle_and_verify_in_plan" time="0.440" /><testcase classname="backend.tests.test_daily_plan_supplements.TestSupplementCheckInWithDailyPlan" name="test_supplement_checkin_with_vitamin_d_morning" time="0.209" /><testcase classname="backend.tests.test_daily_plan_supplements.TestMedicationCheckIn" name="test_medication_checkin_toggle" time="0.410" /><testcase classname="backend.tests.test_daily_plan_supplements.TestMedicationCheckIn" name="test_medication_appears_in_daily_plan" time="0.260" /><testcase classname="backend.tests.test_daily_plan_supplements.TestReminderCRUD" name="test_get_reminders" time="0.107" /><testcase classname="backend.tests.test_daily_plan_supplements.TestReminderCRUD" name="test_get_reminders_404_for_unknown_profile" time="0.153" /><testcase classname="backend.tests.test_daily_plan_supplements.TestReminderCRUD" name="test_put_reminders_updates_settings" time="0.214" /><testcase classname="backend.tests.test_daily_plan_supplements.TestReminderCRUD" name="test_put_reminders_with_shift_cycle" time="0.236" /><testcase classname="backend.tests.test_daily_plan_supplements.TestReminderCRUD" name="test_put_reminders_404_for_unknown_profile" time="0.110" /><testcase classname="backend.tests.test_daily_plan_supplements.TestSupplementPlanEndpoint" name="test_supplement_plan_weekly_schedule_structure" time="0.105" /><testcase classname="backend.tests.test_daily_plan_supplements.TestCleanup" name="test_cleanup_test_medications" time="0.098" /></testsuite></testsuites>