<?xml version="1.0" encoding="utf-8"?><testsuites name="pytest tests"><testsuite name="pytest" errors="0" failures="0" skipped="0" tests="9" time="1.720" timestamp="2026-03-03T18:39:50.394215+00:00" hostname="agent-env-c564fc7d-f40e-4f15-b0a0-7652349a0f51"><testcase classname="backend.tests.test_daily_tasks_interactive.TestCompleteSupplementsAPI" name="test_complete_supplements_success" time="0.192" /><testcase classname="backend.tests.test_daily_tasks_interactive.TestCompleteSupplementsAPI" name="test_complete_supplements_empty_ids" time="0.105" /><testcase classname="backend.tests.test_daily_tasks_interactive.TestCompleteSupplementsAPI" name="test_complete_supplements_updates_daily_tasks" time="0.395" /><testcase classname="backend.tests.test_daily_tasks_interactive.TestCompleteSupplementsAPI" name="test_complete_supplements_returns_items_structure" time="0.110" /><testcase classname="backend.tests.test_daily_tasks_interactive.TestCompleteSymptomCheckAPI" name="test_complete_symptom_check_success" time="0.142" /><testcase classname="backend.tests.test_daily_tasks_interactive.TestCompleteSymptomCheckAPI" name="test_complete_symptom_check_updates_daily_tasks" time="0.240" /><testcase classname="backend.tests.test_daily_tasks_interactive.TestCompleteSymptomCheckAPI" name="test_complete_symptom_check_min_max_values" time="0.235" /><testcase classname="backend.tests.test_daily_tasks_interactive.TestDailyTasksIntegration" name="test_all_tasks_completed_shows_success" time="0.119" /><testcase classname="backend.tests.test_daily_tasks_interactive.TestDailyTasksIntegration" name="test_plan_progress_task_has_cta_route" time="0.120" /></testsuite></testsuites>