<?xml version="1.0" encoding="utf-8"?><testsuites name="pytest tests"><testsuite name="pytest" errors="0" failures="0" skipped="0" tests="27" time="70.959" timestamp="2026-04-11T19:05:20.553602+00:00" hostname="agent-env-dc10796b-1c95-429a-a994-a4a8dbe31b5e"><testcase classname="tests.test_daily_plan.TestDailyPlanEndpoint" name="test_daily_plan_returns_200" time="1.405" /><testcase classname="tests.test_daily_plan.TestDailyPlanEndpoint" name="test_daily_plan_has_required_fields" time="1.266" /><testcase classname="tests.test_daily_plan.TestDailyPlanEndpoint" name="test_daily_plan_sections_structure" time="1.260" /><testcase classname="tests.test_daily_plan.TestDailyPlanEndpoint" name="test_daily_plan_task_structure" time="1.222" /><testcase classname="tests.test_daily_plan.TestDailyPlanEndpoint" name="test_daily_plan_includes_supplements" time="1.237" /><testcase classname="tests.test_daily_plan.TestDailyPlanEndpoint" name="test_daily_plan_includes_medications" time="1.256" /><testcase classname="tests.test_daily_plan.TestDailyPlanEndpoint" name="test_daily_plan_includes_water_task" time="1.263" /><testcase classname="tests.test_daily_plan.TestDailyPlanEndpoint" name="test_daily_plan_includes_stress_task" time="1.309" /><testcase classname="tests.test_daily_plan.TestDailyPlanEndpoint" name="test_daily_plan_includes_diary_task" time="1.245" /><testcase classname="tests.test_daily_plan.TestDailyPlanEndpoint" name="test_daily_plan_level_info" time="1.231" /><testcase classname="tests.test_daily_plan.TestDailyPlanEndpoint" name="test_daily_plan_vero_message" time="1.224" /><testcase classname="tests.test_daily_plan.TestDailyPlanEndpoint" name="test_daily_plan_completion_stats" time="1.236" /><testcase classname="tests.test_daily_plan.TestDailyPlanEndpoint" name="test_daily_plan_italian_language" time="1.244" /><testcase classname="tests.test_daily_plan.TestWeeklySummaryEndpoint" name="test_weekly_summary_returns_200" time="7.628" /><testcase classname="tests.test_daily_plan.TestWeeklySummaryEndpoint" name="test_weekly_summary_has_required_fields" time="5.679" /><testcase classname="tests.test_daily_plan.TestWeeklySummaryEndpoint" name="test_weekly_summary_has_7_days" time="5.668" /><testcase classname="tests.test_daily_plan.TestWeeklySummaryEndpoint" name="test_weekly_summary_day_structure" time="5.677" /><testcase classname="tests.test_daily_plan.TestWeeklySummaryEndpoint" name="test_weekly_summary_has_today" time="5.642" /><testcase classname="tests.test_daily_plan.TestWeeklySummaryEndpoint" name="test_weekly_summary_german_labels" time="5.620" /><testcase classname="tests.test_daily_plan.TestWeeklySummaryEndpoint" name="test_weekly_summary_italian_labels" time="5.640" /><testcase classname="tests.test_daily_plan.TestWeeklySummaryEndpoint" name="test_weekly_summary_score_calculation" time="5.645" /><testcase classname="tests.test_daily_plan.TestLevelSystem" name="test_level_starts_at_1" time="1.249" /><testcase classname="tests.test_daily_plan.TestLevelSystem" name="test_level_progress_percentage" time="1.243" /><testcase classname="tests.test_daily_plan.TestTaskTimingGroups" name="test_timing_labels_german" time="1.263" /><testcase classname="tests.test_daily_plan.TestTaskTimingGroups" name="test_timing_labels_italian" time="1.228" /><testcase classname="tests.test_daily_plan.TestNewProfileHandling" name="test_new_profile_returns_200" time="1.142" /><testcase classname="tests.test_daily_plan.TestNewProfileHandling" name="test_new_profile_has_base_tasks" time="1.147" /></testsuite></testsuites>