<?xml version="1.0" encoding="utf-8"?><testsuites name="pytest tests"><testsuite name="pytest" errors="0" failures="0" skipped="0" tests="8" time="40.995" timestamp="2026-03-03T19:25:45.463502+00:00" hostname="agent-env-c564fc7d-f40e-4f15-b0a0-7652349a0f51"><testcase classname="backend.tests.test_datadriven_summary.TestDataDrivenSummaryGeneration" name="test_generate_plan_summary_no_generic_greeting_de" time="6.902" /><testcase classname="backend.tests.test_datadriven_summary.TestDataDrivenSummaryGeneration" name="test_summary_contains_specific_data_points" time="6.140" /><testcase classname="backend.tests.test_datadriven_summary.TestDataDrivenSummaryGeneration" name="test_summary_references_health_drivers" time="5.610" /><testcase classname="backend.tests.test_datadriven_summary.TestHealthDriverIdentification" name="test_high_stress_profile_identifies_stress_as_driver" time="6.009" /><testcase classname="backend.tests.test_datadriven_summary.TestHealthDriverIdentification" name="test_poor_sleep_profile_identifies_sleep_as_driver" time="6.098" /><testcase classname="backend.tests.test_datadriven_summary.TestHealthDriverIdentification" name="test_combined_stress_sleep_profile" time="5.254" /><testcase classname="backend.tests.test_datadriven_summary.TestFallbackSummary" name="test_fallback_summary_structure" time="0.130" /><testcase classname="backend.tests.test_datadriven_summary.TestSummaryWordCount" name="test_summary_word_count_limit" time="4.745" /></testsuite></testsuites>