<?xml version="1.0" encoding="utf-8"?><testsuites name="pytest tests"><testsuite name="pytest" errors="0" failures="0" skipped="0" tests="22" time="10.515" timestamp="2026-05-04T06:48:01.808971+00:00" hostname="agent-env-dc10796b-1c95-429a-a994-a4a8dbe31b5e"><testcase classname="backend.tests.test_weight_metabolism_day_plan.TestScheduleNew" name="test_put_new_form_16h" time="0.584" /><testcase classname="backend.tests.test_weight_metabolism_day_plan.TestScheduleNew" name="test_put_new_form_15h" time="0.272" /><testcase classname="backend.tests.test_weight_metabolism_day_plan.TestScheduleNew" name="test_put_new_form_14h" time="0.276" /><testcase classname="backend.tests.test_weight_metabolism_day_plan.TestScheduleLegacy" name="test_put_legacy_form" time="0.288" /><testcase classname="backend.tests.test_weight_metabolism_day_plan.TestScheduleValidation" name="test_missing_both_forms" time="0.059" /><testcase classname="backend.tests.test_weight_metabolism_day_plan.TestScheduleValidation" name="test_duration_too_low" time="0.057" /><testcase classname="backend.tests.test_weight_metabolism_day_plan.TestScheduleValidation" name="test_duration_too_high" time="0.061" /><testcase classname="backend.tests.test_weight_metabolism_day_plan.TestScheduleValidation" name="test_invalid_time_format" time="0.078" /><testcase classname="backend.tests.test_weight_metabolism_day_plan.TestDayPlanInactive" name="test_no_schedule_returns_inactive" time="0.190" /><testcase classname="backend.tests.test_weight_metabolism_day_plan.TestDayPlanActive" name="test_day_plan_4_events" time="0.600" /><testcase classname="backend.tests.test_weight_metabolism_day_plan.TestDayPlanActive" name="test_event_times_correct" time="0.280" /><testcase classname="backend.tests.test_weight_metabolism_day_plan.TestDayPlanActive" name="test_water_ml_per_event" time="0.289" /><testcase classname="backend.tests.test_weight_metabolism_day_plan.TestDayPlanActive" name="test_status_present" time="0.309" /><testcase classname="backend.tests.test_weight_metabolism_day_plan.TestDayPlanActive" name="test_next_event_unchecked" time="0.305" /><testcase classname="backend.tests.test_weight_metabolism_day_plan.TestDayPlanCheck" name="test_check_shake1_done" time="0.936" /><testcase classname="backend.tests.test_weight_metabolism_day_plan.TestDayPlanCheck" name="test_water_auto_logged" time="0.000" /><testcase classname="backend.tests.test_weight_metabolism_day_plan.TestDayPlanCheck" name="test_check_all_four" time="1.880" /><testcase classname="backend.tests.test_weight_metabolism_day_plan.TestDayPlanCheck" name="test_uncheck_event" time="0.378" /><testcase classname="backend.tests.test_weight_metabolism_day_plan.TestDayPlanCheck" name="test_invalid_event_key" time="0.045" /><testcase classname="backend.tests.test_weight_metabolism_day_plan.TestWaterAutoLog" name="test_water_logged_with_source" time="2.522" /><testcase classname="backend.tests.test_weight_metabolism_day_plan.TestNoIdLeak" name="test_schedule_get_no_id" time="0.424" /><testcase classname="backend.tests.test_weight_metabolism_day_plan.TestNoIdLeak" name="test_day_plan_no_id" time="0.545" /></testsuite></testsuites>