<?xml version="1.0" encoding="utf-8"?><testsuites name="pytest tests"><testsuite name="pytest" errors="0" failures="0" skipped="0" tests="7" time="14.171" timestamp="2026-02-27T14:11:33.678273+00:00" hostname="agent-env-fbdb8937-7fa1-4732-8c01-d163e8e19c4a"><testcase classname="backend.tests.test_diary_api.TestDiaryEntry" name="test_create_diary_entry_success" time="0.150" /><testcase classname="backend.tests.test_diary_api.TestDiaryEntry" name="test_diary_entry_validation_clamps_values" time="0.103" /><testcase classname="backend.tests.test_diary_api.TestDiaryRetrieval" name="test_get_diary_entries_default" time="0.119" /><testcase classname="backend.tests.test_diary_api.TestDiaryRetrieval" name="test_get_diary_entries_with_days_parameter" time="0.178" /><testcase classname="backend.tests.test_diary_api.TestDiaryUpsert" name="test_diary_upsert_same_date_updates_entry" time="0.362" /><testcase classname="backend.tests.test_diary_api.TestDiaryTrends" name="test_get_diary_trends_with_insufficient_data" time="6.140" /><testcase classname="backend.tests.test_diary_api.TestDiaryTrends" name="test_get_diary_trends_with_sufficient_data" time="7.070" /></testsuite></testsuites>