<?xml version="1.0" encoding="utf-8"?><testsuites name="pytest tests"><testsuite name="pytest" errors="1" failures="0" skipped="0" tests="1" time="0.140" timestamp="2026-02-27T14:10:42.802629+00:00" hostname="agent-env-fbdb8937-7fa1-4732-8c01-d163e8e19c4a"><testcase classname="" name="backend.tests.test_diary_api" time="0.000"><error message="collection failure">backend/tests/test_diary_api.py:12: in &lt;module&gt;
    raise ValueError("EXPO_PUBLIC_BACKEND_URL not found in environment")
E   ValueError: EXPO_PUBLIC_BACKEND_URL not found in environment</error></testcase></testsuite></testsuites>