<?xml version="1.0" encoding="utf-8"?><testsuites name="pytest tests"><testsuite name="pytest" errors="0" failures="0" skipped="0" tests="4" time="0.963" timestamp="2026-03-03T10:10:45.160530+00:00" hostname="agent-env-5bb527f2-3219-4452-9d51-24da12b0f6a1"><testcase classname="backend.tests.test_email_export.TestEmailExportEndpoint" name="test_email_export_nonexistent_profile" time="0.260" /><testcase classname="backend.tests.test_email_export.TestEmailExportEndpoint" name="test_email_export_invalid_request_body_missing_fields" time="0.123" /><testcase classname="backend.tests.test_email_export.TestEmailExportEndpoint" name="test_email_export_invalid_request_body_missing_email" time="0.352" /><testcase classname="backend.tests.test_email_export.TestEmailExportEndpoint" name="test_email_export_empty_request_body" time="0.129" /></testsuite></testsuites>