<?xml version="1.0" encoding="utf-8"?><testsuites name="pytest tests"><testsuite name="pytest" errors="0" failures="0" skipped="0" tests="5" time="0.753" timestamp="2026-03-02T14:41:59.012636+00:00" hostname="agent-env-b0511335-4021-4bf5-ac0c-1138900f7477"><testcase classname="backend.tests.test_evidence_levels.TestEvidenceLevels" name="test_supplement_plan_returns_evidence_fields" time="0.255" /><testcase classname="backend.tests.test_evidence_levels.TestEvidenceLevels" name="test_evidence_level_high_supplements" time="0.110" /><testcase classname="backend.tests.test_evidence_levels.TestEvidenceLevels" name="test_evidence_level_medium_supplements" time="0.112" /><testcase classname="backend.tests.test_evidence_levels.TestEvidenceLevels" name="test_supplement_stack_fields_structure" time="0.114" /><testcase classname="backend.tests.test_evidence_levels.TestInteractionAnalysisStillWorks" name="test_interaction_analysis_endpoint" time="0.107" /></testsuite></testsuites>