<?xml version="1.0" encoding="utf-8"?><testsuites name="pytest tests"><testsuite name="pytest" errors="0" failures="0" skipped="0" tests="10" time="1.465" timestamp="2026-03-03T20:18:55.701026+00:00" hostname="agent-env-014393b2-144f-44ee-a881-f4cdd34ffe6b"><testcase classname="backend.tests.test_extended_personalization.TestDailyTasksPersonalization" name="test_daily_tasks_returns_first_name_german" time="0.316" /><testcase classname="backend.tests.test_extended_personalization.TestDailyTasksPersonalization" name="test_daily_tasks_symptom_check_personalized_title_german" time="0.115" /><testcase classname="backend.tests.test_extended_personalization.TestDailyTasksPersonalization" name="test_daily_tasks_symptom_check_personalized_title_italian" time="0.125" /><testcase classname="backend.tests.test_extended_personalization.TestDailyTasksPersonalization" name="test_daily_tasks_supplement_reason_personalized_german" time="0.125" /><testcase classname="backend.tests.test_extended_personalization.TestDailyTasksPersonalization" name="test_daily_tasks_without_first_name" time="0.153" /><testcase classname="backend.tests.test_extended_personalization.TestAchievementsPersonalization" name="test_achievements_returns_first_name" time="0.125" /><testcase classname="backend.tests.test_extended_personalization.TestAchievementsPersonalization" name="test_achievements_streak_label_personalized_german" time="0.114" /><testcase classname="backend.tests.test_extended_personalization.TestAchievementsPersonalization" name="test_achievements_streak_label_personalized_italian" time="0.106" /><testcase classname="backend.tests.test_extended_personalization.TestAchievementsPersonalization" name="test_achievements_without_first_name" time="0.122" /><testcase classname="backend.tests.test_extended_personalization.TestHealthProfileFirstName" name="test_health_profile_returns_first_name" time="0.115" /></testsuite></testsuites>