<?xml version="1.0" encoding="utf-8"?><testsuites name="pytest tests"><testsuite name="pytest" errors="0" failures="0" skipped="0" tests="7" time="1.568" timestamp="2026-03-03T20:01:31.235234+00:00" hostname="agent-env-014393b2-144f-44ee-a881-f4cdd34ffe6b"><testcase classname="tests.test_first_name_personalization.TestFirstNamePersonalization" name="test_create_profile_with_first_name" time="0.352" /><testcase classname="tests.test_first_name_personalization.TestFirstNamePersonalization" name="test_get_existing_profile_with_first_name" time="0.107" /><testcase classname="tests.test_first_name_personalization.TestFirstNamePersonalization" name="test_create_profile_without_first_name" time="0.325" /><testcase classname="tests.test_first_name_personalization.TestFirstNamePersonalization" name="test_create_profile_with_empty_string_first_name" time="0.258" /><testcase classname="tests.test_first_name_personalization.TestFirstNamePersonalization" name="test_profile_not_found_returns_404" time="0.153" /><testcase classname="tests.test_first_name_personalization.TestOnboardingOptions" name="test_get_onboarding_options_de" time="0.131" /><testcase classname="tests.test_first_name_personalization.TestOnboardingOptions" name="test_get_onboarding_options_it" time="0.147" /></testsuite></testsuites>