<?xml version="1.0" encoding="utf-8"?><testsuites name="pytest tests"><testsuite name="pytest" errors="0" failures="0" skipped="0" tests="6" time="12.475" timestamp="2026-03-02T11:14:30.619663+00:00" hostname="agent-env-68720362-e55f-4aef-a2b1-9beab3219c47"><testcase classname="backend.tests.test_health_score.TestHealthScoreAPI" name="test_health_score_german" time="3.617" /><testcase classname="backend.tests.test_health_score.TestHealthScoreAPI" name="test_health_score_italian" time="1.779" /><testcase classname="backend.tests.test_health_score.TestHealthScoreAPI" name="test_health_score_nonexistent_profile_404" time="0.151" /><testcase classname="backend.tests.test_health_score.TestHealthScoreAPI" name="test_health_score_default_lang" time="2.009" /><testcase classname="backend.tests.test_health_score.TestHealthScoreAPI" name="test_health_score_response_structure" time="2.059" /><testcase classname="backend.tests.test_health_score.TestHealthScoreAPI" name="test_health_score_color_coding_ranges" time="2.756" /></testsuite></testsuites>