<?xml version="1.0" encoding="utf-8"?><testsuites name="pytest tests"><testsuite name="pytest" errors="2" failures="6" skipped="0" tests="16" time="2.281" timestamp="2026-02-28T13:28:12.627751+00:00" hostname="agent-env-252e4976-ed5d-448b-a1f8-414d99b93cf6"><testcase classname="backend.tests.test_health_onboarding.TestOnboardingOptions" name="test_get_onboarding_options_german" time="0.155" /><testcase classname="backend.tests.test_health_onboarding.TestOnboardingOptions" name="test_get_onboarding_options_italian" time="0.104" /><testcase classname="backend.tests.test_health_onboarding.TestOnboardingOptions" name="test_onboarding_options_has_all_categories" time="0.098" /><testcase classname="backend.tests.test_health_onboarding.TestHealthProfileCreation" name="test_create_full_health_profile" time="0.151" /><testcase classname="backend.tests.test_health_onboarding.TestHealthProfileCreation" name="test_create_minimal_health_profile" time="0.145"><failure message="assert 500 == 200&#10; +  where 500 = &lt;Response [500]&gt;.status_code">backend/tests/test_health_onboarding.py:152: in test_create_minimal_health_profile
    assert response.status_code == 200
E   assert 500 == 200
E    +  where 500 = &lt;Response [500]&gt;.status_code</failure></testcase><testcase classname="backend.tests.test_health_onboarding.TestHealthProfileCreation" name="test_create_profile_italian_language" time="0.100"><failure message="assert 500 == 200&#10; +  where 500 = &lt;Response [500]&gt;.status_code">backend/tests/test_health_onboarding.py:174: in test_create_profile_italian_language
    assert response.status_code == 200
E   assert 500 == 200
E    +  where 500 = &lt;Response [500]&gt;.status_code</failure></testcase><testcase classname="backend.tests.test_health_onboarding.TestHealthProfileRetrieval" name="test_get_health_profile_by_id" time="0.244" /><testcase classname="backend.tests.test_health_onboarding.TestHealthProfileRetrieval" name="test_get_nonexistent_profile_returns_404" time="0.100" /><testcase classname="backend.tests.test_health_onboarding.TestHealthProfileUpdate" name="test_update_health_profile" time="0.207" /><testcase classname="backend.tests.test_health_onboarding.TestHealthProfileUpdate" name="test_update_nonexistent_profile_returns_404" time="0.138" /><testcase classname="backend.tests.test_health_onboarding.TestHealthAssessmentEndpoint" name="test_get_assessment_regeneration" time="0.098"><error message="failed on setup with &quot;requests.exceptions.JSONDecodeError: Expecting value: line 1 column 1 (char 0)&quot;">/root/.venv/lib/python3.11/site-packages/requests/models.py:976: in json
    return complexjson.loads(self.text, **kwargs)
           ^^^^^^^^^^^^^^^^^^^^^^^^^^^^^^^^^^^^^^
/usr/local/lib/python3.11/json/__init__.py:346: in loads
    return _default_decoder.decode(s)
           ^^^^^^^^^^^^^^^^^^^^^^^^^^
/usr/local/lib/python3.11/json/decoder.py:337: in decode
    obj, end = self.raw_decode(s, idx=_w(s, 0).end())
               ^^^^^^^^^^^^^^^^^^^^^^^^^^^^^^^^^^^^^^
/usr/local/lib/python3.11/json/decoder.py:355: in raw_decode
    raise JSONDecodeError("Expecting value", s, err.value) from None
E   json.decoder.JSONDecodeError: Expecting value: line 1 column 1 (char 0)

During handling of the above exception, another exception occurred:
backend/tests/test_health_onboarding.py:313: in created_profile_id
    return response.json()['profile_id']
           ^^^^^^^^^^^^^^^
/root/.venv/lib/python3.11/site-packages/requests/models.py:980: in json
    raise RequestsJSONDecodeError(e.msg, e.doc, e.pos)
E   requests.exceptions.JSONDecodeError: Expecting value: line 1 column 1 (char 0)</error></testcase><testcase classname="backend.tests.test_health_onboarding.TestHealthAssessmentEndpoint" name="test_get_assessment_italian" time="0.101"><error message="failed on setup with &quot;requests.exceptions.JSONDecodeError: Expecting value: line 1 column 1 (char 0)&quot;">/root/.venv/lib/python3.11/site-packages/requests/models.py:976: in json
    return complexjson.loads(self.text, **kwargs)
           ^^^^^^^^^^^^^^^^^^^^^^^^^^^^^^^^^^^^^^
/usr/local/lib/python3.11/json/__init__.py:346: in loads
    return _default_decoder.decode(s)
           ^^^^^^^^^^^^^^^^^^^^^^^^^^
/usr/local/lib/python3.11/json/decoder.py:337: in decode
    obj, end = self.raw_decode(s, idx=_w(s, 0).end())
               ^^^^^^^^^^^^^^^^^^^^^^^^^^^^^^^^^^^^^^
/usr/local/lib/python3.11/json/decoder.py:355: in raw_decode
    raise JSONDecodeError("Expecting value", s, err.value) from None
E   json.decoder.JSONDecodeError: Expecting value: line 1 column 1 (char 0)

During handling of the above exception, another exception occurred:
backend/tests/test_health_onboarding.py:313: in created_profile_id
    return response.json()['profile_id']
           ^^^^^^^^^^^^^^^
/root/.venv/lib/python3.11/site-packages/requests/models.py:980: in json
    raise RequestsJSONDecodeError(e.msg, e.doc, e.pos)
E   requests.exceptions.JSONDecodeError: Expecting value: line 1 column 1 (char 0)</error></testcase><testcase classname="backend.tests.test_health_onboarding.TestRiskAssessmentLogic" name="test_vegan_triggers_b12_and_iron_risks" time="0.100"><failure message="assert 500 == 200&#10; +  where 500 = &lt;Response [500]&gt;.status_code">backend/tests/test_health_onboarding.py:361: in test_vegan_triggers_b12_and_iron_risks
    assert response.status_code == 200
E   assert 500 == 200
E    +  where 500 = &lt;Response [500]&gt;.status_code</failure></testcase><testcase classname="backend.tests.test_health_onboarding.TestRiskAssessmentLogic" name="test_high_stress_triggers_magnesium_risk" time="0.094"><failure message="assert 500 == 200&#10; +  where 500 = &lt;Response [500]&gt;.status_code">backend/tests/test_health_onboarding.py:381: in test_high_stress_triggers_magnesium_risk
    assert response.status_code == 200
E   assert 500 == 200
E    +  where 500 = &lt;Response [500]&gt;.status_code</failure></testcase><testcase classname="backend.tests.test_health_onboarding.TestRiskAssessmentLogic" name="test_senior_age_triggers_vitamin_d_risk" time="0.105"><failure message="assert 500 == 200&#10; +  where 500 = &lt;Response [500]&gt;.status_code">backend/tests/test_health_onboarding.py:397: in test_senior_age_triggers_vitamin_d_risk
    assert response.status_code == 200
E   assert 500 == 200
E    +  where 500 = &lt;Response [500]&gt;.status_code</failure></testcase><testcase classname="backend.tests.test_health_onboarding.TestRiskAssessmentLogic" name="test_bmi_calculations" time="0.103"><failure message="requests.exceptions.JSONDecodeError: Expecting value: line 1 column 1 (char 0)">/root/.venv/lib/python3.11/site-packages/requests/models.py:976: in json
    return complexjson.loads(self.text, **kwargs)
           ^^^^^^^^^^^^^^^^^^^^^^^^^^^^^^^^^^^^^^
/usr/local/lib/python3.11/json/__init__.py:346: in loads
    return _default_decoder.decode(s)
           ^^^^^^^^^^^^^^^^^^^^^^^^^^
/usr/local/lib/python3.11/json/decoder.py:337: in decode
    obj, end = self.raw_decode(s, idx=_w(s, 0).end())
               ^^^^^^^^^^^^^^^^^^^^^^^^^^^^^^^^^^^^^^
/usr/local/lib/python3.11/json/decoder.py:355: in raw_decode
    raise JSONDecodeError("Expecting value", s, err.value) from None
E   json.decoder.JSONDecodeError: Expecting value: line 1 column 1 (char 0)

During handling of the above exception, another exception occurred:
backend/tests/test_health_onboarding.py:409: in test_bmi_calculations
    bmi = response.json()['assessment']['bmi']
          ^^^^^^^^^^^^^^^
/root/.venv/lib/python3.11/site-packages/requests/models.py:980: in json
    raise RequestsJSONDecodeError(e.msg, e.doc, e.pos)
E   requests.exceptions.JSONDecodeError: Expecting value: line 1 column 1 (char 0)</failure></testcase></testsuite></testsuites>