<?xml version="1.0" encoding="utf-8"?><testsuites name="pytest tests"><testsuite name="pytest" errors="0" failures="0" skipped="0" tests="10" time="1.396" timestamp="2026-02-28T14:21:08.361640+00:00" hostname="agent-env-252e4976-ed5d-448b-a1f8-414d99b93cf6"><testcase classname="backend.tests.test_health_profile_api.TestHealthProfileAPI" name="test_get_health_profile_success" time="0.172" /><testcase classname="backend.tests.test_health_profile_api.TestHealthProfileAPI" name="test_get_health_profile_deficiencies_structure" time="0.114" /><testcase classname="backend.tests.test_health_profile_api.TestHealthProfileAPI" name="test_get_health_profile_bmi_calculation" time="0.105" /><testcase classname="backend.tests.test_health_profile_api.TestHealthProfileAPI" name="test_get_health_profile_priority_areas" time="0.126" /><testcase classname="backend.tests.test_health_profile_api.TestHealthProfileAPI" name="test_get_health_profile_not_found" time="0.116" /><testcase classname="backend.tests.test_health_profile_api.TestHealthProfileAPI" name="test_get_health_assessment_endpoint" time="0.147" /><testcase classname="backend.tests.test_health_profile_api.TestHealthProfileAPI" name="test_create_health_profile" time="0.207" /><testcase classname="backend.tests.test_health_profile_api.TestSupplementPlanIntegration" name="test_get_supplement_plan_for_profile" time="0.106" /><testcase classname="backend.tests.test_health_profile_api.TestOnboardingOptions" name="test_get_onboarding_options" time="0.110" /><testcase classname="backend.tests.test_health_profile_api.TestOnboardingOptions" name="test_onboarding_options_structure" time="0.121" /></testsuite></testsuites>