<?xml version="1.0" encoding="utf-8"?><testsuites name="pytest tests"><testsuite name="pytest" errors="0" failures="0" skipped="0" tests="16" time="2.355" timestamp="2026-02-28T13:29:08.241835+00:00" hostname="agent-env-252e4976-ed5d-448b-a1f8-414d99b93cf6"><testcase classname="backend.tests.test_health_onboarding.TestOnboardingOptions" name="test_get_onboarding_options_german" time="0.113" /><testcase classname="backend.tests.test_health_onboarding.TestOnboardingOptions" name="test_get_onboarding_options_italian" time="0.122" /><testcase classname="backend.tests.test_health_onboarding.TestOnboardingOptions" name="test_onboarding_options_has_all_categories" time="0.093" /><testcase classname="backend.tests.test_health_onboarding.TestHealthProfileCreation" name="test_create_full_health_profile" time="0.096" /><testcase classname="backend.tests.test_health_onboarding.TestHealthProfileCreation" name="test_create_minimal_health_profile" time="0.094" /><testcase classname="backend.tests.test_health_onboarding.TestHealthProfileCreation" name="test_create_profile_italian_language" time="0.103" /><testcase classname="backend.tests.test_health_onboarding.TestHealthProfileRetrieval" name="test_get_health_profile_by_id" time="0.217" /><testcase classname="backend.tests.test_health_onboarding.TestHealthProfileRetrieval" name="test_get_nonexistent_profile_returns_404" time="0.100" /><testcase classname="backend.tests.test_health_onboarding.TestHealthProfileUpdate" name="test_update_health_profile" time="0.219" /><testcase classname="backend.tests.test_health_onboarding.TestHealthProfileUpdate" name="test_update_nonexistent_profile_returns_404" time="0.095" /><testcase classname="backend.tests.test_health_onboarding.TestHealthAssessmentEndpoint" name="test_get_assessment_regeneration" time="0.195" /><testcase classname="backend.tests.test_health_onboarding.TestHealthAssessmentEndpoint" name="test_get_assessment_italian" time="0.211" /><testcase classname="backend.tests.test_health_onboarding.TestRiskAssessmentLogic" name="test_vegan_triggers_b12_and_iron_risks" time="0.112" /><testcase classname="backend.tests.test_health_onboarding.TestRiskAssessmentLogic" name="test_high_stress_triggers_magnesium_risk" time="0.114" /><testcase classname="backend.tests.test_health_onboarding.TestRiskAssessmentLogic" name="test_senior_age_triggers_vitamin_d_risk" time="0.114" /><testcase classname="backend.tests.test_health_onboarding.TestRiskAssessmentLogic" name="test_bmi_calculations" time="0.299" /></testsuite></testsuites>