<?xml version="1.0" encoding="utf-8"?><testsuites name="pytest tests"><testsuite name="pytest" errors="0" failures="0" skipped="0" tests="12" time="7.438" timestamp="2026-05-13T14:33:40.069497+00:00" hostname="agent-env-dc10796b-1c95-429a-a994-a4a8dbe31b5e"><testcase classname="backend.tests.test_abnehm_guide_phase3" name="test_regression_endpoints_200[today]" time="0.569" /><testcase classname="backend.tests.test_abnehm_guide_phase3" name="test_regression_endpoints_200[goals]" time="0.188" /><testcase classname="backend.tests.test_abnehm_guide_phase3" name="test_regression_endpoints_200[schedule]" time="0.320" /><testcase classname="backend.tests.test_abnehm_guide_phase3" name="test_regression_endpoints_200[day-plan]" time="0.611" /><testcase classname="backend.tests.test_abnehm_guide_phase3" name="test_regression_endpoints_200[summary]" time="1.141" /><testcase classname="backend.tests.test_abnehm_guide_phase3" name="test_regression_endpoints_200[achievements]" time="0.733" /><testcase classname="backend.tests.test_abnehm_guide_phase3" name="test_regression_endpoints_200[weight/history]" time="0.297" /><testcase classname="backend.tests.test_abnehm_guide_phase3" name="test_quick_add_template_persists[std_shake]" time="0.795" /><testcase classname="backend.tests.test_abnehm_guide_phase3" name="test_quick_add_template_persists[protein_bowl]" time="0.776" /><testcase classname="backend.tests.test_abnehm_guide_phase3" name="test_quick_add_template_persists[chicken_rice]" time="0.776" /><testcase classname="backend.tests.test_abnehm_guide_phase3" name="test_quick_add_template_persists[skyr_snack]" time="0.764" /><testcase classname="backend.tests.test_abnehm_guide_phase3" name="test_today_has_meals_array" time="0.408" /></testsuite></testsuites>