<?xml version="1.0" encoding="utf-8"?><testsuites name="pytest tests"><testsuite name="pytest" errors="0" failures="0" skipped="0" tests="8" time="15.814" timestamp="2026-05-07T15:58:55.550297+00:00" hostname="agent-env-dc10796b-1c95-429a-a994-a4a8dbe31b5e"><testcase classname="backend.tests.test_weight_metabolism_ai_inputs_deficit.TestAiCalculateGoalsInputs" name="test_ai_goals_accepts_three_inputs_and_persists" time="6.020" /><testcase classname="backend.tests.test_weight_metabolism_ai_inputs_deficit.TestAiCalculateGoalsInputs" name="test_ai_goals_missing_weight_or_gender_returns_400" time="0.994" /><testcase classname="backend.tests.test_weight_metabolism_ai_inputs_deficit.TestTodayProfileSnapshot" name="test_today_includes_profile_snapshot" time="1.467" /><testcase classname="backend.tests.test_weight_metabolism_ai_inputs_deficit.TestTodayProfileSnapshot" name="test_today_profile_empty_when_no_health_profile" time="0.811" /><testcase classname="backend.tests.test_weight_metabolism_ai_inputs_deficit.TestWeightDelete" name="test_delete_single_weight_entry" time="1.636" /><testcase classname="backend.tests.test_weight_metabolism_ai_inputs_deficit.TestWeightDelete" name="test_delete_nonexistent_entry_returns_404" time="0.862" /><testcase classname="backend.tests.test_weight_metabolism_ai_inputs_deficit.TestWeightDelete" name="test_reset_all_weight_history" time="2.684" /><testcase classname="backend.tests.test_weight_metabolism_ai_inputs_deficit.TestWeightDelete" name="test_reset_idempotent_when_empty" time="1.151" /></testsuite></testsuites>