<?xml version="1.0" encoding="utf-8"?><testsuites name="pytest tests"><testsuite name="pytest" errors="0" failures="0" skipped="0" tests="10" time="17.111" timestamp="2026-05-13T13:55:28.988064+00:00" hostname="agent-env-dc10796b-1c95-429a-a994-a4a8dbe31b5e"><testcase classname="backend.tests.test_abnehm_guide_achievements.TestAchievementsEndpoint" name="test_fresh_profile_returns_200_with_default_shape" time="2.463" /><testcase classname="backend.tests.test_abnehm_guide_achievements.TestAchievementsEndpoint" name="test_consecutive_streak_counts_correctly" time="2.196" /><testcase classname="backend.tests.test_abnehm_guide_achievements.TestAchievementsEndpoint" name="test_protein_goal_done_when_meal_protein_meets_target" time="1.879" /><testcase classname="backend.tests.test_abnehm_guide_achievements.TestAchievementsEndpoint" name="test_full_plan_and_water_badges" time="2.313" /><testcase classname="backend.tests.test_abnehm_guide_achievements.TestRegression" name="test_existing_endpoints_still_200[today]" time="1.410" /><testcase classname="backend.tests.test_abnehm_guide_achievements.TestRegression" name="test_existing_endpoints_still_200[goals]" time="1.086" /><testcase classname="backend.tests.test_abnehm_guide_achievements.TestRegression" name="test_existing_endpoints_still_200[schedule]" time="1.006" /><testcase classname="backend.tests.test_abnehm_guide_achievements.TestRegression" name="test_existing_endpoints_still_200[day-plan]" time="1.022" /><testcase classname="backend.tests.test_abnehm_guide_achievements.TestRegression" name="test_existing_endpoints_still_200[summary]" time="2.074" /><testcase classname="backend.tests.test_abnehm_guide_achievements.TestRegression" name="test_today_contains_expected_keys" time="1.474" /></testsuite></testsuites>