<?xml version="1.0" encoding="utf-8"?><testsuites name="pytest tests"><testsuite name="pytest" errors="0" failures="0" skipped="0" tests="14" time="21.746" timestamp="2026-05-13T14:11:10.069155+00:00" hostname="agent-env-dc10796b-1c95-429a-a994-a4a8dbe31b5e"><testcase classname="backend.tests.test_abnehm_guide_phase2.TestWeightHistoryWeeklyInsights" name="test_shape_includes_new_fields_on_empty" time="1.915" /><testcase classname="backend.tests.test_abnehm_guide_phase2.TestWeightHistoryWeeklyInsights" name="test_trend_down_good_progress" time="2.812" /><testcase classname="backend.tests.test_abnehm_guide_phase2.TestWeightHistoryWeeklyInsights" name="test_trend_up_stay_consistent" time="2.705" /><testcase classname="backend.tests.test_abnehm_guide_phase2.TestWeightHistoryWeeklyInsights" name="test_trend_stable" time="2.786" /><testcase classname="backend.tests.test_abnehm_guide_phase2.TestWeightHistoryWeeklyInsights" name="test_trend_unknown_when_only_last_week" time="1.450" /><testcase classname="backend.tests.test_abnehm_guide_phase2.TestAnalyzeMealPhotoCoachLine" name="test_short_image_returns_400" time="0.931" /><testcase classname="backend.tests.test_abnehm_guide_phase2.TestAnalyzeMealPhotoCoachLine" name="test_route_source_contains_coach_line_field" time="0.000" /><testcase classname="backend.tests.test_abnehm_guide_phase2.TestPhase1Regression" name="test_existing_endpoints_still_200[today]" time="1.439" /><testcase classname="backend.tests.test_abnehm_guide_phase2.TestPhase1Regression" name="test_existing_endpoints_still_200[goals]" time="1.119" /><testcase classname="backend.tests.test_abnehm_guide_phase2.TestPhase1Regression" name="test_existing_endpoints_still_200[schedule]" time="1.029" /><testcase classname="backend.tests.test_abnehm_guide_phase2.TestPhase1Regression" name="test_existing_endpoints_still_200[day-plan]" time="1.014" /><testcase classname="backend.tests.test_abnehm_guide_phase2.TestPhase1Regression" name="test_existing_endpoints_still_200[summary]" time="2.188" /><testcase classname="backend.tests.test_abnehm_guide_phase2.TestPhase1Regression" name="test_existing_endpoints_still_200[achievements]" time="1.857" /><testcase classname="backend.tests.test_abnehm_guide_phase2.TestSeededProfile" name="test_seeded_weight_history_has_new_fields" time="0.372" /></testsuite></testsuites>