<?xml version="1.0" encoding="utf-8"?><testsuites name="pytest tests"><testsuite name="pytest" errors="0" failures="0" skipped="0" tests="9" time="13.538" timestamp="2026-03-01T20:36:47.402170+00:00" hostname="agent-env-68720362-e55f-4aef-a2b1-9beab3219c47"><testcase classname="backend.tests.test_label_analysis.TestLabelAnalysisGET" name="test_get_label_existing_product_with_label" time="0.172" /><testcase classname="backend.tests.test_label_analysis.TestLabelAnalysisGET" name="test_get_label_existing_product_without_label" time="0.118" /><testcase classname="backend.tests.test_label_analysis.TestLabelAnalysisGET" name="test_get_label_nonexistent_product" time="0.154" /><testcase classname="backend.tests.test_label_analysis.TestLabelAnalysisPOST" name="test_upload_label_success" time="3.730" /><testcase classname="backend.tests.test_label_analysis.TestLabelAnalysisPOST" name="test_upload_label_invalid_file_type" time="0.120" /><testcase classname="backend.tests.test_label_analysis.TestLabelAnalysisPOST" name="test_upload_label_nonexistent_product" time="2.382" /><testcase classname="backend.tests.test_label_analysis.TestLabelAnalysisDELETE" name="test_delete_label_success" time="3.380" /><testcase classname="backend.tests.test_label_analysis.TestLabelImageServing" name="test_serve_uploaded_label_image" time="0.258" /><testcase classname="backend.tests.test_label_analysis.TestLabelAnalysisIntegration" name="test_full_label_workflow" time="3.148" /></testsuite></testsuites>