<?xml version="1.0" encoding="utf-8"?><testsuites name="pytest tests"><testsuite name="pytest" errors="0" failures="3" skipped="0" tests="9" time="14.556" timestamp="2026-03-01T20:36:07.763285+00:00" hostname="agent-env-68720362-e55f-4aef-a2b1-9beab3219c47"><testcase classname="backend.tests.test_label_analysis.TestLabelAnalysisGET" name="test_get_label_existing_product_with_label" time="0.195" /><testcase classname="backend.tests.test_label_analysis.TestLabelAnalysisGET" name="test_get_label_existing_product_without_label" time="0.173"><failure message="AssertionError: Expected 200, got 404: {&quot;detail&quot;:&quot;Produkt nicht gefunden&quot;}&#10;assert 404 == 200&#10; +  where 404 = &lt;Response [404]&gt;.status_code">backend/tests/test_label_analysis.py:71: in test_get_label_existing_product_without_label
    assert response.status_code == 200, f"Expected 200, got {response.status_code}: {response.text}"
E   AssertionError: Expected 200, got 404: {"detail":"Produkt nicht gefunden"}
E   assert 404 == 200
E    +  where 404 = &lt;Response [404]&gt;.status_code</failure></testcase><testcase classname="backend.tests.test_label_analysis.TestLabelAnalysisGET" name="test_get_label_nonexistent_product" time="0.118" /><testcase classname="backend.tests.test_label_analysis.TestLabelAnalysisPOST" name="test_upload_label_success" time="3.574" /><testcase classname="backend.tests.test_label_analysis.TestLabelAnalysisPOST" name="test_upload_label_invalid_file_type" time="0.119" /><testcase classname="backend.tests.test_label_analysis.TestLabelAnalysisPOST" name="test_upload_label_nonexistent_product" time="3.157" /><testcase classname="backend.tests.test_label_analysis.TestLabelAnalysisDELETE" name="test_delete_label_success" time="3.273"><failure message="assert 404 == 200&#10; +  where 404 = &lt;Response [404]&gt;.status_code">backend/tests/test_label_analysis.py:187: in test_delete_label_success
    assert get_response.status_code == 200
E   assert 404 == 200
E    +  where 404 = &lt;Response [404]&gt;.status_code</failure></testcase><testcase classname="backend.tests.test_label_analysis.TestLabelImageServing" name="test_serve_uploaded_label_image" time="0.271" /><testcase classname="backend.tests.test_label_analysis.TestLabelAnalysisIntegration" name="test_full_label_workflow" time="3.462"><failure message="assert 404 == 200&#10; +  where 404 = &lt;Response [404]&gt;.status_code">backend/tests/test_label_analysis.py:235: in test_full_label_workflow
    assert get_resp.status_code == 200
E   assert 404 == 200
E    +  where 404 = &lt;Response [404]&gt;.status_code</failure></testcase></testsuite></testsuites>