<?xml version="1.0" encoding="utf-8"?><testsuites name="pytest tests"><testsuite name="pytest" errors="0" failures="0" skipped="1" tests="12" time="10.469" timestamp="2026-04-11T19:47:00.025800+00:00" hostname="agent-env-dc10796b-1c95-429a-a994-a4a8dbe31b5e"><testcase classname="backend.tests.test_level_based_rewards.TestLevelBasedRewardsCatalog" name="test_catalog_returns_200" time="1.469" /><testcase classname="backend.tests.test_level_based_rewards.TestLevelBasedRewardsCatalog" name="test_catalog_items_have_min_level_field" time="0.760" /><testcase classname="backend.tests.test_level_based_rewards.TestLevelBasedRewardsCatalog" name="test_catalog_items_have_user_level_field" time="0.754" /><testcase classname="backend.tests.test_level_based_rewards.TestLevelBasedRewardsCatalog" name="test_level_locked_status_for_high_level_items" time="0.785" /><testcase classname="backend.tests.test_level_based_rewards.TestLevelBasedRewardsCatalog" name="test_min_level_zero_not_level_locked" time="0.731" /><testcase classname="backend.tests.test_level_based_rewards.TestLevelBasedRewardsCatalog" name="test_level_locked_items_with_specific_levels" time="0.735" /><testcase classname="backend.tests.test_level_based_rewards.TestLevelBasedRedemption" name="test_redeem_level_locked_item_rejected" time="1.106" /><testcase classname="backend.tests.test_level_based_rewards.TestLevelBasedRedemption" name="test_redeem_available_item_allowed" time="0.727"><skipped type="pytest.skip" message="No available items found">/app/backend/tests/test_level_based_rewards.py:154: No available items found</skipped></testcase><testcase classname="backend.tests.test_level_based_rewards.TestUserLevelCalculation" name="test_user_level_endpoint" time="0.442" /><testcase classname="backend.tests.test_level_based_rewards.TestUserLevelCalculation" name="test_user_level_matches_catalog_user_level" time="1.176" /><testcase classname="backend.tests.test_level_based_rewards.TestCatalogStatusLogic" name="test_status_priority_level_locked_over_locked" time="0.733" /><testcase classname="backend.tests.test_level_based_rewards.TestCatalogStatusLogic" name="test_locked_status_for_insufficient_points" time="0.997" /></testsuite></testsuites>