<?xml version="1.0" encoding="utf-8"?><testsuites name="pytest tests"><testsuite name="pytest" errors="0" failures="0" skipped="0" tests="24" time="71.076" timestamp="2026-04-11T19:21:42.209694+00:00" hostname="agent-env-dc10796b-1c95-429a-a994-a4a8dbe31b5e"><testcase classname="backend.tests.test_level_weekly_report.TestLevelSystemAPI" name="test_get_user_level_returns_200" time="2.719" /><testcase classname="backend.tests.test_level_weekly_report.TestLevelSystemAPI" name="test_get_user_level_has_required_fields" time="0.485" /><testcase classname="backend.tests.test_level_weekly_report.TestLevelSystemAPI" name="test_get_user_level_data_types" time="0.444" /><testcase classname="backend.tests.test_level_weekly_report.TestLevelSystemAPI" name="test_get_user_level_valid_ranges" time="0.478" /><testcase classname="backend.tests.test_level_weekly_report.TestLevelSystemAPI" name="test_get_user_level_italian_language" time="0.479" /><testcase classname="backend.tests.test_level_weekly_report.TestLevelSystemAPI" name="test_get_level_config_returns_200" time="0.111" /><testcase classname="backend.tests.test_level_weekly_report.TestLevelSystemAPI" name="test_get_level_config_has_12_levels" time="0.113" /><testcase classname="backend.tests.test_level_weekly_report.TestLevelSystemAPI" name="test_get_level_config_structure" time="0.100" /><testcase classname="backend.tests.test_level_weekly_report.TestLevelSystemAPI" name="test_get_level_config_ascending_points" time="0.176" /><testcase classname="backend.tests.test_level_weekly_report.TestLevelSystemAPI" name="test_acknowledge_levelup_returns_success" time="0.390" /><testcase classname="backend.tests.test_level_weekly_report.TestWeeklyReportAPI" name="test_get_weekly_report_returns_200" time="5.372" /><testcase classname="backend.tests.test_level_weekly_report.TestWeeklyReportAPI" name="test_weekly_report_has_period" time="5.341" /><testcase classname="backend.tests.test_level_weekly_report.TestWeeklyReportAPI" name="test_weekly_report_overview_fields" time="5.407" /><testcase classname="backend.tests.test_level_weekly_report.TestWeeklyReportAPI" name="test_weekly_report_level_info" time="5.355" /><testcase classname="backend.tests.test_level_weekly_report.TestWeeklyReportAPI" name="test_weekly_report_supplements_section" time="6.213" /><testcase classname="backend.tests.test_level_weekly_report.TestWeeklyReportAPI" name="test_weekly_report_medications_section" time="5.376" /><testcase classname="backend.tests.test_level_weekly_report.TestWeeklyReportAPI" name="test_weekly_report_water_section" time="5.385" /><testcase classname="backend.tests.test_level_weekly_report.TestWeeklyReportAPI" name="test_weekly_report_stress_section" time="5.343" /><testcase classname="backend.tests.test_level_weekly_report.TestWeeklyReportAPI" name="test_weekly_report_diary_section" time="5.346" /><testcase classname="backend.tests.test_level_weekly_report.TestWeeklyReportAPI" name="test_weekly_report_days_array" time="5.347" /><testcase classname="backend.tests.test_level_weekly_report.TestWeeklyReportAPI" name="test_weekly_report_vero_section" time="5.377" /><testcase classname="backend.tests.test_level_weekly_report.TestWeeklyReportAPI" name="test_weekly_report_italian_language" time="5.393" /><testcase classname="backend.tests.test_level_weekly_report.TestLevelCalculation" name="test_level_1_threshold" time="0.130" /><testcase classname="backend.tests.test_level_weekly_report.TestLevelCalculation" name="test_level_12_threshold" time="0.106" /></testsuite></testsuites>