<?xml version="1.0" encoding="utf-8"?><testsuites name="pytest tests"><testsuite name="pytest" errors="0" failures="0" skipped="0" tests="17" time="5.523" timestamp="2026-04-11T18:41:41.590277+00:00" hostname="agent-env-dc10796b-1c95-429a-a994-a4a8dbe31b5e"><testcase classname="backend.tests.test_medication_reminders_progress.TestMedicationReminders" name="test_get_medication_reminders_default" time="0.385" /><testcase classname="backend.tests.test_medication_reminders_progress.TestMedicationReminders" name="test_get_medication_reminders_existing_profile" time="0.229" /><testcase classname="backend.tests.test_medication_reminders_progress.TestMedicationReminders" name="test_update_medication_reminders_enable" time="0.271" /><testcase classname="backend.tests.test_medication_reminders_progress.TestMedicationReminders" name="test_update_medication_reminders_disable" time="0.232" /><testcase classname="backend.tests.test_medication_reminders_progress.TestMedicationReminders" name="test_update_reminders_persistence" time="0.469" /><testcase classname="backend.tests.test_medication_reminders_progress.TestMedicationStats" name="test_get_medication_stats_default_days" time="0.397" /><testcase classname="backend.tests.test_medication_reminders_progress.TestMedicationStats" name="test_get_medication_stats_custom_days" time="0.354" /><testcase classname="backend.tests.test_medication_reminders_progress.TestMedicationStats" name="test_medication_stats_daily_structure" time="0.330" /><testcase classname="backend.tests.test_medication_reminders_progress.TestMedicationStats" name="test_medication_stats_new_profile" time="0.341" /><testcase classname="backend.tests.test_medication_reminders_progress.TestWaterHistory" name="test_get_water_history_week" time="0.331" /><testcase classname="backend.tests.test_medication_reminders_progress.TestWaterHistory" name="test_get_water_history_month" time="0.338" /><testcase classname="backend.tests.test_medication_reminders_progress.TestWaterHistory" name="test_water_history_days_structure" time="0.352" /><testcase classname="backend.tests.test_medication_reminders_progress.TestWaterHistory" name="test_water_history_new_profile" time="0.330" /><testcase classname="backend.tests.test_medication_reminders_progress.TestMedicationCRUDForReminders" name="test_create_medication_for_reminder_test" time="0.236" /><testcase classname="backend.tests.test_medication_reminders_progress.TestMedicationCRUDForReminders" name="test_list_medications_for_reminder_profile" time="0.281" /><testcase classname="backend.tests.test_medication_reminders_progress.TestRouteOrdering" name="test_reminders_route_not_confused_with_medication_id" time="0.218" /><testcase classname="backend.tests.test_medication_reminders_progress.TestRouteOrdering" name="test_stats_route_not_confused_with_medication_id" time="0.342" /></testsuite></testsuites>