<?xml version="1.0" encoding="utf-8"?><testsuites name="pytest tests"><testsuite name="pytest" errors="0" failures="0" skipped="0" tests="23" time="1.814" timestamp="2026-03-15T12:05:34.871387+00:00" hostname="agent-env-044b2b40-16d3-4dbc-99e5-95ba6744c5a3"><testcase classname="backend.tests.test_medications.TestMedicationsCRUD" name="test_01_list_medications" time="0.255" /><testcase classname="backend.tests.test_medications.TestMedicationsCRUD" name="test_02_create_medication" time="0.052" /><testcase classname="backend.tests.test_medications.TestMedicationsCRUD" name="test_03_verify_created_medication" time="0.053" /><testcase classname="backend.tests.test_medications.TestMedicationsCRUD" name="test_04_update_medication" time="0.051" /><testcase classname="backend.tests.test_medications.TestMedicationsCRUD" name="test_05_verify_update_persisted" time="0.064" /><testcase classname="backend.tests.test_medications.TestMedicationsCRUD" name="test_06_update_nonexistent_medication" time="0.051" /><testcase classname="backend.tests.test_medications.TestMedicationsCRUD" name="test_07_update_empty_body" time="0.059" /><testcase classname="backend.tests.test_medications.TestMedicationSpecificDays" name="test_01_create_specific_days_medication" time="0.050" /><testcase classname="backend.tests.test_medications.TestDailyPlan" name="test_01_get_daily_plan" time="0.054" /><testcase classname="backend.tests.test_medications.TestDailyPlan" name="test_02_daily_plan_grouped_by_timing" time="0.054" /><testcase classname="backend.tests.test_medications.TestDailyPlan" name="test_03_daily_plan_shows_both_types" time="0.054" /><testcase classname="backend.tests.test_medications.TestDailyPlan" name="test_04_daily_plan_german_language" time="0.053" /><testcase classname="backend.tests.test_medications.TestDailyPlan" name="test_05_daily_plan_italian_language" time="0.051" /><testcase classname="backend.tests.test_medications.TestCheckIn" name="test_01_check_in_toggle_on" time="0.054" /><testcase classname="backend.tests.test_medications.TestCheckIn" name="test_02_check_in_verify_in_daily_plan" time="0.057" /><testcase classname="backend.tests.test_medications.TestCheckIn" name="test_03_check_in_toggle_off" time="0.107" /><testcase classname="backend.tests.test_medications.TestCheckIn" name="test_04_check_in_nonexistent_medication" time="0.062" /><testcase classname="backend.tests.test_medications.TestAdherenceStats" name="test_01_get_stats_7_days" time="0.053" /><testcase classname="backend.tests.test_medications.TestAdherenceStats" name="test_02_stats_daily_structure" time="0.053" /><testcase classname="backend.tests.test_medications.TestAdherenceStats" name="test_03_get_stats_30_days" time="0.053" /><testcase classname="backend.tests.test_medications.TestAdherenceStats" name="test_04_get_stats_default_period" time="0.051" /><testcase classname="backend.tests.test_medications.TestExistingMetformin" name="test_01_metformin_exists" time="0.050" /><testcase classname="backend.tests.test_medications.TestCleanup" name="test_99_cleanup_test_medications" time="0.159" /></testsuite></testsuites>