<?xml version="1.0" encoding="utf-8"?><testsuites name="pytest tests"><testsuite name="pytest" errors="0" failures="0" skipped="0" tests="13" time="12.324" timestamp="2026-02-27T21:50:18.513253+00:00" hostname="agent-env-a5846c26-5ccc-4696-a810-80d624977b18"><testcase classname="tests.test_modular_refactor_regression.TestHealthEndpoint" name="test_health_returns_ok" time="0.246" /><testcase classname="tests.test_modular_refactor_regression.TestProductsEndpoint" name="test_products_de_returns_30" time="0.127" /><testcase classname="tests.test_modular_refactor_regression.TestProductsEndpoint" name="test_products_it_returns_61" time="0.152" /><testcase classname="tests.test_modular_refactor_regression.TestRecipesEndpoint" name="test_recipes_de_returns_30" time="0.115" /><testcase classname="tests.test_modular_refactor_regression.TestRecipesEndpoint" name="test_recipes_it_returns_30" time="0.114" /><testcase classname="tests.test_modular_refactor_regression.TestRecipesEndpoint" name="test_recipes_filter_muedigkeit" time="0.113" /><testcase classname="tests.test_modular_refactor_regression.TestRecipesEndpoint" name="test_recipes_filter_stress" time="0.126" /><testcase classname="tests.test_modular_refactor_regression.TestClickTracking" name="test_track_click_stores_event" time="0.133" /><testcase classname="tests.test_modular_refactor_regression.TestDiaryEndpoints" name="test_diary_save_entry" time="0.111" /><testcase classname="tests.test_modular_refactor_regression.TestDiaryEndpoints" name="test_diary_get_entries" time="0.115" /><testcase classname="tests.test_modular_refactor_regression.TestLLMLogsEndpoint" name="test_llm_logs_returns_stats" time="0.132" /><testcase classname="tests.test_modular_refactor_regression.TestLLMLogsEndpoint" name="test_llm_logs_filter_by_endpoint" time="0.124" /><testcase classname="tests.test_modular_refactor_regression.TestSymptomAnalysis" name="test_symptom_analysis_schema" time="10.648" /></testsuite></testsuites>