<?xml version="1.0" encoding="utf-8"?><testsuites name="pytest tests"><testsuite name="pytest" errors="0" failures="0" skipped="0" tests="19" time="6.992" timestamp="2026-03-19T08:52:55.404300+00:00" hostname="agent-env-8ff8d435-4f42-49ec-8ce0-4d751cc485e7"><testcase classname="backend.tests.test_mongodb_atlas_migration_74.TestHealthProfile" name="test_get_health_profile" time="0.466" /><testcase classname="backend.tests.test_mongodb_atlas_migration_74.TestHealthProfile" name="test_get_health_assessment" time="0.231" /><testcase classname="backend.tests.test_mongodb_atlas_migration_74.TestRecipes" name="test_get_all_recipes_de" time="0.686" /><testcase classname="backend.tests.test_mongodb_atlas_migration_74.TestRecipes" name="test_get_personalized_recipes" time="0.349" /><testcase classname="backend.tests.test_mongodb_atlas_migration_74.TestProducts" name="test_get_all_products_de" time="0.382" /><testcase classname="backend.tests.test_mongodb_atlas_migration_74.TestProducts" name="test_get_all_products_it" time="0.458" /><testcase classname="backend.tests.test_mongodb_atlas_migration_74.TestAdminAuth" name="test_admin_auth_success" time="0.111" /><testcase classname="backend.tests.test_mongodb_atlas_migration_74.TestAdminAuth" name="test_admin_auth_failure" time="0.102" /><testcase classname="backend.tests.test_mongodb_atlas_migration_74.TestWaterTracking" name="test_get_water_tracking_data" time="0.338" /><testcase classname="backend.tests.test_mongodb_atlas_migration_74.TestWaterTracking" name="test_get_water_reminders" time="0.211" /><testcase classname="backend.tests.test_mongodb_atlas_migration_74.TestMedications" name="test_get_medications" time="0.224" /><testcase classname="backend.tests.test_mongodb_atlas_migration_74.TestSettings" name="test_get_translations_de" time="0.225" /><testcase classname="backend.tests.test_mongodb_atlas_migration_74.TestSettings" name="test_get_symptom_chips" time="0.233" /><testcase classname="backend.tests.test_mongodb_atlas_migration_74.TestSupplementPlan" name="test_get_supplement_plan" time="0.455" /><testcase classname="backend.tests.test_mongodb_atlas_migration_74.TestDailyTasks" name="test_get_daily_tasks" time="0.793" /><testcase classname="backend.tests.test_mongodb_atlas_migration_74.TestOnboardingOptions" name="test_get_onboarding_options" time="0.120" /><testcase classname="backend.tests.test_mongodb_atlas_migration_74.TestRecipeFilters" name="test_get_recipe_filters" time="0.356" /><testcase classname="backend.tests.test_mongodb_atlas_migration_74.TestProductsByNutrient" name="test_get_products_by_nutrient" time="0.228" /><testcase classname="backend.tests.test_mongodb_atlas_migration_74.TestDatabaseConnectivity" name="test_database_connection_verified" time="0.873" /></testsuite></testsuites>