<?xml version="1.0" encoding="utf-8"?><testsuites name="pytest tests"><testsuite name="pytest" errors="0" failures="0" skipped="0" tests="20" time="23.837" timestamp="2026-02-27T22:20:42.047942+00:00" hostname="agent-env-1bccff34-bcf9-4d76-99f2-cd27e5e1b293"><testcase classname="tests.test_mongodb_migration.TestProductsMongoDB" name="test_products_de_count" time="0.288" /><testcase classname="tests.test_mongodb_migration.TestProductsMongoDB" name="test_products_de_structure" time="0.142" /><testcase classname="tests.test_mongodb_migration.TestProductsMongoDB" name="test_products_it_count" time="0.133" /><testcase classname="tests.test_mongodb_migration.TestProductsMongoDB" name="test_products_it_structure" time="0.180" /><testcase classname="tests.test_mongodb_migration.TestProductsMongoDB" name="test_product_by_id_de" time="0.226" /><testcase classname="tests.test_mongodb_migration.TestProductsMongoDB" name="test_product_by_id_it" time="0.231" /><testcase classname="tests.test_mongodb_migration.TestProductsMongoDB" name="test_product_by_id_not_found" time="0.115" /><testcase classname="tests.test_mongodb_migration.TestProductsMongoDB" name="test_products_filtering_by_tags" time="0.143" /><testcase classname="tests.test_mongodb_migration.TestRecipesMongoDB" name="test_recipes_de_count" time="0.112" /><testcase classname="tests.test_mongodb_migration.TestRecipesMongoDB" name="test_recipes_de_structure" time="0.147" /><testcase classname="tests.test_mongodb_migration.TestRecipesMongoDB" name="test_recipes_it_count" time="0.143" /><testcase classname="tests.test_mongodb_migration.TestRecipesMongoDB" name="test_recipes_it_have_italian_content" time="0.131" /><testcase classname="tests.test_mongodb_migration.TestRecipesMongoDB" name="test_recipe_by_id_de" time="0.276" /><testcase classname="tests.test_mongodb_migration.TestRecipesMongoDB" name="test_recipe_by_id_it" time="0.258" /><testcase classname="tests.test_mongodb_migration.TestRecipesMongoDB" name="test_recipe_by_id_not_found" time="0.123" /><testcase classname="tests.test_mongodb_migration.TestRecipesMongoDB" name="test_recipe_filtering_by_symptom_tags" time="0.134" /><testcase classname="tests.test_mongodb_migration.TestAnalysisWithMongoDB" name="test_analysis_endpoint_de" time="11.056" /><testcase classname="tests.test_mongodb_migration.TestAnalysisWithMongoDB" name="test_analysis_endpoint_it" time="9.649" /><testcase classname="tests.test_mongodb_migration.TestAffiliateTracking" name="test_track_click_success" time="0.148" /><testcase classname="tests.test_mongodb_migration.TestHealthAndAdmin" name="test_health_endpoint" time="0.117" /></testsuite></testsuites>