<?xml version="1.0" encoding="utf-8"?><testsuites name="pytest tests"><testsuite name="pytest" errors="0" failures="0" skipped="0" tests="18" time="2.578" timestamp="2026-03-05T14:29:45.240165+00:00" hostname="agent-env-ce1c08b7-54b1-45f4-a206-74869ba0ada8"><testcase classname="tests.test_personalized_recipes.TestPersonalizedRecipesEndpoint" name="test_endpoint_returns_200" time="0.232" /><testcase classname="tests.test_personalized_recipes.TestPersonalizedRecipesEndpoint" name="test_response_structure" time="0.143" /><testcase classname="tests.test_personalized_recipes.TestPersonalizedRecipesEndpoint" name="test_recipes_have_relevance_fields" time="0.133" /><testcase classname="tests.test_personalized_recipes.TestPersonalizedRecipesEndpoint" name="test_recipes_sorted_by_relevance_score" time="0.119" /><testcase classname="tests.test_personalized_recipes.TestPersonalizedRecipesEndpoint" name="test_relevance_tags_max_three" time="0.116" /><testcase classname="tests.test_personalized_recipes.TestPersonalizedRecipesEndpoint" name="test_iron_deficiency_matching" time="0.177" /><testcase classname="tests.test_personalized_recipes.TestPersonalizedRecipesEndpoint" name="test_omega3_deficiency_matching" time="0.118" /><testcase classname="tests.test_personalized_recipes.TestPersonalizedRecipesEndpoint" name="test_fatigue_complaint_matching" time="0.149" /><testcase classname="tests.test_personalized_recipes.TestPersonalizedRecipesEndpoint" name="test_relevant_vs_other_recipes_count" time="0.113" /><testcase classname="tests.test_personalized_recipes.TestPersonalizedRecipesEndpoint" name="test_recipe_standard_fields" time="0.125" /><testcase classname="tests.test_personalized_recipes.TestPersonalizedRecipesEndpoint" name="test_invalid_profile_id_returns_error" time="0.110" /><testcase classname="tests.test_personalized_recipes.TestPersonalizedRecipesEndpoint" name="test_italian_language_support" time="0.129" /><testcase classname="tests.test_personalized_recipes.TestPersonalizedRecipesEndpoint" name="test_profile_diet_in_response" time="0.102" /><testcase classname="tests.test_personalized_recipes.TestOriginalRecipesEndpoint" name="test_recipes_endpoint_works" time="0.122" /><testcase classname="tests.test_personalized_recipes.TestOriginalRecipesEndpoint" name="test_recipes_search_filter" time="0.115" /><testcase classname="tests.test_personalized_recipes.TestOriginalRecipesEndpoint" name="test_recipes_category_filter" time="0.109" /><testcase classname="tests.test_personalized_recipes.TestOriginalRecipesEndpoint" name="test_recipes_max_time_filter" time="0.129" /><testcase classname="tests.test_personalized_recipes.TestRecipeFiltersEndpoint" name="test_filters_endpoint_returns_data" time="0.234" /></testsuite></testsuites>