<?xml version="1.0" encoding="utf-8"?><testsuites name="pytest tests"><testsuite name="pytest" errors="0" failures="0" skipped="0" tests="14" time="2.332" timestamp="2026-03-17T12:31:10.948603+00:00" hostname="agent-env-0394abac-6c1f-4b43-b6ff-0d919c34ff12"><testcase classname="backend.tests.test_personalized_recipes_tabs.TestPersonalizedRecipesEndpoint" name="test_personalized_recipes_returns_200" time="0.284" /><testcase classname="backend.tests.test_personalized_recipes_tabs.TestPersonalizedRecipesEndpoint" name="test_personalized_recipes_returns_recipes_list" time="0.160" /><testcase classname="backend.tests.test_personalized_recipes_tabs.TestPersonalizedRecipesEndpoint" name="test_personalized_recipes_have_relevance_score" time="0.154" /><testcase classname="backend.tests.test_personalized_recipes_tabs.TestPersonalizedRecipesEndpoint" name="test_personalized_recipes_have_relevance_tags" time="0.114" /><testcase classname="backend.tests.test_personalized_recipes_tabs.TestPersonalizedRecipesEndpoint" name="test_personalized_recipes_sorted_by_relevance_score_descending" time="0.146" /><testcase classname="backend.tests.test_personalized_recipes_tabs.TestPersonalizedRecipesEndpoint" name="test_personalized_recipes_have_top_relevance_tags" time="0.213" /><testcase classname="backend.tests.test_personalized_recipes_tabs.TestPersonalizedRecipesEndpoint" name="test_personalized_recipes_have_required_fields" time="0.126" /><testcase classname="backend.tests.test_personalized_recipes_tabs.TestGenericRecipesEndpoint" name="test_generic_recipes_returns_200" time="0.165" /><testcase classname="backend.tests.test_personalized_recipes_tabs.TestGenericRecipesEndpoint" name="test_generic_recipes_returns_list" time="0.177" /><testcase classname="backend.tests.test_personalized_recipes_tabs.TestGenericRecipesEndpoint" name="test_generic_recipes_no_relevance_scoring" time="0.110" /><testcase classname="backend.tests.test_personalized_recipes_tabs.TestGenericRecipesEndpoint" name="test_generic_recipes_have_required_fields" time="0.114" /><testcase classname="backend.tests.test_personalized_recipes_tabs.TestRecipeEndpointComparison" name="test_both_endpoints_return_same_recipe_ids" time="0.224" /><testcase classname="backend.tests.test_personalized_recipes_tabs.TestRecipeEndpointComparison" name="test_personalized_first_4_are_most_relevant" time="0.154" /><testcase classname="backend.tests.test_personalized_recipes_tabs.TestInvalidProfile" name="test_invalid_profile_id_returns_empty_recipes" time="0.122" /></testsuite></testsuites>