<?xml version="1.0" encoding="utf-8"?><testsuites name="pytest tests"><testsuite name="pytest" errors="0" failures="0" skipped="0" tests="10" time="1.518" timestamp="2026-03-04T12:39:13.695662+00:00" hostname="agent-env-014393b2-144f-44ee-a881-f4cdd34ffe6b"><testcase classname="backend.tests.test_price_alerts.TestPriceAlertsAPI" name="test_price_alerts_endpoint_returns_200_de" time="0.273" /><testcase classname="backend.tests.test_price_alerts.TestPriceAlertsAPI" name="test_price_alerts_endpoint_returns_200_it" time="0.107" /><testcase classname="backend.tests.test_price_alerts.TestPriceAlertsAPI" name="test_price_alerts_empty_for_profile_without_plan" time="0.105" /><testcase classname="backend.tests.test_price_alerts.TestPriceAlertsAPI" name="test_price_alerts_non_existent_profile" time="0.102" /><testcase classname="backend.tests.test_price_alerts.TestPriceAlertsAPI" name="test_price_alerts_response_structure" time="0.116" /><testcase classname="backend.tests.test_price_alerts.TestPriceAlertsAPI" name="test_price_alerts_default_lang_parameter" time="0.145" /><testcase classname="backend.tests.test_price_alerts.TestPriceAlertsRouterRegistration" name="test_price_alerts_route_accessible" time="0.120" /><testcase classname="backend.tests.test_price_alerts.TestPriceHistoryCollection" name="test_price_history_endpoint_sync_config" time="0.106" /><testcase classname="backend.tests.test_price_alerts.TestPriceAlertsIntegration" name="test_first_name_returned_when_profile_exists" time="0.122" /><testcase classname="backend.tests.test_price_alerts.TestPriceAlertsIntegration" name="test_price_alerts_with_supplement_plan_structure" time="0.158" /></testsuite></testsuites>