<?xml version="1.0" encoding="utf-8"?><testsuites name="pytest tests"><testsuite name="pytest" errors="0" failures="0" skipped="0" tests="16" time="1.520" timestamp="2026-03-15T13:13:53.255256+00:00" hostname="agent-env-f62d29d4-8a7d-4dd4-9019-7fd5fde1536c"><testcase classname="backend.tests.test_product_selection.TestProductSelectionCRUD" name="test_01_create_product_selection_for_vitamin_d" time="0.259" /><testcase classname="backend.tests.test_product_selection.TestProductSelectionCRUD" name="test_02_get_product_selections" time="0.053" /><testcase classname="backend.tests.test_product_selection.TestProductSelectionCRUD" name="test_03_upsert_product_selection" time="0.106" /><testcase classname="backend.tests.test_product_selection.TestProductSelectionCRUD" name="test_04_create_selection_for_magnesium" time="0.059" /><testcase classname="backend.tests.test_product_selection.TestProductSelectionCRUD" name="test_05_multiple_selections_preserved" time="0.062" /><testcase classname="backend.tests.test_product_selection.TestDailyPlanWithProductSelections" name="test_06_daily_plan_shows_selected_product_name_for_vitamin_d" time="0.054" /><testcase classname="backend.tests.test_product_selection.TestDailyPlanWithProductSelections" name="test_07_daily_plan_shows_selected_product_name_for_magnesium" time="0.058" /><testcase classname="backend.tests.test_product_selection.TestDailyPlanWithProductSelections" name="test_08_daily_plan_unselected_supplements_show_generic_name" time="0.055" /><testcase classname="backend.tests.test_product_selection.TestDeleteProductSelection" name="test_09_delete_product_selection" time="0.052" /><testcase classname="backend.tests.test_product_selection.TestDeleteProductSelection" name="test_10_verify_deletion_persisted" time="0.048" /><testcase classname="backend.tests.test_product_selection.TestDeleteProductSelection" name="test_11_daily_plan_reverts_to_generic_after_deletion" time="0.056" /><testcase classname="backend.tests.test_product_selection.TestSelectingProductDoesNotAffectOthers" name="test_12_select_b_vitamins_does_not_affect_others" time="0.105" /><testcase classname="backend.tests.test_product_selection.TestEdgeCases" name="test_13_empty_product_id_allowed" time="0.109" /><testcase classname="backend.tests.test_product_selection.TestEdgeCases" name="test_14_get_selections_for_nonexistent_profile" time="0.054" /><testcase classname="backend.tests.test_product_selection.TestEdgeCases" name="test_15_delete_nonexistent_selection_is_idempotent" time="0.051" /><testcase classname="backend.tests.test_product_selection.TestCleanup" name="test_99_cleanup_test_selections" time="0.259" /></testsuite></testsuites>