<?xml version="1.0" encoding="utf-8"?><testsuites name="pytest tests"><testsuite name="pytest" errors="0" failures="0" skipped="0" tests="11" time="1.563" timestamp="2026-03-02T20:28:19.365492+00:00" hostname="agent-env-777e487e-1ace-41bf-9b94-00ad054ce3bf"><testcase classname="backend.tests.test_product_comparison.TestProductByNutrientAPI" name="test_magnesium_returns_products_and_quality_info" time="0.177" /><testcase classname="backend.tests.test_product_comparison.TestProductByNutrientAPI" name="test_zinc_returns_products_and_quality_info" time="0.149" /><testcase classname="backend.tests.test_product_comparison.TestProductByNutrientAPI" name="test_omega3_returns_products_and_quality_info" time="0.132" /><testcase classname="backend.tests.test_product_comparison.TestProductByNutrientAPI" name="test_iron_returns_products_and_quality_info" time="0.117" /><testcase classname="backend.tests.test_product_comparison.TestProductByNutrientAPI" name="test_vitamin_d_returns_products_and_quality_info" time="0.122" /><testcase classname="backend.tests.test_product_comparison.TestProductByNutrientAPI" name="test_b_vitamins_returns_products_and_quality_info" time="0.150" /><testcase classname="backend.tests.test_product_comparison.TestProductByNutrientAPI" name="test_iodine_returns_products_but_no_quality_info" time="0.161" /><testcase classname="backend.tests.test_product_comparison.TestProductByNutrientAPI" name="test_unknown_nutrient_returns_empty" time="0.113" /><testcase classname="backend.tests.test_product_comparison.TestProductByNutrientAPI" name="test_product_has_all_required_fields" time="0.106" /><testcase classname="backend.tests.test_product_comparison.TestHealthProfileAPI" name="test_health_profile_returns_deficiencies" time="0.109" /><testcase classname="backend.tests.test_product_comparison.TestHealthProfileAPI" name="test_deficiency_has_required_fields" time="0.114" /></testsuite></testsuites>