<?xml version="1.0" encoding="utf-8"?><testsuites name="pytest tests"><testsuite name="pytest" errors="0" failures="0" skipped="0" tests="18" time="3.816" timestamp="2026-02-27T20:43:52.264461+00:00" hostname="agent-env-a5846c26-5ccc-4696-a810-80d624977b18"><testcase classname="backend.tests.test_recipes_products_api.TestRecipesEndpoint" name="test_recipes_de_returns_30_recipes" time="0.185" /><testcase classname="backend.tests.test_recipes_products_api.TestRecipesEndpoint" name="test_recipes_de_have_required_fields" time="0.188" /><testcase classname="backend.tests.test_recipes_products_api.TestRecipesEndpoint" name="test_recipes_it_returns_30_italian_recipes" time="0.124" /><testcase classname="backend.tests.test_recipes_products_api.TestRecipesEndpoint" name="test_recipes_it_have_italian_content" time="0.145" /><testcase classname="backend.tests.test_recipes_products_api.TestRecipesEndpoint" name="test_recipes_filtering_by_tags" time="0.111" /><testcase classname="backend.tests.test_recipes_products_api.TestProductsEndpoint" name="test_products_de_returns_30_german_products" time="0.137" /><testcase classname="backend.tests.test_recipes_products_api.TestProductsEndpoint" name="test_products_de_have_required_fields" time="0.133" /><testcase classname="backend.tests.test_recipes_products_api.TestProductsEndpoint" name="test_products_it_returns_italian_products" time="0.215" /><testcase classname="backend.tests.test_recipes_products_api.TestProductsEndpoint" name="test_products_it_have_video_urls" time="0.114" /><testcase classname="backend.tests.test_recipes_products_api.TestClickTracking" name="test_track_click_stores_event" time="0.116" /><testcase classname="backend.tests.test_recipes_products_api.TestClickTracking" name="test_track_click_with_different_source" time="0.345" /><testcase classname="backend.tests.test_diary_api.TestDiaryEntry" name="test_create_diary_entry_success" time="0.154" /><testcase classname="backend.tests.test_diary_api.TestDiaryEntry" name="test_diary_entry_validation_clamps_values" time="0.117" /><testcase classname="backend.tests.test_diary_api.TestDiaryRetrieval" name="test_get_diary_entries_default" time="0.130" /><testcase classname="backend.tests.test_diary_api.TestDiaryRetrieval" name="test_get_diary_entries_with_days_parameter" time="0.131" /><testcase classname="backend.tests.test_diary_api.TestDiaryUpsert" name="test_diary_upsert_same_date_updates_entry" time="0.359" /><testcase classname="backend.tests.test_diary_api.TestDiaryTrends" name="test_get_diary_trends_with_insufficient_data" time="0.442" /><testcase classname="backend.tests.test_diary_api.TestDiaryTrends" name="test_get_diary_trends_with_sufficient_data" time="0.610" /></testsuite></testsuites>