<?xml version="1.0" encoding="utf-8"?><testsuites name="pytest tests"><testsuite name="pytest" errors="0" failures="0" skipped="0" tests="9" time="33.945" timestamp="2026-02-27T13:25:48.646459+00:00" hostname="agent-env-fbdb8937-7fa1-4732-8c01-d163e8e19c4a"><testcase classname="tests.test_vitaguide_api.TestHealthCheck" name="test_health_endpoint_returns_ok" time="0.250" /><testcase classname="tests.test_vitaguide_api.TestProductsEndpoint" name="test_products_returns_8_items" time="0.121" /><testcase classname="tests.test_vitaguide_api.TestProductsEndpoint" name="test_products_have_required_fields" time="0.107" /><testcase classname="tests.test_vitaguide_api.TestProductsEndpoint" name="test_products_filtering_by_tags" time="0.135" /><testcase classname="tests.test_vitaguide_api.TestSymptomAnalysis" name="test_symptom_analysis_with_valid_input" time="7.563" /><testcase classname="tests.test_vitaguide_api.TestSymptomAnalysis" name="test_symptom_analysis_empty_input_validation" time="0.178" /><testcase classname="tests.test_vitaguide_api.TestSymptomAnalysis" name="test_symptom_analysis_red_flag_detection" time="1.204" /><testcase classname="tests.test_vitaguide_api.TestClickTracking" name="test_track_click_success" time="0.113" /><testcase classname="tests.test_vitaguide_api.TestRateLimiting" name="test_rate_limiting" time="24.187" /></testsuite></testsuites>