<?xml version="1.0" encoding="utf-8"?><testsuites name="pytest tests"><testsuite name="pytest" errors="0" failures="0" skipped="0" tests="18" time="2.442" timestamp="2026-02-27T21:26:17.015477+00:00" hostname="agent-env-a5846c26-5ccc-4696-a810-80d624977b18"><testcase classname="backend.tests.test_recipe_filtering.TestRecipeFilteringBugFix" name="test_health_check" time="0.200" /><testcase classname="backend.tests.test_recipe_filtering.TestRecipeFilteringBugFix" name="test_all_recipes_without_tags_returns_30" time="0.146" /><testcase classname="backend.tests.test_recipe_filtering.TestRecipeFilteringBugFix" name="test_muedigkeit_filter_german" time="0.157" /><testcase classname="backend.tests.test_recipe_filtering.TestRecipeFilteringBugFix" name="test_stanchezza_filter_italian" time="0.107" /><testcase classname="backend.tests.test_recipe_filtering.TestRecipeFilteringBugFix" name="test_kopfschmerzen_filter" time="0.144" /><testcase classname="backend.tests.test_recipe_filtering.TestRecipeFilteringBugFix" name="test_verdauung_filter" time="0.154" /><testcase classname="backend.tests.test_recipe_filtering.TestRecipeFilteringBugFix" name="test_gelenkschmerzen_filter" time="0.123" /><testcase classname="backend.tests.test_recipe_filtering.TestRecipeFilteringBugFix" name="test_schlafprobleme_filter" time="0.120" /><testcase classname="backend.tests.test_recipe_filtering.TestRecipeFilteringBugFix" name="test_stress_filter" time="0.123" /><testcase classname="backend.tests.test_recipe_filtering.TestRecipeFilteringBugFix" name="test_erkaeltung_filter" time="0.121" /><testcase classname="backend.tests.test_recipe_filtering.TestRecipeFilteringBugFix" name="test_hautprobleme_filter" time="0.105" /><testcase classname="backend.tests.test_recipe_filtering.TestRecipeFilteringBugFix" name="test_rueckenschmerzen_filter" time="0.136" /><testcase classname="backend.tests.test_recipe_filtering.TestRecipeFilteringBugFix" name="test_konzentration_filter" time="0.105" /><testcase classname="backend.tests.test_recipe_filtering.TestRecipeFilteringBugFix" name="test_recipe_structure_has_required_fields" time="0.112" /><testcase classname="backend.tests.test_recipe_filtering.TestRecipeFilteringBugFix" name="test_nonexistent_tag_returns_empty" time="0.110" /><testcase classname="backend.tests.test_recipe_filtering.TestOtherEndpointsRegression" name="test_products_endpoint" time="0.127" /><testcase classname="backend.tests.test_recipe_filtering.TestOtherEndpointsRegression" name="test_products_italian" time="0.158" /><testcase classname="backend.tests.test_recipe_filtering.TestOtherEndpointsRegression" name="test_diary_endpoint" time="0.121" /></testsuite></testsuites>