<?xml version="1.0" encoding="utf-8"?><testsuites name="pytest tests"><testsuite name="pytest" errors="0" failures="0" skipped="0" tests="12" time="1.863" timestamp="2026-03-05T18:51:39.711765+00:00" hostname="agent-env-005dfe3e-4962-4616-b03a-d39b8f9b3451"><testcase classname="backend.tests.test_recipe_catalog_bug_fix.TestRecipesCatalogEndpoint" name="test_recipes_returns_all_37_recipes" time="0.189" /><testcase classname="backend.tests.test_recipe_catalog_bug_fix.TestRecipesCatalogEndpoint" name="test_recipes_have_required_fields" time="0.130" /><testcase classname="backend.tests.test_recipe_catalog_bug_fix.TestRecipesCatalogEndpoint" name="test_recipes_no_mongodb_id" time="0.139" /><testcase classname="backend.tests.test_recipe_catalog_bug_fix.TestRecipesFiltersEndpoint" name="test_filters_returns_categories" time="0.120" /><testcase classname="backend.tests.test_recipe_catalog_bug_fix.TestRecipesFiltersEndpoint" name="test_filters_returns_tags" time="0.140" /><testcase classname="backend.tests.test_recipe_catalog_bug_fix.TestRecipesFiltersEndpoint" name="test_filters_returns_time_options" time="0.118" /><testcase classname="backend.tests.test_recipe_catalog_bug_fix.TestRecipesFiltersEndpoint" name="test_filters_italian_language" time="0.119" /><testcase classname="backend.tests.test_recipe_catalog_bug_fix.TestRecipesSearchFilter" name="test_search_smoothie" time="0.131" /><testcase classname="backend.tests.test_recipe_catalog_bug_fix.TestRecipesSearchFilter" name="test_category_filter_muedigkeit" time="0.197" /><testcase classname="backend.tests.test_recipe_catalog_bug_fix.TestRecipesSearchFilter" name="test_max_time_filter" time="0.155" /><testcase classname="backend.tests.test_recipe_catalog_bug_fix.TestRecipesSearchFilter" name="test_empty_search_returns_all" time="0.119" /><testcase classname="backend.tests.test_recipe_catalog_bug_fix.TestRecipesSearchFilter" name="test_non_matching_search_returns_empty" time="0.114" /></testsuite></testsuites>