<?xml version="1.0" encoding="utf-8"?><testsuites name="pytest tests"><testsuite name="pytest" errors="0" failures="0" skipped="0" tests="19" time="2.502" timestamp="2026-03-15T14:22:58.355634+00:00" hostname="agent-env-0394abac-6c1f-4b43-b6ff-0d919c34ff12"><testcase classname="tests.test_recipe_translations.TestRecipeTranslations" name="test_get_recipes_german" time="0.278" /><testcase classname="tests.test_recipe_translations.TestRecipeTranslations" name="test_get_recipes_french" time="0.053" /><testcase classname="tests.test_recipe_translations.TestRecipeTranslations" name="test_get_recipes_russian" time="0.077" /><testcase classname="tests.test_recipe_translations.TestRecipeTranslations" name="test_get_recipes_spanish" time="0.067" /><testcase classname="tests.test_recipe_translations.TestRecipeTranslations" name="test_get_recipes_english" time="0.055" /><testcase classname="tests.test_recipe_translations.TestRecipeTranslations" name="test_get_recipes_turkish" time="0.074" /><testcase classname="tests.test_recipe_translations.TestRecipeTranslations" name="test_get_recipes_italian" time="0.105" /><testcase classname="tests.test_recipe_translations.TestRecipeRecommendations" name="test_recommendations_french" time="0.121" /><testcase classname="tests.test_recipe_translations.TestRecipeRecommendations" name="test_recommendations_russian" time="0.052" /><testcase classname="tests.test_recipe_translations.TestRecipeFilters" name="test_filters_german" time="0.159" /><testcase classname="tests.test_recipe_translations.TestRecipeFilters" name="test_filters_italian" time="0.050" /><testcase classname="tests.test_recipe_translations.TestRecipeSearch" name="test_search_russian_salad" time="0.153" /><testcase classname="tests.test_recipe_translations.TestRecipeSearch" name="test_search_english_salmon" time="0.060" /><testcase classname="tests.test_recipe_translations.TestRecipeSearch" name="test_search_french_soupe" time="0.056" /><testcase classname="tests.test_recipe_translations.TestPerformanceBaseline" name="test_all_languages_response_time" time="0.468" /><testcase classname="tests.test_recipe_translations.TestPerformanceBaseline" name="test_consecutive_requests_performance" time="0.163" /><testcase classname="tests.test_recipe_translations.TestRecipeDataIntegrity" name="test_recipe_fields_complete" time="0.115" /><testcase classname="tests.test_recipe_translations.TestRecipeDataIntegrity" name="test_recipe_ingredients_are_lists" time="0.061" /><testcase classname="tests.test_recipe_translations.TestRecipeDataIntegrity" name="test_single_recipe_by_id" time="0.131" /></testsuite></testsuites>