<?xml version="1.0" encoding="utf-8"?><testsuites name="pytest tests"><testsuite name="pytest" errors="0" failures="0" skipped="0" tests="17" time="2.192" timestamp="2026-03-02T11:43:23.891568+00:00" hostname="agent-env-829e73b3-f503-4c7b-907a-b3c9ea41712d"><testcase classname="backend.tests.test_recipe_catalog.TestRecipeCatalogAPI" name="test_get_all_recipes_returns_30" time="0.237" /><testcase classname="backend.tests.test_recipe_catalog.TestRecipeCatalogAPI" name="test_search_smoothie_returns_correct_results" time="0.100" /><testcase classname="backend.tests.test_recipe_catalog.TestRecipeCatalogAPI" name="test_search_case_insensitive" time="0.203" /><testcase classname="backend.tests.test_recipe_catalog.TestRecipeCatalogAPI" name="test_category_filter_muedigkeit" time="0.116" /><testcase classname="backend.tests.test_recipe_catalog.TestRecipeCatalogAPI" name="test_max_time_filter_10_min" time="0.113" /><testcase classname="backend.tests.test_recipe_catalog.TestRecipeCatalogAPI" name="test_max_time_filter_5_min" time="0.108" /><testcase classname="backend.tests.test_recipe_catalog.TestRecipeCatalogAPI" name="test_combined_filters" time="0.112" /><testcase classname="backend.tests.test_recipe_catalog.TestRecipeCatalogAPI" name="test_italian_language_recipes" time="0.107" /><testcase classname="backend.tests.test_recipe_catalog.TestRecipeCatalogAPI" name="test_empty_search_returns_all" time="0.105" /><testcase classname="backend.tests.test_recipe_catalog.TestRecipeCatalogAPI" name="test_search_no_results" time="0.098" /><testcase classname="backend.tests.test_recipe_catalog.TestRecipeCatalogAPI" name="test_get_filters_german" time="0.115" /><testcase classname="backend.tests.test_recipe_catalog.TestRecipeCatalogAPI" name="test_get_filters_italian" time="0.137" /><testcase classname="backend.tests.test_recipe_catalog.TestRecipeCatalogAPI" name="test_filters_tags_sorted" time="0.112" /><testcase classname="backend.tests.test_recipe_catalog.TestRecipeCatalogAPI" name="test_filters_time_options_sorted" time="0.100" /><testcase classname="backend.tests.test_recipe_catalog.TestRecipeById" name="test_get_recipe_by_id_german" time="0.107" /><testcase classname="backend.tests.test_recipe_catalog.TestRecipeById" name="test_get_recipe_by_id_italian" time="0.095" /><testcase classname="backend.tests.test_recipe_catalog.TestRecipeById" name="test_get_recipe_nonexistent" time="0.094" /></testsuite></testsuites>