<?xml version="1.0" encoding="utf-8"?><testsuites name="pytest tests"><testsuite name="pytest" errors="0" failures="0" skipped="0" tests="20" time="2.362" timestamp="2026-03-02T12:19:19.533283+00:00" hostname="agent-env-829e73b3-f503-4c7b-907a-b3c9ea41712d"><testcase classname="backend.tests.test_recipe_recommendations.TestRecipeRecommendationsWithoutProfile" name="test_recommendations_returns_200" time="0.198" /><testcase classname="backend.tests.test_recipe_recommendations.TestRecipeRecommendationsWithoutProfile" name="test_recommendations_returns_3_recipes_by_default" time="0.136" /><testcase classname="backend.tests.test_recipe_recommendations.TestRecipeRecommendationsWithoutProfile" name="test_recommendations_recipe_structure" time="0.129" /><testcase classname="backend.tests.test_recipe_recommendations.TestRecipeRecommendationsWithoutProfile" name="test_recommendations_includes_recommendation_reason_field" time="0.097" /><testcase classname="backend.tests.test_recipe_recommendations.TestRecipeRecommendationsWithoutProfile" name="test_recommendations_random_recipes_have_empty_reason" time="0.099" /><testcase classname="backend.tests.test_recipe_recommendations.TestRecipeRecommendationsWithProfile" name="test_recommendations_with_profile_returns_200" time="0.099" /><testcase classname="backend.tests.test_recipe_recommendations.TestRecipeRecommendationsWithProfile" name="test_recommendations_with_profile_returns_3_recipes" time="0.106" /><testcase classname="backend.tests.test_recipe_recommendations.TestRecipeRecommendationsWithProfile" name="test_recommendations_with_fatigue_profile_matches_energy_recipes" time="0.098" /><testcase classname="backend.tests.test_recipe_recommendations.TestRecipeRecommendationsWithProfile" name="test_recommendations_matched_recipes_have_energy_symptom_tags" time="0.106" /><testcase classname="backend.tests.test_recipe_recommendations.TestRecipeRecommendationsWithProfile" name="test_recommendations_with_invalid_profile_returns_random" time="0.144" /><testcase classname="backend.tests.test_recipe_recommendations.TestRecipeRecommendationsLanguage" name="test_recommendations_german_default" time="0.106" /><testcase classname="backend.tests.test_recipe_recommendations.TestRecipeRecommendationsLanguage" name="test_recommendations_italian_lang_param" time="0.122" /><testcase classname="backend.tests.test_recipe_recommendations.TestRecipeRecommendationsLanguage" name="test_recommendations_italian_recipes_have_italian_titles" time="0.098" /><testcase classname="backend.tests.test_recipe_recommendations.TestRecipeRecommendationsLanguage" name="test_recommendations_italian_with_profile" time="0.103" /><testcase classname="backend.tests.test_recipe_recommendations.TestRecipeRecommendationsLimit" name="test_recommendations_custom_limit" time="0.096" /><testcase classname="backend.tests.test_recipe_recommendations.TestRecipeRecommendationsLimit" name="test_recommendations_limit_1" time="0.098" /><testcase classname="backend.tests.test_recipe_recommendations.TestRecipesCatalogRegression" name="test_recipes_endpoint_still_works" time="0.114" /><testcase classname="backend.tests.test_recipe_recommendations.TestRecipesCatalogRegression" name="test_recipes_search_still_works" time="0.104" /><testcase classname="backend.tests.test_recipe_recommendations.TestRecipesCatalogRegression" name="test_recipes_filters_endpoint_still_works" time="0.128" /><testcase classname="backend.tests.test_recipe_recommendations.TestRecipesCatalogRegression" name="test_recipes_category_filter_still_works" time="0.111" /></testsuite></testsuites>