<?xml version="1.0" encoding="utf-8"?><testsuites name="pytest tests"><testsuite name="pytest" errors="0" failures="0" skipped="0" tests="7" time="8.367" timestamp="2026-03-02T15:16:07.031038+00:00" hostname="agent-env-b0511335-4021-4bf5-ac0c-1138900f7477"><testcase classname="backend.tests.test_recommendation_reasons.TestRecommendationReasons" name="test_get_plan_returns_recommendation_reasons" time="0.229" /><testcase classname="backend.tests.test_recommendation_reasons.TestRecommendationReasons" name="test_recommendation_reasons_max_four_items" time="0.111" /><testcase classname="backend.tests.test_recommendation_reasons.TestRecommendationReasons" name="test_magnesium_has_stress_and_fatigue_reasons" time="0.116" /><testcase classname="backend.tests.test_recommendation_reasons.TestRecommendationReasons" name="test_post_regenerates_plan_with_reasons" time="7.454" /><testcase classname="backend.tests.test_recommendation_reasons.TestRecommendationReasons" name="test_reasons_are_german_with_lang_de" time="0.152" /><testcase classname="backend.tests.test_recommendation_reasons.TestRecommendationReasons" name="test_evidence_fields_still_present" time="0.107" /><testcase classname="backend.tests.test_recommendation_reasons.TestRecommendationReasons" name="test_all_seven_supplements_have_reasons" time="0.139" /></testsuite></testsuites>