<?xml version="1.0" encoding="utf-8"?><testsuites name="pytest tests"><testsuite name="pytest" errors="0" failures="7" skipped="0" tests="45" time="72.205" timestamp="2026-02-27T21:45:57.875822+00:00" hostname="agent-env-a5846c26-5ccc-4696-a810-80d624977b18"><testcase classname="tests.test_diary_api.TestDiaryEntry" name="test_create_diary_entry_success" time="0.155"><failure message="AssertionError: Expected 200, got 422: {&quot;detail&quot;:[{&quot;type&quot;:&quot;missing&quot;,&quot;loc&quot;:[&quot;body&quot;,&quot;date&quot;],&quot;msg&quot;:&quot;Field required&quot;,&quot;input&quot;:{&quot;mood&quot;:4,&quot;sleep&quot;:3,&quot;stress&quot;:3,&quot;water&quot;:6,&quot;exercise&quot;:30,&quot;notes&quot;:&quot;TEST_Felt good today, had a nice walk&quot;},&quot;url&quot;:&quot;https://errors.pydantic.dev/2.12/v/missing&quot;},{&quot;type&quot;:&quot;missing&quot;,&quot;loc&quot;:[&quot;body&quot;,&quot;feeling&quot;],&quot;msg&quot;:&quot;Field required&quot;,&quot;input&quot;:{&quot;mood&quot;:4,&quot;sleep&quot;:3,&quot;stress&quot;:3,&quot;water&quot;:6,&quot;exercise&quot;:30,&quot;notes&quot;:&quot;TEST_Felt good today, had a nice walk&quot;},&quot;url&quot;:&quot;https://errors.pydantic.dev/2.12/v/missing&quot;},{&quot;type&quot;:&quot;missing&quot;,&quot;loc&quot;:[&quot;body&quot;,&quot;sleep_hours&quot;],&quot;msg&quot;:&quot;Field required&quot;,&quot;input&quot;:{&quot;mood&quot;:4,&quot;sleep&quot;:3,&quot;stress&quot;:3,&quot;water&quot;:6,&quot;exercise&quot;:30,&quot;notes&quot;:&quot;TEST_Felt good today, had a nice walk&quot;},&quot;url&quot;:&quot;https://errors.pydantic.dev/2.12/v/missing&quot;},{&quot;type&quot;:&quot;missing&quot;,&quot;loc&quot;:[&quot;body&quot;,&quot;stress_level&quot;],&quot;msg&quot;:&quot;Field required&quot;,&quot;input&quot;:{&quot;mood&quot;:4,&quot;sleep&quot;:3,&quot;stress&quot;:3,&quot;water&quot;:6,&quot;exercise&quot;:30,&quot;notes&quot;:&quot;TEST_Felt good today, had a nice walk&quot;},&quot;url&quot;:&quot;https://errors.pydantic.dev/2.12/v/missing&quot;},{&quot;type&quot;:&quot;missing&quot;,&quot;loc&quot;:[&quot;body&quot;,&quot;water_glasses&quot;],&quot;msg&quot;:&quot;Field required&quot;,&quot;input&quot;:{&quot;mood&quot;:4,&quot;sleep&quot;:3,&quot;stress&quot;:3,&quot;water&quot;:6,&quot;exercise&quot;:30,&quot;notes&quot;:&quot;TEST_Felt good today, had a nice walk&quot;},&quot;url&quot;:&quot;https://errors.pydantic.dev/2.12/v/missing&quot;},{&quot;type&quot;:&quot;missing&quot;,&quot;loc&quot;:[&quot;body&quot;,&quot;exercise_minutes&quot;],&quot;msg&quot;:&quot;Field required&quot;,&quot;input&quot;:{&quot;mood&quot;:4,&quot;sleep&quot;:3,&quot;stress&quot;:3,&quot;water&quot;:6,&quot;exercise&quot;:30,&quot;notes&quot;:&quot;TEST_Felt good today, had a nice walk&quot;},&quot;url&quot;:&quot;https://errors.pydantic.dev/2.12/v/missing&quot;}]}&#10;assert 422 == 200&#10; +  where 422 = &lt;Response [422]&gt;.status_code">tests/test_diary_api.py:37: in test_create_diary_entry_success
    assert response.status_code == 200, f"Expected 200, got {response.status_code}: {response.text}"
E   AssertionError: Expected 200, got 422: {"detail":[{"type":"missing","loc":["body","date"],"msg":"Field required","input":{"mood":4,"sleep":3,"stress":3,"water":6,"exercise":30,"notes":"TEST_Felt good today, had a nice walk"},"url":"https://errors.pydantic.dev/2.12/v/missing"},{"type":"missing","loc":["body","feeling"],"msg":"Field required","input":{"mood":4,"sleep":3,"stress":3,"water":6,"exercise":30,"notes":"TEST_Felt good today, had a nice walk"},"url":"https://errors.pydantic.dev/2.12/v/missing"},{"type":"missing","loc":["body","sleep_hours"],"msg":"Field required","input":{"mood":4,"sleep":3,"stress":3,"water":6,"exercise":30,"notes":"TEST_Felt good today, had a nice walk"},"url":"https://errors.pydantic.dev/2.12/v/missing"},{"type":"missing","loc":["body","stress_level"],"msg":"Field required","input":{"mood":4,"sleep":3,"stress":3,"water":6,"exercise":30,"notes":"TEST_Felt good today, had a nice walk"},"url":"https://errors.pydantic.dev/2.12/v/missing"},{"type":"missing","loc":["body","water_glasses"],"msg":"Field required","input":{"mood":4,"sleep":3,"stress":3,"water":6,"exercise":30,"notes":"TEST_Felt good today, had a nice walk"},"url":"https://errors.pydantic.dev/2.12/v/missing"},{"type":"missing","loc":["body","exercise_minutes"],"msg":"Field required","input":{"mood":4,"sleep":3,"stress":3,"water":6,"exercise":30,"notes":"TEST_Felt good today, had a nice walk"},"url":"https://errors.pydantic.dev/2.12/v/missing"}]}
E   assert 422 == 200
E    +  where 422 = &lt;Response [422]&gt;.status_code</failure></testcase><testcase classname="tests.test_diary_api.TestDiaryEntry" name="test_diary_entry_validation_clamps_values" time="0.107"><failure message="AssertionError: Expected 200, got 422&#10;assert 422 == 200&#10; +  where 422 = &lt;Response [422]&gt;.status_code">tests/test_diary_api.py:82: in test_diary_entry_validation_clamps_values
    assert response.status_code == 200, f"Expected 200, got {response.status_code}"
E   AssertionError: Expected 200, got 422
E   assert 422 == 200
E    +  where 422 = &lt;Response [422]&gt;.status_code</failure></testcase><testcase classname="tests.test_diary_api.TestDiaryRetrieval" name="test_get_diary_entries_default" time="0.117" /><testcase classname="tests.test_diary_api.TestDiaryRetrieval" name="test_get_diary_entries_with_days_parameter" time="0.107" /><testcase classname="tests.test_diary_api.TestDiaryUpsert" name="test_diary_upsert_same_date_updates_entry" time="0.112"><failure message="assert 422 == 200&#10; +  where 422 = &lt;Response [422]&gt;.status_code">tests/test_diary_api.py:156: in test_diary_upsert_same_date_updates_entry
    assert response1.status_code == 200
E   assert 422 == 200
E    +  where 422 = &lt;Response [422]&gt;.status_code</failure></testcase><testcase classname="tests.test_diary_api.TestDiaryTrends" name="test_get_diary_trends_with_insufficient_data" time="9.029"><failure message="AssertionError: Should ask for more entries&#10;assert 'mindestens 3 Tage' in 'der tagebucheintrag beschreibt einen recht ausgeglichenen tag mit gutem wohlbefinden und moderatem stress. der schlaf beträgt 7,5 stunden, was positiv ist, und es wurde ausreichend wasser getrunken. es wurde 30 minuten bewegung beobachtet.'&#10; +  where 'der tagebucheintrag beschreibt einen recht ausgeglichenen tag mit gutem wohlbefinden und moderatem stress. der schlaf beträgt 7,5 stunden, was positiv ist, und es wurde ausreichend wasser getrunken. es wurde 30 minuten bewegung beobachtet.' = &lt;built-in method lower of str object at 0xfc6f77edd2f0&gt;()&#10; +    where &lt;built-in method lower of str object at 0xfc6f77edd2f0&gt; = 'Der Tagebucheintrag beschreibt einen recht ausgeglichenen Tag mit gutem Wohlbefinden und moderatem Stress. Der Schlaf beträgt 7,5 Stunden, was positiv ist, und es wurde ausreichend Wasser getrunken. Es wurde 30 Minuten Bewegung beobachtet.'.lower">tests/test_diary_api.py:227: in test_get_diary_trends_with_insufficient_data
    assert "mindestens 3 Tage" in data["summary"].lower(), "Should ask for more entries"
E   AssertionError: Should ask for more entries
E   assert 'mindestens 3 Tage' in 'der tagebucheintrag beschreibt einen recht ausgeglichenen tag mit gutem wohlbefinden und moderatem stress. der schlaf beträgt 7,5 stunden, was positiv ist, und es wurde ausreichend wasser getrunken. es wurde 30 minuten bewegung beobachtet.'
E    +  where 'der tagebucheintrag beschreibt einen recht ausgeglichenen tag mit gutem wohlbefinden und moderatem stress. der schlaf beträgt 7,5 stunden, was positiv ist, und es wurde ausreichend wasser getrunken. es wurde 30 minuten bewegung beobachtet.' = &lt;built-in method lower of str object at 0xfc6f77edd2f0&gt;()
E    +    where &lt;built-in method lower of str object at 0xfc6f77edd2f0&gt; = 'Der Tagebucheintrag beschreibt einen recht ausgeglichenen Tag mit gutem Wohlbefinden und moderatem Stress. Der Schlaf beträgt 7,5 Stunden, was positiv ist, und es wurde ausreichend Wasser getrunken. Es wurde 30 Minuten Bewegung beobachtet.'.lower</failure></testcase><testcase classname="tests.test_diary_api.TestDiaryTrends" name="test_get_diary_trends_with_sufficient_data" time="5.417" /><testcase classname="tests.test_recipe_filtering.TestRecipeFilteringBugFix" name="test_health_check" time="0.143" /><testcase classname="tests.test_recipe_filtering.TestRecipeFilteringBugFix" name="test_all_recipes_without_tags_returns_30" time="0.145" /><testcase classname="tests.test_recipe_filtering.TestRecipeFilteringBugFix" name="test_muedigkeit_filter_german" time="0.127" /><testcase classname="tests.test_recipe_filtering.TestRecipeFilteringBugFix" name="test_stanchezza_filter_italian" time="0.108" /><testcase classname="tests.test_recipe_filtering.TestRecipeFilteringBugFix" name="test_kopfschmerzen_filter" time="0.143" /><testcase classname="tests.test_recipe_filtering.TestRecipeFilteringBugFix" name="test_verdauung_filter" time="0.120" /><testcase classname="tests.test_recipe_filtering.TestRecipeFilteringBugFix" name="test_gelenkschmerzen_filter" time="0.124" /><testcase classname="tests.test_recipe_filtering.TestRecipeFilteringBugFix" name="test_schlafprobleme_filter" time="0.104" /><testcase classname="tests.test_recipe_filtering.TestRecipeFilteringBugFix" name="test_stress_filter" time="0.116" /><testcase classname="tests.test_recipe_filtering.TestRecipeFilteringBugFix" name="test_erkaeltung_filter" time="0.121" /><testcase classname="tests.test_recipe_filtering.TestRecipeFilteringBugFix" name="test_hautprobleme_filter" time="0.106" /><testcase classname="tests.test_recipe_filtering.TestRecipeFilteringBugFix" name="test_rueckenschmerzen_filter" time="0.112" /><testcase classname="tests.test_recipe_filtering.TestRecipeFilteringBugFix" name="test_konzentration_filter" time="0.114" /><testcase classname="tests.test_recipe_filtering.TestRecipeFilteringBugFix" name="test_recipe_structure_has_required_fields" time="0.109" /><testcase classname="tests.test_recipe_filtering.TestRecipeFilteringBugFix" name="test_nonexistent_tag_returns_empty" time="0.109" /><testcase classname="tests.test_recipe_filtering.TestOtherEndpointsRegression" name="test_products_endpoint" time="0.134" /><testcase classname="tests.test_recipe_filtering.TestOtherEndpointsRegression" name="test_products_italian" time="0.107" /><testcase classname="tests.test_recipe_filtering.TestOtherEndpointsRegression" name="test_diary_endpoint" time="0.157" /><testcase classname="tests.test_recipes_products_api.TestRecipesEndpoint" name="test_recipes_de_returns_30_recipes" time="0.112" /><testcase classname="tests.test_recipes_products_api.TestRecipesEndpoint" name="test_recipes_de_have_required_fields" time="0.105" /><testcase classname="tests.test_recipes_products_api.TestRecipesEndpoint" name="test_recipes_it_returns_30_italian_recipes" time="0.102" /><testcase classname="tests.test_recipes_products_api.TestRecipesEndpoint" name="test_recipes_it_have_italian_content" time="0.136" /><testcase classname="tests.test_recipes_products_api.TestRecipesEndpoint" name="test_recipes_filtering_by_tags" time="0.116" /><testcase classname="tests.test_recipes_products_api.TestProductsEndpoint" name="test_products_de_returns_30_german_products" time="0.138" /><testcase classname="tests.test_recipes_products_api.TestProductsEndpoint" name="test_products_de_have_required_fields" time="0.141" /><testcase classname="tests.test_recipes_products_api.TestProductsEndpoint" name="test_products_it_returns_italian_products" time="0.156" /><testcase classname="tests.test_recipes_products_api.TestProductsEndpoint" name="test_products_it_have_video_urls" time="0.152" /><testcase classname="tests.test_recipes_products_api.TestClickTracking" name="test_track_click_stores_event" time="0.104" /><testcase classname="tests.test_recipes_products_api.TestClickTracking" name="test_track_click_with_different_source" time="0.338" /><testcase classname="tests.test_vitaguide_api.TestHealthCheck" name="test_health_endpoint_returns_ok" time="0.103" /><testcase classname="tests.test_vitaguide_api.TestProductsEndpoint" name="test_products_returns_8_items" time="0.119"><failure message="AssertionError: Expected 8 products, got 30&#10;assert 30 == 8&#10; +  where 30 = len([{'affiliate_url': 'https://joachim-kaeser.de/products/gelenk-kraft-360g?ref=vitaguide&amp;utm_source=vitaguide&amp;utm_medium=app', 'application_instructions': '1 Messlöffel (12 g) pro Tag in 200 ml Wasser. Nach der Einnahme 30 Minuten warten, bevor Kaffee, Tee, Milch, Alkohol und Medikamente konsumiert werden.', 'description': 'Bestseller für Gelenke und Beweglichkeit. Schweizer Qualität, 100% natürlich.', 'image_url': 'https://joachim-kaeser.de/cdn/shop/files/GelenkKraftJoachimKaeser_DE.webp?v=1762436300&amp;width=300', ...}, {'affiliate_url': 'https://joachim-kaeser.de/products/weihrauch-60-kapseln?ref=vitaguide&amp;utm_source=vitaguide&amp;utm_medium=app', 'application_instructions': 'Nehmen Sie täglich 1 Kapsel mit reichlich Wasser ein. Nach der Einnahme 30 Minuten warten, bevor Kaffee, Tee, Milch, Alkohol und Medikamente konsumiert werden.', 'description': 'Hochdosierter Weihrauchextrakt bei Gelenkbeschwerden und Entzündungsprozessen.', 'image_url': 'https://joachim-kaeser.de/cdn/shop/files/Weihrauch2.0.webp?v=1762441777&amp;width=300', ...}, {'affiliate_url': 'https://joachim-kaeser.de/products/curcuma-complex-30-ml?ref=vitaguide&amp;utm_source=vitaguide&amp;utm_medium=app', 'application_instructions': ...l und Medikamente konsumiert werden.', 'description': 'Probiotischer Komplex für gesunde Darmflora und Verdauung.', 'image_url': 'https://joachim-kaeser.de/cdn/shop/files/MicrobiomComplex.webp?v=1762441373&amp;width=300', ...}, {'affiliate_url': 'https://joachim-kaeser.de/products/leber-vital?ref=vitaguide&amp;utm_source=vitaguide&amp;utm_medium=app', 'application_instructions': 'Nehmen Sie täglich 1 Kapsel mit reichlich Wasser ein. Nach der Einnahme 30 Minuten warten, bevor Kaffee, Tee, Milch, Alkohol und Medikamente konsumiert werden.', 'description': 'Natürliche Unterstützung der Leberfunktion und Entgiftung.', 'image_url': 'https://joachim-kaeser.de/cdn/shop/files/LeberVital.webp?v=1762441521&amp;width=300', ...}, {'affiliate_url': 'https://joachim-kaeser.de/products/green-detox-1?ref=vitaguide&amp;utm_source=vitaguide&amp;utm_medium=app', 'application_instructions': 'Nehmen Sie täglich 1 Kapsel mit reichlich Wasser ein. Nach der Einnahme 30 Minuten warten, bevor Kaffee, Tee, Milch, Alkohol und Medikamente konsumiert werden.', 'description': 'Natürliches Detox-Supplement mit grünen Superfoods.', 'image_url': 'https://joachim-kaeser.de/cdn/shop/files/GreenDetoX.webp?v=1762439283&amp;width=300', ...}, ...])">tests/test_vitaguide_api.py:42: in test_products_returns_8_items
    assert len(data) == 8, f"Expected 8 products, got {len(data)}"
E   AssertionError: Expected 8 products, got 30
E   assert 30 == 8
E    +  where 30 = len([{'affiliate_url': 'https://joachim-kaeser.de/products/gelenk-kraft-360g?ref=vitaguide&amp;utm_source=vitaguide&amp;utm_medium=app', 'application_instructions': '1 Messlöffel (12 g) pro Tag in 200 ml Wasser. Nach der Einnahme 30 Minuten warten, bevor Kaffee, Tee, Milch, Alkohol und Medikamente konsumiert werden.', 'description': 'Bestseller für Gelenke und Beweglichkeit. Schweizer Qualität, 100% natürlich.', 'image_url': 'https://joachim-kaeser.de/cdn/shop/files/GelenkKraftJoachimKaeser_DE.webp?v=1762436300&amp;width=300', ...}, {'affiliate_url': 'https://joachim-kaeser.de/products/weihrauch-60-kapseln?ref=vitaguide&amp;utm_source=vitaguide&amp;utm_medium=app', 'application_instructions': 'Nehmen Sie täglich 1 Kapsel mit reichlich Wasser ein. Nach der Einnahme 30 Minuten warten, bevor Kaffee, Tee, Milch, Alkohol und Medikamente konsumiert werden.', 'description': 'Hochdosierter Weihrauchextrakt bei Gelenkbeschwerden und Entzündungsprozessen.', 'image_url': 'https://joachim-kaeser.de/cdn/shop/files/Weihrauch2.0.webp?v=1762441777&amp;width=300', ...}, {'affiliate_url': 'https://joachim-kaeser.de/products/curcuma-complex-30-ml?ref=vitaguide&amp;utm_source=vitaguide&amp;utm_medium=app', 'application_instructions': ...l und Medikamente konsumiert werden.', 'description': 'Probiotischer Komplex für gesunde Darmflora und Verdauung.', 'image_url': 'https://joachim-kaeser.de/cdn/shop/files/MicrobiomComplex.webp?v=1762441373&amp;width=300', ...}, {'affiliate_url': 'https://joachim-kaeser.de/products/leber-vital?ref=vitaguide&amp;utm_source=vitaguide&amp;utm_medium=app', 'application_instructions': 'Nehmen Sie täglich 1 Kapsel mit reichlich Wasser ein. Nach der Einnahme 30 Minuten warten, bevor Kaffee, Tee, Milch, Alkohol und Medikamente konsumiert werden.', 'description': 'Natürliche Unterstützung der Leberfunktion und Entgiftung.', 'image_url': 'https://joachim-kaeser.de/cdn/shop/files/LeberVital.webp?v=1762441521&amp;width=300', ...}, {'affiliate_url': 'https://joachim-kaeser.de/products/green-detox-1?ref=vitaguide&amp;utm_source=vitaguide&amp;utm_medium=app', 'application_instructions': 'Nehmen Sie täglich 1 Kapsel mit reichlich Wasser ein. Nach der Einnahme 30 Minuten warten, bevor Kaffee, Tee, Milch, Alkohol und Medikamente konsumiert werden.', 'description': 'Natürliches Detox-Supplement mit grünen Superfoods.', 'image_url': 'https://joachim-kaeser.de/cdn/shop/files/GreenDetoX.webp?v=1762439283&amp;width=300', ...}, ...])</failure></testcase><testcase classname="tests.test_vitaguide_api.TestProductsEndpoint" name="test_products_have_required_fields" time="0.103"><failure message="AssertionError: Product ID should contain 'vitanatura'&#10;assert 'vitanatura' in 'gelenk-kraft'&#10; +  where 'gelenk-kraft' = &lt;built-in method lower of str object at 0xfc6f7816fbf0&gt;()&#10; +    where &lt;built-in method lower of str object at 0xfc6f7816fbf0&gt; = 'gelenk-kraft'.lower">tests/test_vitaguide_api.py:57: in test_products_have_required_fields
    assert "vitanatura" in first_product["product_id"].lower(), "Product ID should contain 'vitanatura'"
E   AssertionError: Product ID should contain 'vitanatura'
E   assert 'vitanatura' in 'gelenk-kraft'
E    +  where 'gelenk-kraft' = &lt;built-in method lower of str object at 0xfc6f7816fbf0&gt;()
E    +    where &lt;built-in method lower of str object at 0xfc6f7816fbf0&gt; = 'gelenk-kraft'.lower</failure></testcase><testcase classname="tests.test_vitaguide_api.TestProductsEndpoint" name="test_products_filtering_by_tags" time="0.113" /><testcase classname="tests.test_vitaguide_api.TestSymptomAnalysis" name="test_symptom_analysis_with_valid_input" time="11.471" /><testcase classname="tests.test_vitaguide_api.TestSymptomAnalysis" name="test_symptom_analysis_empty_input_validation" time="1.675"><failure message="AssertionError: Expected 400 for empty input, got 200&#10;assert 200 == 400&#10; +  where 200 = &lt;Response [200]&gt;.status_code">tests/test_vitaguide_api.py:140: in test_symptom_analysis_empty_input_validation
    assert response.status_code == 400, f"Expected 400 for empty input, got {response.status_code}"
E   AssertionError: Expected 400 for empty input, got 200
E   assert 200 == 400
E    +  where 200 = &lt;Response [200]&gt;.status_code</failure></testcase><testcase classname="tests.test_vitaguide_api.TestSymptomAnalysis" name="test_symptom_analysis_red_flag_detection" time="4.427" /><testcase classname="tests.test_vitaguide_api.TestClickTracking" name="test_track_click_success" time="0.130" /><testcase classname="tests.test_vitaguide_api.TestRateLimiting" name="test_rate_limiting" time="35.106" /></testsuite></testsuites>