<?xml version="1.0" encoding="utf-8"?><testsuites name="pytest tests"><testsuite name="pytest" errors="0" failures="4" skipped="0" tests="26" time="13.991" timestamp="2026-03-20T08:30:43.679904+00:00" hostname="agent-env-8ff8d435-4f42-49ec-8ce0-4d751cc485e7"><testcase classname="backend.tests.test_rewards_system.TestRewardSettings" name="test_get_admin_settings" time="0.424" /><testcase classname="backend.tests.test_rewards_system.TestRewardSettings" name="test_update_admin_settings" time="0.460" /><testcase classname="backend.tests.test_rewards_system.TestPointGranting" name="test_grant_points_water_confirm" time="0.879" /><testcase classname="backend.tests.test_rewards_system.TestPointGranting" name="test_grant_points_daily_checkin_first_time" time="0.789" /><testcase classname="backend.tests.test_rewards_system.TestPointGranting" name="test_antiabuse_daily_checkin_once_per_day" time="0.282" /><testcase classname="backend.tests.test_rewards_system.TestPointGranting" name="test_grant_points_supplement_with_context" time="1.229" /><testcase classname="backend.tests.test_rewards_system.TestPointGranting" name="test_antiabuse_supplement_same_context" time="0.284" /><testcase classname="backend.tests.test_rewards_system.TestPointGranting" name="test_supplement_different_context_allowed" time="0.879" /><testcase classname="backend.tests.test_rewards_system.TestPointGranting" name="test_daily_limit_enforcement" time="4.101" /><testcase classname="backend.tests.test_rewards_system.TestBalanceAndHistory" name="test_get_balance" time="0.166" /><testcase classname="backend.tests.test_rewards_system.TestBalanceAndHistory" name="test_get_today_summary" time="0.521" /><testcase classname="backend.tests.test_rewards_system.TestBalanceAndHistory" name="test_get_streaks" time="0.172" /><testcase classname="backend.tests.test_rewards_system.TestBalanceAndHistory" name="test_get_history" time="0.166" /><testcase classname="backend.tests.test_rewards_system.TestCatalog" name="test_get_catalog_list" time="0.403" /><testcase classname="backend.tests.test_rewards_system.TestAdminCatalogCRUD" name="test_admin_create_catalog_item" time="0.177" /><testcase classname="backend.tests.test_rewards_system.TestAdminCatalogCRUD" name="test_admin_update_catalog_item" time="0.287" /><testcase classname="backend.tests.test_rewards_system.TestAdminCatalogCRUD" name="test_admin_delete_catalog_item" time="0.171" /><testcase classname="backend.tests.test_rewards_system.TestRedemption" name="test_setup_create_redeemable_reward" time="0.333" /><testcase classname="backend.tests.test_rewards_system.TestRedemption" name="test_redeem_reward_not_enough_points" time="0.627" /><testcase classname="backend.tests.test_rewards_system.TestRedemption" name="test_redeem_reward_success" time="0.213"><failure message="AssertionError: Expected 200, got 429: {&quot;detail&quot;:&quot;Rate limit exceeded. Please wait.&quot;}&#10;assert 429 == 200&#10; +  where 429 = &lt;Response [429]&gt;.status_code">backend/tests/test_rewards_system.py:459: in test_redeem_reward_success
    assert response.status_code == 200, f"Expected 200, got {response.status_code}: {response.text}"
E   AssertionError: Expected 200, got 429: {"detail":"Rate limit exceeded. Please wait."}
E   assert 429 == 200
E    +  where 429 = &lt;Response [429]&gt;.status_code</failure></testcase><testcase classname="backend.tests.test_rewards_system.TestRedemption" name="test_redeem_reward_already_redeemed" time="0.070"><failure message="AssertionError: Expected 400, got 429&#10;assert 429 == 400&#10; +  where 429 = &lt;Response [429]&gt;.status_code">backend/tests/test_rewards_system.py:479: in test_redeem_reward_already_redeemed
    assert response.status_code == 400, f"Expected 400, got {response.status_code}"
E   AssertionError: Expected 400, got 429
E   assert 429 == 400
E    +  where 429 = &lt;Response [429]&gt;.status_code</failure></testcase><testcase classname="backend.tests.test_rewards_system.TestRedemption" name="test_get_redemptions" time="0.167" /><testcase classname="backend.tests.test_rewards_system.TestRedemption" name="test_cleanup_test_reward" time="0.050" /><testcase classname="backend.tests.test_rewards_system.TestAdminAnalytics" name="test_get_admin_analytics" time="0.778" /><testcase classname="backend.tests.test_rewards_system.TestWaterTrackingIntegration" name="test_water_add_returns_reward_field" time="0.053"><failure message="AssertionError: Expected 200, got 429: {&quot;detail&quot;:&quot;Rate limit exceeded. Please wait.&quot;}&#10;assert 429 == 200&#10; +  where 429 = &lt;Response [429]&gt;.status_code">backend/tests/test_rewards_system.py:536: in test_water_add_returns_reward_field
    assert response.status_code == 200, f"Expected 200, got {response.status_code}: {response.text}"
E   AssertionError: Expected 200, got 429: {"detail":"Rate limit exceeded. Please wait."}
E   assert 429 == 200
E    +  where 429 = &lt;Response [429]&gt;.status_code</failure></testcase><testcase classname="backend.tests.test_rewards_system.TestSupplementCheckInIntegration" name="test_supplement_checkin_returns_reward_field" time="0.050"><failure message="AssertionError: Expected 200, got 429: {&quot;detail&quot;:&quot;Rate limit exceeded. Please wait.&quot;}&#10;assert 429 == 200&#10; +  where 429 = &lt;Response [429]&gt;.status_code">backend/tests/test_rewards_system.py:568: in test_supplement_checkin_returns_reward_field
    assert response.status_code == 200, f"Expected 200, got {response.status_code}: {response.text}"
E   AssertionError: Expected 200, got 429: {"detail":"Rate limit exceeded. Please wait."}
E   assert 429 == 200
E    +  where 429 = &lt;Response [429]&gt;.status_code</failure></testcase></testsuite></testsuites>