<?xml version="1.0" encoding="utf-8"?><testsuites name="pytest tests"><testsuite name="pytest" errors="0" failures="0" skipped="0" tests="21" time="11.819" timestamp="2026-03-06T07:16:11.763341+00:00" hostname="agent-env-005dfe3e-4962-4616-b03a-d39b8f9b3451"><testcase classname="backend.tests.test_security_performance.TestRateLimiting" name="test_default_tier_allows_many_requests" time="1.276" /><testcase classname="backend.tests.test_security_performance.TestRateLimiting" name="test_429_response_includes_retry_after_header" time="0.117" /><testcase classname="backend.tests.test_security_performance.TestRateLimiting" name="test_expensive_endpoint_rate_limit_tts" time="8.374" /><testcase classname="backend.tests.test_security_performance.TestCORS" name="test_cors_allows_own_domain" time="0.105" /><testcase classname="backend.tests.test_security_performance.TestCORS" name="test_cors_preflight_request" time="0.070" /><testcase classname="backend.tests.test_security_performance.TestCORS" name="test_cors_allows_localhost" time="0.099" /><testcase classname="backend.tests.test_security_performance.TestGZipCompression" name="test_gzip_compression_for_large_responses" time="0.106" /><testcase classname="backend.tests.test_security_performance.TestGZipCompression" name="test_gzip_with_translations_endpoint" time="0.107" /><testcase classname="backend.tests.test_security_performance.TestAdminAuth" name="test_admin_auth_correct_password" time="0.102" /><testcase classname="backend.tests.test_security_performance.TestAdminAuth" name="test_admin_auth_wrong_password" time="0.091" /><testcase classname="backend.tests.test_security_performance.TestAdminAuth" name="test_admin_auth_empty_password" time="0.098" /><testcase classname="backend.tests.test_security_performance.TestAdminAuth" name="test_admin_token_is_usable" time="0.226" /><testcase classname="backend.tests.test_security_performance.TestMongoDBIndexes" name="test_health_profiles_query_performance" time="0.119" /><testcase classname="backend.tests.test_security_performance.TestMongoDBIndexes" name="test_supplement_plan_query_performance" time="0.106" /><testcase classname="backend.tests.test_security_performance.TestAPIEndpointsWork" name="test_settings_translations_endpoint" time="0.116" /><testcase classname="backend.tests.test_security_performance.TestAPIEndpointsWork" name="test_onboarding_options_endpoint" time="0.101" /><testcase classname="backend.tests.test_security_performance.TestAPIEndpointsWork" name="test_recipes_endpoint_german" time="0.100" /><testcase classname="backend.tests.test_security_performance.TestAPIEndpointsWork" name="test_recipes_endpoint_italian" time="0.103" /><testcase classname="backend.tests.test_security_performance.TestAPIKeysSecurity" name="test_translations_no_api_keys" time="0.105" /><testcase classname="backend.tests.test_security_performance.TestAPIKeysSecurity" name="test_onboarding_no_api_keys" time="0.115" /><testcase classname="backend.tests.test_security_performance.TestAPIKeysSecurity" name="test_recipes_no_api_keys" time="0.115" /></testsuite></testsuites>