<?xml version="1.0" encoding="utf-8"?><testsuites name="pytest tests"><testsuite name="pytest" errors="0" failures="0" skipped="0" tests="22" time="4.787" timestamp="2026-02-28T12:28:33.145302+00:00" hostname="agent-env-1bccff34-bcf9-4d76-99f2-cd27e5e1b293"><testcase classname="backend.tests.test_settings_api.TestTranslationsAPI" name="test_get_translations_returns_default" time="0.211" /><testcase classname="backend.tests.test_settings_api.TestTranslationsAPI" name="test_get_translations_contains_required_keys" time="0.166" /><testcase classname="backend.tests.test_settings_api.TestTranslationsAPI" name="test_update_translation" time="0.405" /><testcase classname="backend.tests.test_settings_api.TestTranslationsAPI" name="test_reset_translations_to_default" time="0.232" /><testcase classname="backend.tests.test_settings_api.TestSymptomChipsAPI" name="test_get_symptom_chips_returns_10_defaults" time="0.153" /><testcase classname="backend.tests.test_settings_api.TestSymptomChipsAPI" name="test_get_symptom_chips_ordered" time="0.152" /><testcase classname="backend.tests.test_settings_api.TestSymptomChipsAPI" name="test_create_symptom_chip" time="0.311" /><testcase classname="backend.tests.test_settings_api.TestSymptomChipsAPI" name="test_update_symptom_chip" time="0.387" /><testcase classname="backend.tests.test_settings_api.TestSymptomChipsAPI" name="test_delete_symptom_chip" time="0.323" /><testcase classname="backend.tests.test_settings_api.TestSymptomChipsAPI" name="test_reset_symptom_chips_to_default" time="0.141" /><testcase classname="backend.tests.test_settings_api.TestDisclaimerAPI" name="test_get_disclaimer_both_languages" time="0.154" /><testcase classname="backend.tests.test_settings_api.TestDisclaimerAPI" name="test_update_disclaimer_de" time="0.245" /><testcase classname="backend.tests.test_settings_api.TestDisclaimerAPI" name="test_update_disclaimer_it" time="0.150" /><testcase classname="backend.tests.test_settings_api.TestDisclaimerAPI" name="test_update_disclaimer_invalid_lang" time="0.150" /><testcase classname="backend.tests.test_settings_api.TestDisclaimerAPI" name="test_reset_disclaimer_to_default" time="0.226" /><testcase classname="backend.tests.test_settings_api.TestAIConfigAPI" name="test_get_ai_config_default" time="0.149" /><testcase classname="backend.tests.test_settings_api.TestAIConfigAPI" name="test_get_ai_config_available_providers" time="0.156" /><testcase classname="backend.tests.test_settings_api.TestAIConfigAPI" name="test_update_ai_config_to_anthropic" time="0.299" /><testcase classname="backend.tests.test_settings_api.TestAIConfigAPI" name="test_update_ai_config_to_google" time="0.150" /><testcase classname="backend.tests.test_settings_api.TestAIConfigAPI" name="test_restore_ai_config_to_openai" time="0.223" /><testcase classname="backend.tests.test_settings_api.TestAdminAuth" name="test_admin_login_correct_password" time="0.152" /><testcase classname="backend.tests.test_settings_api.TestAdminAuth" name="test_admin_login_wrong_password" time="0.143" /></testsuite></testsuites>