<?xml version="1.0" encoding="utf-8"?><testsuites name="pytest tests"><testsuite name="pytest" errors="0" failures="1" skipped="0" tests="22" time="3.500" timestamp="2026-02-28T14:11:51.495313+00:00" hostname="agent-env-252e4976-ed5d-448b-a1f8-414d99b93cf6"><testcase classname="backend.tests.test_settings_api.TestTranslationsAPI" name="test_get_translations_returns_default" time="0.130" /><testcase classname="backend.tests.test_settings_api.TestTranslationsAPI" name="test_get_translations_contains_required_keys" time="0.102" /><testcase classname="backend.tests.test_settings_api.TestTranslationsAPI" name="test_update_translation" time="0.294" /><testcase classname="backend.tests.test_settings_api.TestTranslationsAPI" name="test_reset_translations_to_default" time="0.211" /><testcase classname="backend.tests.test_settings_api.TestSymptomChipsAPI" name="test_get_symptom_chips_returns_10_defaults" time="0.144" /><testcase classname="backend.tests.test_settings_api.TestSymptomChipsAPI" name="test_get_symptom_chips_ordered" time="0.106" /><testcase classname="backend.tests.test_settings_api.TestSymptomChipsAPI" name="test_create_symptom_chip" time="0.207" /><testcase classname="backend.tests.test_settings_api.TestSymptomChipsAPI" name="test_update_symptom_chip" time="0.279" /><testcase classname="backend.tests.test_settings_api.TestSymptomChipsAPI" name="test_delete_symptom_chip" time="0.231" /><testcase classname="backend.tests.test_settings_api.TestSymptomChipsAPI" name="test_reset_symptom_chips_to_default" time="0.121" /><testcase classname="backend.tests.test_settings_api.TestDisclaimerAPI" name="test_get_disclaimer_both_languages" time="0.099" /><testcase classname="backend.tests.test_settings_api.TestDisclaimerAPI" name="test_update_disclaimer_de" time="0.160" /><testcase classname="backend.tests.test_settings_api.TestDisclaimerAPI" name="test_update_disclaimer_it" time="0.112" /><testcase classname="backend.tests.test_settings_api.TestDisclaimerAPI" name="test_update_disclaimer_invalid_lang" time="0.113" /><testcase classname="backend.tests.test_settings_api.TestDisclaimerAPI" name="test_reset_disclaimer_to_default" time="0.154" /><testcase classname="backend.tests.test_settings_api.TestAIConfigAPI" name="test_get_ai_config_default" time="0.108"><failure message="AssertionError: assert 'gpt-4o-mini' == 'gpt-4o'&#10;  &#10;  - gpt-4o&#10;  + gpt-4o-mini">backend/tests/test_settings_api.py:328: in test_get_ai_config_default
    assert current["model"] == "gpt-4o"
E   AssertionError: assert 'gpt-4o-mini' == 'gpt-4o'
E     
E     - gpt-4o
E     + gpt-4o-mini</failure></testcase><testcase classname="backend.tests.test_settings_api.TestAIConfigAPI" name="test_get_ai_config_available_providers" time="0.107" /><testcase classname="backend.tests.test_settings_api.TestAIConfigAPI" name="test_update_ai_config_to_anthropic" time="0.150" /><testcase classname="backend.tests.test_settings_api.TestAIConfigAPI" name="test_update_ai_config_to_google" time="0.114" /><testcase classname="backend.tests.test_settings_api.TestAIConfigAPI" name="test_restore_ai_config_to_openai" time="0.183" /><testcase classname="backend.tests.test_settings_api.TestAdminAuth" name="test_admin_login_correct_password" time="0.134" /><testcase classname="backend.tests.test_settings_api.TestAdminAuth" name="test_admin_login_wrong_password" time="0.111" /></testsuite></testsuites>