<?xml version="1.0" encoding="utf-8"?><testsuites name="pytest tests"><testsuite name="pytest" errors="0" failures="0" skipped="0" tests="10" time="2.890" timestamp="2026-03-05T20:16:05.942456+00:00" hostname="agent-env-005dfe3e-4962-4616-b03a-d39b8f9b3451"><testcase classname="backend.tests.test_shift_cycle_rotator.TestShiftCycleReminders" name="test_put_reminders_with_shift_cycle" time="0.275" /><testcase classname="backend.tests.test_shift_cycle_rotator.TestShiftCycleReminders" name="test_put_reminders_ffssnn_pattern" time="0.110" /><testcase classname="backend.tests.test_shift_cycle_rotator.TestShiftCycleReminders" name="test_put_reminders_without_shift_cycle" time="0.328" /><testcase classname="backend.tests.test_shift_cycle_rotator.TestTodayShiftEndpoint" name="test_today_shift_returns_correct_shift" time="0.283" /><testcase classname="backend.tests.test_shift_cycle_rotator.TestTodayShiftEndpoint" name="test_today_shift_returns_german_label" time="0.235" /><testcase classname="backend.tests.test_shift_cycle_rotator.TestTodayShiftEndpoint" name="test_today_shift_returns_italian_label" time="0.241" /><testcase classname="backend.tests.test_shift_cycle_rotator.TestTodayShiftEndpoint" name="test_today_shift_returns_correct_times" time="0.281" /><testcase classname="backend.tests.test_shift_cycle_rotator.TestTodayShiftEndpoint" name="test_today_shift_null_when_no_cycle" time="0.484" /><testcase classname="backend.tests.test_shift_cycle_rotator.TestTodayShiftEndpoint" name="test_today_shift_404_for_nonexistent_profile" time="0.231" /><testcase classname="backend.tests.test_shift_cycle_rotator.TestShiftCycleCalculation" name="test_cycle_day_calculation_pattern_rotation" time="0.355" /></testsuite></testsuites>