<?xml version="1.0" encoding="utf-8"?><testsuites name="pytest tests"><testsuite name="pytest" errors="0" failures="0" skipped="0" tests="13" time="6.017" timestamp="2026-03-09T14:06:25.014695+00:00" hostname="agent-env-08ef5c5a-c1b2-4a96-b15a-163651bc337f"><testcase classname="backend.tests.test_shopify_sync_improvements.TestFullReimportEndpoint" name="test_full_reimport_de_returns_job_id" time="0.731" /><testcase classname="backend.tests.test_shopify_sync_improvements.TestFullReimportEndpoint" name="test_full_reimport_it_returns_job_id" time="0.421" /><testcase classname="backend.tests.test_shopify_sync_improvements.TestFullReimportEndpoint" name="test_full_reimport_invalid_lang_returns_400" time="0.372" /><testcase classname="backend.tests.test_shopify_sync_improvements.TestFullReimportEndpoint" name="test_full_reimport_en_returns_400" time="0.386" /><testcase classname="backend.tests.test_shopify_sync_improvements.TestSyncHistoryEndpoint" name="test_sync_history_returns_200" time="0.148" /><testcase classname="backend.tests.test_shopify_sync_improvements.TestSyncHistoryEndpoint" name="test_sync_history_filter_by_lang_de" time="0.116" /><testcase classname="backend.tests.test_shopify_sync_improvements.TestSyncHistoryEndpoint" name="test_sync_history_filter_by_lang_it" time="0.110" /><testcase classname="backend.tests.test_shopify_sync_improvements.TestSyncHistoryEndpoint" name="test_sync_history_entries_have_type_field" time="2.444" /><testcase classname="backend.tests.test_shopify_sync_improvements.TestSyncConfigDailyInterval" name="test_sync_config_accepts_daily_interval" time="0.114" /><testcase classname="backend.tests.test_shopify_sync_improvements.TestSyncConfigDailyInterval" name="test_sync_config_weekly_interval_still_works" time="0.128" /><testcase classname="backend.tests.test_shopify_sync_improvements.TestSyncConfigDailyInterval" name="test_sync_config_monthly_interval_still_works" time="0.126" /><testcase classname="backend.tests.test_shopify_sync_improvements.TestSyncConfigDailyInterval" name="test_sync_config_invalid_interval_rejected" time="0.628" /><testcase classname="backend.tests.test_shopify_sync_improvements.TestUserStatsEndpoint" name="test_user_stats_endpoint_returns_200" time="0.163" /></testsuite></testsuites>