<?xml version="1.0" encoding="utf-8"?><testsuites name="pytest tests"><testsuite name="pytest" errors="0" failures="0" skipped="0" tests="17" time="9.038" timestamp="2026-04-11T18:26:17.007070+00:00" hostname="agent-env-dc10796b-1c95-429a-a994-a4a8dbe31b5e"><testcase classname="backend.tests.test_stress_management.TestStressExercises" name="test_get_exercises_german" time="0.483" /><testcase classname="backend.tests.test_stress_management.TestStressExercises" name="test_get_exercises_italian" time="0.348" /><testcase classname="backend.tests.test_stress_management.TestStressExercises" name="test_get_exercises_by_category" time="0.350" /><testcase classname="backend.tests.test_stress_management.TestStressExercises" name="test_categories_metadata" time="0.327" /><testcase classname="backend.tests.test_stress_management.TestStressRecommendation" name="test_get_recommendation_german" time="0.584" /><testcase classname="backend.tests.test_stress_management.TestStressRecommendation" name="test_get_recommendation_italian" time="0.558" /><testcase classname="backend.tests.test_stress_management.TestStressRecommendation" name="test_recommendation_with_nonexistent_profile" time="0.574" /><testcase classname="backend.tests.test_stress_management.TestStressSessions" name="test_start_session" time="0.223" /><testcase classname="backend.tests.test_stress_management.TestStressSessions" name="test_complete_session" time="2.362" /><testcase classname="backend.tests.test_stress_management.TestStressSessions" name="test_complete_nonexistent_session" time="0.246" /><testcase classname="backend.tests.test_stress_management.TestStressSessions" name="test_abandon_session" time="0.544" /><testcase classname="backend.tests.test_stress_management.TestStressStats" name="test_get_stats" time="0.448" /><testcase classname="backend.tests.test_stress_management.TestStressStats" name="test_stats_for_new_profile" time="0.463" /><testcase classname="backend.tests.test_stress_management.TestStressHistory" name="test_get_history" time="0.385" /><testcase classname="backend.tests.test_stress_management.TestStressHistory" name="test_history_with_limit" time="0.354" /><testcase classname="backend.tests.test_stress_management.TestExerciseContent" name="test_breathing_exercise_content" time="0.359" /><testcase classname="backend.tests.test_stress_management.TestExerciseContent" name="test_guided_steps_exercise_content" time="0.338" /></testsuite></testsuites>