<?xml version="1.0" encoding="utf-8"?><testsuites name="pytest tests"><testsuite name="pytest" errors="0" failures="1" skipped="0" tests="13" time="6.222" timestamp="2026-02-28T14:41:43.005499+00:00" hostname="agent-env-252e4976-ed5d-448b-a1f8-414d99b93cf6"><testcase classname="backend.tests.test_supplement_products.TestProductsAPI" name="test_get_all_products_de" time="0.139" /><testcase classname="backend.tests.test_supplement_products.TestProductsAPI" name="test_product_has_affiliate_url" time="0.108" /><testcase classname="backend.tests.test_supplement_products.TestProductsAPI" name="test_product_tags_for_supplement_matching" time="0.096" /><testcase classname="backend.tests.test_supplement_products.TestProductsAPI" name="test_filter_products_by_tags" time="0.113" /><testcase classname="backend.tests.test_supplement_products.TestProductsAPI" name="test_get_single_product" time="0.233" /><testcase classname="backend.tests.test_supplement_products.TestClickTracking" name="test_track_click_basic" time="0.220" /><testcase classname="backend.tests.test_supplement_products.TestClickTracking" name="test_track_click_with_real_product" time="0.288" /><testcase classname="backend.tests.test_supplement_products.TestClickTracking" name="test_track_click_requires_affiliate_url" time="0.107" /><testcase classname="backend.tests.test_supplement_products.TestClickTracking" name="test_track_click_with_source" time="0.207" /><testcase classname="backend.tests.test_supplement_products.TestSupplementPlanWithProducts" name="test_supplement_plan_exists_for_profile" time="4.191" /><testcase classname="backend.tests.test_supplement_products.TestSupplementPlanWithProducts" name="test_products_can_match_supplement_ids" time="0.128" /><testcase classname="backend.tests.test_supplement_products.TestOnboardingAndNavigation" name="test_onboarding_options_exist" time="0.108"><failure message="AssertionError: assert ('goals' in {'activity_levels': [{'label_de': 'Sitzend (kaum Bewegung)', 'label_it': 'Sedentario (poco movimento)', 'value': 'sedentary'}, {'label_de': 'Leicht aktiv (1-2x/Woche)', 'label_it': 'Leggermente attivo (1-2x/settimana)', 'value': 'light'}, {'label_de': 'Moderat aktiv (3-4x/Woche)', 'label_it': 'Moderatamente attivo (3-4x/settimana)', 'value': 'moderate'}, {'label_de': 'Aktiv (5-6x/Woche)', 'label_it': 'Attivo (5-6x/settimana)', 'value': 'active'}, {'label_de': 'Sehr aktiv (täglich)', 'label_it': 'Molto attivo (quotidiano)', 'value': 'very_active'}, {'label_de': 'Leistungssportler', 'label_it': 'Atleta professionista', 'value': 'professional_athlete'}], 'complaints': [{'label_de': 'Müdigkeit/Erschöpfung', 'label_it': 'Stanchezza/Affaticamento', 'value': 'fatigue'}, {'label_de': 'Kopfschmerzen', 'label_it': 'Mal di testa', 'value': 'headache'}, {'label_de': 'Verdauungsprobleme', 'label_it': 'Problemi digestivi', 'value': 'digestive'}, {'label_de': 'Gelenkschmerzen', 'label_it': 'Dolori articolari', 'value': 'joint_pain'}, {'label_de': 'Muskelschmerzen', 'label_it': 'Dolori muscolari', 'value': 'muscle_pain'}, {'label_de': 'Hautprobleme', 'label_it': 'Problemi della pelle', 'value': 'skin_problems'}, ...], 'conditions': [{'label_de': 'Diabetes', 'label_it': 'Diabete', 'value': 'diabetes'}, {'label_de': 'Schilddrüsenunterfunktion', 'label_it': 'Ipotiroidismo', 'value': 'hypothyroidism'}, {'label_de': 'Hashimoto', 'label_it': 'Hashimoto', 'value': 'hashimoto'}, {'label_de': 'Osteoporose', 'label_it': 'Osteoporosi', 'value': 'osteoporosis'}, {'label_de': 'Anämie/Blutarmut', 'label_it': 'Anemia', 'value': 'anemia'}, {'label_de': 'Reizdarmsyndrom', 'label_it': 'Sindrome intestino irritabile', 'value': 'ibs'}, ...], 'diets': [{'label_de': 'Allesfresser', 'label_it': 'Onnivoro', 'value': 'omnivore'}, {'label_de': 'Vegetarisch', 'label_it': 'Vegetariano', 'value': 'vegetarian'}, {'label_de': 'Vegan', 'label_it': 'Vegano', 'value': 'vegan'}, {'label_de': 'Pescetarisch', 'label_it': 'Pescetariano', 'value': 'pescetarian'}, {'label_de': 'Ketogen', 'label_it': 'Chetogenica', 'value': 'keto'}, {'label_de': 'Paleo', 'label_it': 'Paleo', 'value': 'paleo'}, ...], ...} or 'health_goals' in {'activity_levels': [{'label_de': 'Sitzend (kaum Bewegung)', 'label_it': 'Sedentario (poco movimento)', 'value': 'sedentary'}, {'label_de': 'Leicht aktiv (1-2x/Woche)', 'label_it': 'Leggermente attivo (1-2x/settimana)', 'value': 'light'}, {'label_de': 'Moderat aktiv (3-4x/Woche)', 'label_it': 'Moderatamente attivo (3-4x/settimana)', 'value': 'moderate'}, {'label_de': 'Aktiv (5-6x/Woche)', 'label_it': 'Attivo (5-6x/settimana)', 'value': 'active'}, {'label_de': 'Sehr aktiv (täglich)', 'label_it': 'Molto attivo (quotidiano)', 'value': 'very_active'}, {'label_de': 'Leistungssportler', 'label_it': 'Atleta professionista', 'value': 'professional_athlete'}], 'complaints': [{'label_de': 'Müdigkeit/Erschöpfung', 'label_it': 'Stanchezza/Affaticamento', 'value': 'fatigue'}, {'label_de': 'Kopfschmerzen', 'label_it': 'Mal di testa', 'value': 'headache'}, {'label_de': 'Verdauungsprobleme', 'label_it': 'Problemi digestivi', 'value': 'digestive'}, {'label_de': 'Gelenkschmerzen', 'label_it': 'Dolori articolari', 'value': 'joint_pain'}, {'label_de': 'Muskelschmerzen', 'label_it': 'Dolori muscolari', 'value': 'muscle_pain'}, {'label_de': 'Hautprobleme', 'label_it': 'Problemi della pelle', 'value': 'skin_problems'}, ...], 'conditions': [{'label_de': 'Diabetes', 'label_it': 'Diabete', 'value': 'diabetes'}, {'label_de': 'Schilddrüsenunterfunktion', 'label_it': 'Ipotiroidismo', 'value': 'hypothyroidism'}, {'label_de': 'Hashimoto', 'label_it': 'Hashimoto', 'value': 'hashimoto'}, {'label_de': 'Osteoporose', 'label_it': 'Osteoporosi', 'value': 'osteoporosis'}, {'label_de': 'Anämie/Blutarmut', 'label_it': 'Anemia', 'value': 'anemia'}, {'label_de': 'Reizdarmsyndrom', 'label_it': 'Sindrome intestino irritabile', 'value': 'ibs'}, ...], 'diets': [{'label_de': 'Allesfresser', 'label_it': 'Onnivoro', 'value': 'omnivore'}, {'label_de': 'Vegetarisch', 'label_it': 'Vegetariano', 'value': 'vegetarian'}, {'label_de': 'Vegan', 'label_it': 'Vegano', 'value': 'vegan'}, {'label_de': 'Pescetarisch', 'label_it': 'Pescetariano', 'value': 'pescetarian'}, {'label_de': 'Ketogen', 'label_it': 'Chetogenica', 'value': 'keto'}, {'label_de': 'Paleo', 'label_it': 'Paleo', 'value': 'paleo'}, ...], ...})">backend/tests/test_supplement_products.py:241: in test_onboarding_options_exist
    assert "goals" in data or "health_goals" in data
E   AssertionError: assert ('goals' in {'activity_levels': [{'label_de': 'Sitzend (kaum Bewegung)', 'label_it': 'Sedentario (poco movimento)', 'value': 'sedentary'}, {'label_de': 'Leicht aktiv (1-2x/Woche)', 'label_it': 'Leggermente attivo (1-2x/settimana)', 'value': 'light'}, {'label_de': 'Moderat aktiv (3-4x/Woche)', 'label_it': 'Moderatamente attivo (3-4x/settimana)', 'value': 'moderate'}, {'label_de': 'Aktiv (5-6x/Woche)', 'label_it': 'Attivo (5-6x/settimana)', 'value': 'active'}, {'label_de': 'Sehr aktiv (täglich)', 'label_it': 'Molto attivo (quotidiano)', 'value': 'very_active'}, {'label_de': 'Leistungssportler', 'label_it': 'Atleta professionista', 'value': 'professional_athlete'}], 'complaints': [{'label_de': 'Müdigkeit/Erschöpfung', 'label_it': 'Stanchezza/Affaticamento', 'value': 'fatigue'}, {'label_de': 'Kopfschmerzen', 'label_it': 'Mal di testa', 'value': 'headache'}, {'label_de': 'Verdauungsprobleme', 'label_it': 'Problemi digestivi', 'value': 'digestive'}, {'label_de': 'Gelenkschmerzen', 'label_it': 'Dolori articolari', 'value': 'joint_pain'}, {'label_de': 'Muskelschmerzen', 'label_it': 'Dolori muscolari', 'value': 'muscle_pain'}, {'label_de': 'Hautprobleme', 'label_it': 'Problemi della pelle', 'value': 'skin_problems'}, ...], 'conditions': [{'label_de': 'Diabetes', 'label_it': 'Diabete', 'value': 'diabetes'}, {'label_de': 'Schilddrüsenunterfunktion', 'label_it': 'Ipotiroidismo', 'value': 'hypothyroidism'}, {'label_de': 'Hashimoto', 'label_it': 'Hashimoto', 'value': 'hashimoto'}, {'label_de': 'Osteoporose', 'label_it': 'Osteoporosi', 'value': 'osteoporosis'}, {'label_de': 'Anämie/Blutarmut', 'label_it': 'Anemia', 'value': 'anemia'}, {'label_de': 'Reizdarmsyndrom', 'label_it': 'Sindrome intestino irritabile', 'value': 'ibs'}, ...], 'diets': [{'label_de': 'Allesfresser', 'label_it': 'Onnivoro', 'value': 'omnivore'}, {'label_de': 'Vegetarisch', 'label_it': 'Vegetariano', 'value': 'vegetarian'}, {'label_de': 'Vegan', 'label_it': 'Vegano', 'value': 'vegan'}, {'label_de': 'Pescetarisch', 'label_it': 'Pescetariano', 'value': 'pescetarian'}, {'label_de': 'Ketogen', 'label_it': 'Chetogenica', 'value': 'keto'}, {'label_de': 'Paleo', 'label_it': 'Paleo', 'value': 'paleo'}, ...], ...} or 'health_goals' in {'activity_levels': [{'label_de': 'Sitzend (kaum Bewegung)', 'label_it': 'Sedentario (poco movimento)', 'value': 'sedentary'}, {'label_de': 'Leicht aktiv (1-2x/Woche)', 'label_it': 'Leggermente attivo (1-2x/settimana)', 'value': 'light'}, {'label_de': 'Moderat aktiv (3-4x/Woche)', 'label_it': 'Moderatamente attivo (3-4x/settimana)', 'value': 'moderate'}, {'label_de': 'Aktiv (5-6x/Woche)', 'label_it': 'Attivo (5-6x/settimana)', 'value': 'active'}, {'label_de': 'Sehr aktiv (täglich)', 'label_it': 'Molto attivo (quotidiano)', 'value': 'very_active'}, {'label_de': 'Leistungssportler', 'label_it': 'Atleta professionista', 'value': 'professional_athlete'}], 'complaints': [{'label_de': 'Müdigkeit/Erschöpfung', 'label_it': 'Stanchezza/Affaticamento', 'value': 'fatigue'}, {'label_de': 'Kopfschmerzen', 'label_it': 'Mal di testa', 'value': 'headache'}, {'label_de': 'Verdauungsprobleme', 'label_it': 'Problemi digestivi', 'value': 'digestive'}, {'label_de': 'Gelenkschmerzen', 'label_it': 'Dolori articolari', 'value': 'joint_pain'}, {'label_de': 'Muskelschmerzen', 'label_it': 'Dolori muscolari', 'value': 'muscle_pain'}, {'label_de': 'Hautprobleme', 'label_it': 'Problemi della pelle', 'value': 'skin_problems'}, ...], 'conditions': [{'label_de': 'Diabetes', 'label_it': 'Diabete', 'value': 'diabetes'}, {'label_de': 'Schilddrüsenunterfunktion', 'label_it': 'Ipotiroidismo', 'value': 'hypothyroidism'}, {'label_de': 'Hashimoto', 'label_it': 'Hashimoto', 'value': 'hashimoto'}, {'label_de': 'Osteoporose', 'label_it': 'Osteoporosi', 'value': 'osteoporosis'}, {'label_de': 'Anämie/Blutarmut', 'label_it': 'Anemia', 'value': 'anemia'}, {'label_de': 'Reizdarmsyndrom', 'label_it': 'Sindrome intestino irritabile', 'value': 'ibs'}, ...], 'diets': [{'label_de': 'Allesfresser', 'label_it': 'Onnivoro', 'value': 'omnivore'}, {'label_de': 'Vegetarisch', 'label_it': 'Vegetariano', 'value': 'vegetarian'}, {'label_de': 'Vegan', 'label_it': 'Vegano', 'value': 'vegan'}, {'label_de': 'Pescetarisch', 'label_it': 'Pescetariano', 'value': 'pescetarian'}, {'label_de': 'Ketogen', 'label_it': 'Chetogenica', 'value': 'keto'}, {'label_de': 'Paleo', 'label_it': 'Paleo', 'value': 'paleo'}, ...], ...})</failure></testcase><testcase classname="backend.tests.test_supplement_products.TestOnboardingAndNavigation" name="test_create_profile_for_supplement_plan" time="0.200" /></testsuite></testsuites>