<?xml version="1.0" encoding="utf-8"?><testsuites name="pytest tests"><testsuite name="pytest" errors="0" failures="0" skipped="0" tests="13" time="7.775" timestamp="2026-02-28T14:42:07.856221+00:00" hostname="agent-env-252e4976-ed5d-448b-a1f8-414d99b93cf6"><testcase classname="backend.tests.test_supplement_products.TestProductsAPI" name="test_get_all_products_de" time="0.173" /><testcase classname="backend.tests.test_supplement_products.TestProductsAPI" name="test_product_has_affiliate_url" time="0.113" /><testcase classname="backend.tests.test_supplement_products.TestProductsAPI" name="test_product_tags_for_supplement_matching" time="0.120" /><testcase classname="backend.tests.test_supplement_products.TestProductsAPI" name="test_filter_products_by_tags" time="0.102" /><testcase classname="backend.tests.test_supplement_products.TestProductsAPI" name="test_get_single_product" time="0.209" /><testcase classname="backend.tests.test_supplement_products.TestClickTracking" name="test_track_click_basic" time="0.213" /><testcase classname="backend.tests.test_supplement_products.TestClickTracking" name="test_track_click_with_real_product" time="0.288" /><testcase classname="backend.tests.test_supplement_products.TestClickTracking" name="test_track_click_requires_affiliate_url" time="0.111" /><testcase classname="backend.tests.test_supplement_products.TestClickTracking" name="test_track_click_with_source" time="0.172" /><testcase classname="backend.tests.test_supplement_products.TestSupplementPlanWithProducts" name="test_supplement_plan_exists_for_profile" time="5.746" /><testcase classname="backend.tests.test_supplement_products.TestSupplementPlanWithProducts" name="test_products_can_match_supplement_ids" time="0.136" /><testcase classname="backend.tests.test_supplement_products.TestOnboardingAndNavigation" name="test_onboarding_options_exist" time="0.113" /><testcase classname="backend.tests.test_supplement_products.TestOnboardingAndNavigation" name="test_create_profile_for_supplement_plan" time="0.211" /></testsuite></testsuites>