<?xml version="1.0" encoding="utf-8"?><testsuites name="pytest tests"><testsuite name="pytest" errors="0" failures="0" skipped="0" tests="21" time="21.202" timestamp="2026-02-28T13:55:37.951933+00:00" hostname="agent-env-252e4976-ed5d-448b-a1f8-414d99b93cf6"><testcase classname="tests.test_supplement_plan.TestSupplementPlanEndpoints" name="test_get_existing_plan" time="0.246" /><testcase classname="tests.test_supplement_plan.TestSupplementPlanEndpoints" name="test_plan_stack_structure" time="0.138" /><testcase classname="tests.test_supplement_plan.TestSupplementPlanEndpoints" name="test_plan_weekly_schedule_structure" time="0.136" /><testcase classname="tests.test_supplement_plan.TestSupplementPlanEndpoints" name="test_plan_phases_structure" time="0.160" /><testcase classname="tests.test_supplement_plan.TestSupplementPlanEndpoints" name="test_get_week_plan" time="0.431" /><testcase classname="tests.test_supplement_plan.TestSupplementPlanEndpoints" name="test_get_week_invalid_range" time="0.249" /><testcase classname="tests.test_supplement_plan.TestReminders" name="test_get_reminders" time="0.098" /><testcase classname="tests.test_supplement_plan.TestReminders" name="test_update_reminders" time="0.236" /><testcase classname="tests.test_supplement_plan.TestAdminSupplements" name="test_list_all_supplements" time="0.096" /><testcase classname="tests.test_supplement_plan.TestAdminSupplements" name="test_supplement_structure" time="0.103" /><testcase classname="tests.test_supplement_plan.TestAdminSupplements" name="test_update_supplement_override" time="0.253" /><testcase classname="tests.test_supplement_plan.TestAdminSupplements" name="test_toggle_supplement_status" time="0.318" /><testcase classname="tests.test_supplement_plan.TestAdminSupplements" name="test_update_nonexistent_supplement" time="0.113" /><testcase classname="tests.test_supplement_plan.TestPlanGeneration" name="test_generate_new_plan_for_vegan" time="6.901" /><testcase classname="tests.test_supplement_plan.TestPlanGeneration" name="test_generate_plan_high_stress" time="6.098" /><testcase classname="tests.test_supplement_plan.TestPlanGeneration" name="test_vitamin_d_k2_synergy" time="0.114" /><testcase classname="tests.test_supplement_plan.TestPlanGeneration" name="test_contraindicated_supplements_excluded" time="4.969" /><testcase classname="tests.test_supplement_plan.TestPlanGeneration" name="test_plan_has_personal_summary" time="0.132" /><testcase classname="tests.test_supplement_plan.TestPlanNotFound" name="test_get_plan_not_found" time="0.107" /><testcase classname="tests.test_supplement_plan.TestPlanNotFound" name="test_get_reminders_not_found" time="0.112" /><testcase classname="tests.test_supplement_plan.TestPlanNotFound" name="test_get_week_not_found" time="0.104" /></testsuite></testsuites>