<?xml version="1.0" encoding="utf-8"?><testsuites name="pytest tests"><testsuite name="pytest" errors="0" failures="0" skipped="0" tests="8" time="74.948" timestamp="2026-03-02T13:20:18.621653+00:00" hostname="agent-env-b0511335-4021-4bf5-ac0c-1138900f7477"><testcase classname="backend.tests.test_supplement_interactions.TestSupplementInteractionsAPI" name="test_analyze_interactions_german_success" time="26.908" /><testcase classname="backend.tests.test_supplement_interactions.TestSupplementInteractionsAPI" name="test_analyze_interactions_structure" time="11.001" /><testcase classname="backend.tests.test_supplement_interactions.TestSupplementInteractionsAPI" name="test_analyze_interactions_italian" time="12.701" /><testcase classname="backend.tests.test_supplement_interactions.TestSupplementInteractionsAPI" name="test_analyze_interactions_invalid_profile" time="0.150" /><testcase classname="backend.tests.test_supplement_interactions.TestSupplementInteractionsAPI" name="test_get_cached_interactions_success" time="11.927" /><testcase classname="backend.tests.test_supplement_interactions.TestSupplementInteractionsAPI" name="test_get_cached_interactions_invalid_profile" time="0.136" /><testcase classname="backend.tests.test_supplement_interactions.TestSupplementInteractionsAPI" name="test_analysis_has_traffic_light_data" time="11.863" /><testcase classname="backend.tests.test_supplement_interactions.TestSupplementInteractionsAPI" name="test_supplement_plan_exists" time="0.156" /></testsuite></testsuites>