<?xml version="1.0" encoding="utf-8"?><testsuites name="pytest tests"><testsuite name="pytest" errors="0" failures="2" skipped="0" tests="16" time="4.012" timestamp="2026-03-15T12:40:58.723835+00:00" hostname="agent-env-f62d29d4-8a7d-4dd4-9019-7fd5fde1536c"><testcase classname="backend.tests.test_supplement_checkin_reminders.TestSupplementCheckIn" name="test_supplement_checkin_first_call_checks" time="0.282" /><testcase classname="backend.tests.test_supplement_checkin_reminders.TestSupplementCheckIn" name="test_supplement_checkin_second_call_unchecks" time="0.280" /><testcase classname="backend.tests.test_supplement_checkin_reminders.TestSupplementCheckIn" name="test_supplement_checkin_third_call_checks_again" time="0.310" /><testcase classname="backend.tests.test_supplement_checkin_reminders.TestSupplementCheckIn" name="test_supplement_checkin_different_timings_independent" time="0.232" /><testcase classname="backend.tests.test_supplement_checkin_reminders.TestMedicationCheckInStillWorks" name="test_medication_checkin_first_call_checks" time="0.210" /><testcase classname="backend.tests.test_supplement_checkin_reminders.TestMedicationCheckInStillWorks" name="test_medication_checkin_toggle_unchecks" time="0.405" /><testcase classname="backend.tests.test_supplement_checkin_reminders.TestDailyPlanCombined" name="test_daily_plan_returns_structure" time="0.109" /><testcase classname="backend.tests.test_supplement_checkin_reminders.TestDailyPlanCombined" name="test_daily_plan_with_german_labels" time="0.148" /><testcase classname="backend.tests.test_supplement_checkin_reminders.TestDailyPlanCombined" name="test_daily_plan_items_have_type" time="0.383" /><testcase classname="backend.tests.test_supplement_checkin_reminders.TestDailyPlanCombined" name="test_daily_plan_reflects_checkin_status" time="0.601" /><testcase classname="backend.tests.test_supplement_checkin_reminders.TestReminderCRUD" name="test_get_reminders_returns_settings" time="0.099" /><testcase classname="backend.tests.test_supplement_checkin_reminders.TestReminderCRUD" name="test_get_reminders_404_for_unknown_profile" time="0.099" /><testcase classname="backend.tests.test_supplement_checkin_reminders.TestReminderCRUD" name="test_put_reminders_updates_settings" time="0.206" /><testcase classname="backend.tests.test_supplement_checkin_reminders.TestReminderCRUD" name="test_put_reminders_with_shift_cycle" time="0.209"><failure message="AssertionError: Expected 200, got 429: {&quot;detail&quot;:&quot;Rate limit exceeded. Please wait.&quot;}&#10;assert 429 == 200&#10; +  where 429 = &lt;Response [429]&gt;.status_code">backend/tests/test_supplement_checkin_reminders.py:408: in test_put_reminders_with_shift_cycle
    assert response.status_code == 200, \
E   AssertionError: Expected 200, got 429: {"detail":"Rate limit exceeded. Please wait."}
E   assert 429 == 200
E    +  where 429 = &lt;Response [429]&gt;.status_code</failure></testcase><testcase classname="backend.tests.test_supplement_checkin_reminders.TestReminderCRUD" name="test_put_reminders_404_for_unknown_profile" time="0.234"><failure message="AssertionError: Expected 404 for unknown profile, got 429: {&quot;detail&quot;:&quot;Rate limit exceeded. Please wait.&quot;}&#10;assert 429 == 404&#10; +  where 429 = &lt;Response [429]&gt;.status_code">backend/tests/test_supplement_checkin_reminders.py:424: in test_put_reminders_404_for_unknown_profile
    assert response.status_code == 404, \
E   AssertionError: Expected 404 for unknown profile, got 429: {"detail":"Rate limit exceeded. Please wait."}
E   assert 429 == 404
E    +  where 429 = &lt;Response [429]&gt;.status_code</failure></testcase><testcase classname="backend.tests.test_supplement_checkin_reminders.TestCleanup" name="test_cleanup_test_medications" time="0.107" /></testsuite></testsuites>