<?xml version="1.0" encoding="utf-8"?><testsuites name="pytest tests"><testsuite name="pytest" errors="0" failures="0" skipped="0" tests="9" time="1.932" timestamp="2026-03-02T20:53:37.605460+00:00" hostname="agent-env-777e487e-1ace-41bf-9b94-00ad054ce3bf"><testcase classname="tests.test_symptom_severity_tracking.TestSymptomSeverityTracking" name="test_post_symptom_rating_all_categories" time="0.143" /><testcase classname="tests.test_symptom_severity_tracking.TestSymptomSeverityTracking" name="test_post_symptom_rating_pain_category" time="0.170" /><testcase classname="tests.test_symptom_severity_tracking.TestSymptomSeverityTracking" name="test_post_symptom_rating_stress_category" time="0.158" /><testcase classname="tests.test_symptom_severity_tracking.TestSymptomSeverityTracking" name="test_post_symptom_overall_range_1_to_10" time="0.552" /><testcase classname="tests.test_symptom_severity_tracking.TestSymptomSeverityTracking" name="test_get_symptom_history_returns_all_categories" time="0.121" /><testcase classname="tests.test_symptom_severity_tracking.TestSymptomSeverityTracking" name="test_get_dashboard_returns_symptom_chart" time="0.119" /><testcase classname="tests.test_symptom_severity_tracking.TestSymptomSeverityTracking" name="test_dashboard_symptom_chart_contains_new_categories" time="0.121" /><testcase classname="tests.test_symptom_severity_tracking.TestSymptomSeverityTracking" name="test_dashboard_returns_all_required_fields" time="0.111" /><testcase classname="tests.test_symptom_severity_tracking.TestSymptomSeverityTracking" name="test_post_symptom_upsert_same_date" time="0.375" /></testsuite></testsuites>