<?xml version="1.0" encoding="utf-8"?><testsuites name="pytest tests"><testsuite name="pytest" errors="1" failures="0" skipped="0" tests="1" time="0.175" timestamp="2026-02-27T22:00:03.673328+00:00" hostname="agent-env-1bccff34-bcf9-4d76-99f2-cd27e5e1b293"><testcase classname="" name="tests.test_modular_refactor_regression" time="0.000"><error message="collection failure">tests/test_modular_refactor_regression.py:16: in &lt;module&gt;
    raise ValueError("EXPO_PUBLIC_BACKEND_URL not found in environment")
E   ValueError: EXPO_PUBLIC_BACKEND_URL not found in environment</error></testcase></testsuite></testsuites>