<?xml version="1.0" encoding="utf-8"?><testsuites name="pytest tests"><testsuite name="pytest" errors="0" failures="0" skipped="0" tests="13" time="39.962" timestamp="2026-02-27T22:00:08.558114+00:00" hostname="agent-env-1bccff34-bcf9-4d76-99f2-cd27e5e1b293"><testcase classname="tests.test_modular_refactor_regression.TestHealthEndpoint" name="test_health_returns_ok" time="0.223" /><testcase classname="tests.test_modular_refactor_regression.TestProductsEndpoint" name="test_products_de_returns_30" time="0.114" /><testcase classname="tests.test_modular_refactor_regression.TestProductsEndpoint" name="test_products_it_returns_61" time="0.173" /><testcase classname="tests.test_modular_refactor_regression.TestRecipesEndpoint" name="test_recipes_de_returns_30" time="0.126" /><testcase classname="tests.test_modular_refactor_regression.TestRecipesEndpoint" name="test_recipes_it_returns_30" time="0.140" /><testcase classname="tests.test_modular_refactor_regression.TestRecipesEndpoint" name="test_recipes_filter_muedigkeit" time="0.148" /><testcase classname="tests.test_modular_refactor_regression.TestRecipesEndpoint" name="test_recipes_filter_stress" time="0.133" /><testcase classname="tests.test_modular_refactor_regression.TestClickTracking" name="test_track_click_stores_event" time="0.121" /><testcase classname="tests.test_modular_refactor_regression.TestDiaryEndpoints" name="test_diary_save_entry" time="0.151" /><testcase classname="tests.test_modular_refactor_regression.TestDiaryEndpoints" name="test_diary_get_entries" time="0.143" /><testcase classname="tests.test_modular_refactor_regression.TestLLMLogsEndpoint" name="test_llm_logs_returns_stats" time="0.125" /><testcase classname="tests.test_modular_refactor_regression.TestLLMLogsEndpoint" name="test_llm_logs_filter_by_endpoint" time="0.179" /><testcase classname="tests.test_modular_refactor_regression.TestSymptomAnalysis" name="test_symptom_analysis_schema" time="38.136" /></testsuite></testsuites>