<?xml version="1.0" encoding="utf-8"?><testsuites name="pytest tests"><testsuite name="pytest" errors="0" failures="0" skipped="0" tests="14" time="1.826" timestamp="2026-03-05T13:33:35.194454+00:00" hostname="agent-env-ce1c08b7-54b1-45f4-a206-74869ba0ada8"><testcase classname="backend.tests.test_tracking_today_status.TestTodaySymptomStatus" name="test_today_status_returns_200" time="0.149" /><testcase classname="backend.tests.test_tracking_today_status.TestTodaySymptomStatus" name="test_today_status_structure" time="0.159" /><testcase classname="backend.tests.test_tracking_today_status.TestTodaySymptomStatus" name="test_submitted_status_is_boolean" time="0.105" /><testcase classname="backend.tests.test_tracking_today_status.TestTodaySymptomStatus" name="test_plan_week_range" time="0.111" /><testcase classname="backend.tests.test_tracking_today_status.TestTodaySymptomStatus" name="test_plan_day_range" time="0.151" /><testcase classname="backend.tests.test_tracking_today_status.TestTodaySymptomStatus" name="test_total_plan_days_is_56" time="0.103" /><testcase classname="backend.tests.test_tracking_today_status.TestTodaySymptomStatus" name="test_date_is_today" time="0.118" /><testcase classname="backend.tests.test_tracking_today_status.TestTodaySymptomStatus" name="test_entry_contains_ratings_when_submitted" time="0.109" /><testcase classname="backend.tests.test_tracking_today_status.TestTodaySymptomStatus" name="test_entry_ratings_structure" time="0.134" /><testcase classname="backend.tests.test_tracking_today_status.TestTodaySymptomStatus" name="test_nonexistent_profile_returns_data" time="0.099" /><testcase classname="backend.tests.test_tracking_today_status.TestDashboardEndpoint" name="test_dashboard_returns_200" time="0.151" /><testcase classname="backend.tests.test_tracking_today_status.TestDashboardEndpoint" name="test_dashboard_structure" time="0.119" /><testcase classname="backend.tests.test_tracking_today_status.TestSymptomPostEndpoint" name="test_symptom_save_requires_data" time="0.111" /><testcase classname="backend.tests.test_tracking_today_status.TestSymptomPostEndpoint" name="test_symptom_save_with_valid_data" time="0.102" /></testsuite></testsuites>