<?xml version="1.0" encoding="utf-8"?><testsuites name="pytest tests"><testsuite name="pytest" errors="0" failures="0" skipped="0" tests="17" time="2.193" timestamp="2026-02-28T15:25:19.128548+00:00" hostname="agent-env-b958e633-6679-480d-8389-63e2d4c18679"><testcase classname="tests.test_tracking_progress.TestTrackingDashboard" name="test_dashboard_returns_200" time="0.196" /><testcase classname="tests.test_tracking_progress.TestTrackingDashboard" name="test_dashboard_structure" time="0.192" /><testcase classname="tests.test_tracking_progress.TestTrackingDashboard" name="test_dashboard_progress_is_numeric" time="0.106" /><testcase classname="tests.test_tracking_progress.TestTrackingDashboard" name="test_dashboard_streak_is_integer" time="0.124" /><testcase classname="tests.test_tracking_progress.TestTrackingDashboard" name="test_dashboard_milestones_structure" time="0.116" /><testcase classname="tests.test_tracking_progress.TestTrackingDashboard" name="test_dashboard_insights_structure" time="0.105" /><testcase classname="tests.test_tracking_progress.TestTrackingDashboard" name="test_dashboard_lang_italian" time="0.109" /><testcase classname="tests.test_tracking_progress.TestSymptomTracking" name="test_save_symptom_rating" time="0.113" /><testcase classname="tests.test_tracking_progress.TestSymptomTracking" name="test_save_symptom_overall_only" time="0.102" /><testcase classname="tests.test_tracking_progress.TestSymptomTracking" name="test_save_symptom_invalid_overall" time="0.127" /><testcase classname="tests.test_tracking_progress.TestSymptomTracking" name="test_get_symptom_history" time="0.118" /><testcase classname="tests.test_tracking_progress.TestSymptomTracking" name="test_get_symptom_entry_structure" time="0.122" /><testcase classname="tests.test_tracking_progress.TestComplianceTracking" name="test_save_compliance" time="0.112" /><testcase classname="tests.test_tracking_progress.TestComplianceTracking" name="test_save_compliance_empty_supplements" time="0.107" /><testcase classname="tests.test_tracking_progress.TestComplianceTracking" name="test_get_compliance_history" time="0.106" /><testcase classname="tests.test_tracking_progress.TestComplianceTracking" name="test_compliance_rate_calculation" time="0.125" /><testcase classname="tests.test_tracking_progress.TestNewProfile" name="test_dashboard_empty_profile" time="0.107" /></testsuite></testsuites>