<?xml version="1.0" encoding="utf-8"?><testsuites name="pytest tests"><testsuite name="pytest" errors="0" failures="0" skipped="0" tests="10" time="1.317" timestamp="2026-03-03T19:33:07.865644+00:00" hostname="agent-env-c564fc7d-f40e-4f15-b0a0-7652349a0f51"><testcase classname="backend.tests.test_trust_elements.TestTrustStatsAPI" name="test_trust_stats_returns_200" time="0.206" /><testcase classname="backend.tests.test_trust_elements.TestTrustStatsAPI" name="test_trust_stats_response_structure" time="0.111" /><testcase classname="backend.tests.test_trust_elements.TestTrustStatsAPI" name="test_trust_stats_display_count_rounded_to_hundreds" time="0.117" /><testcase classname="backend.tests.test_trust_elements.TestTrustStatsAPI" name="test_trust_stats_total_actions_equals_sum" time="0.109" /><testcase classname="backend.tests.test_trust_elements.TestProductRatingFormat" name="test_products_with_rating_format" time="0.125" /><testcase classname="backend.tests.test_trust_elements.TestProductRatingFormat" name="test_products_by_nutrient_contains_rating" time="0.107" /><testcase classname="backend.tests.test_trust_elements.TestProductLabelAnalysis" name="test_products_have_label_analysis_field" time="0.136" /><testcase classname="backend.tests.test_trust_elements.TestProductLabelAnalysis" name="test_products_by_nutrient_preserves_label_analysis" time="0.119" /><testcase classname="backend.tests.test_trust_elements.TestProductNutrientMapping" name="test_magnesium_products_available" time="0.117" /><testcase classname="backend.tests.test_trust_elements.TestProductNutrientMapping" name="test_quality_info_available" time="0.108" /></testsuite></testsuites>