<?xml version="1.0" encoding="utf-8"?><testsuites name="pytest tests"><testsuite name="pytest" errors="0" failures="0" skipped="0" tests="7" time="51.652" timestamp="2026-03-05T18:59:16.423708+00:00" hostname="agent-env-005dfe3e-4962-4616-b03a-d39b8f9b3451"><testcase classname="backend.tests.test_tts.TestTTSEndpoint" name="test_tts_generate_success_german" time="1.407" /><testcase classname="backend.tests.test_tts.TestTTSEndpoint" name="test_tts_generate_success_italian" time="2.087" /><testcase classname="backend.tests.test_tts.TestTTSEndpoint" name="test_tts_generate_empty_text_returns_400" time="0.115" /><testcase classname="backend.tests.test_tts.TestTTSEndpoint" name="test_tts_generate_whitespace_only_returns_400" time="0.103" /><testcase classname="backend.tests.test_tts.TestTTSEndpoint" name="test_tts_generate_missing_text_returns_422" time="0.126" /><testcase classname="backend.tests.test_tts.TestTTSEndpoint" name="test_tts_generate_default_lang" time="2.070" /><testcase classname="backend.tests.test_tts.TestTTSEndpoint" name="test_tts_generate_long_text_truncation" time="45.679" /></testsuite></testsuites>