<?xml version="1.0" encoding="utf-8"?><testsuites name="pytest tests"><testsuite name="pytest" errors="0" failures="0" skipped="0" tests="11" time="1.358" timestamp="2026-03-17T12:15:19.804692+00:00" hostname="agent-env-0394abac-6c1f-4b43-b6ff-0d919c34ff12"><testcase classname="backend.tests.test_water_reminders.TestWaterRemindersGetDefault" name="test_get_default_settings_new_profile" time="0.327" /><testcase classname="backend.tests.test_water_reminders.TestWaterRemindersGetDefault" name="test_get_settings_returns_correct_structure" time="0.063" /><testcase classname="backend.tests.test_water_reminders.TestWaterRemindersPutSettings" name="test_put_enable_with_1h_interval" time="0.046" /><testcase classname="backend.tests.test_water_reminders.TestWaterRemindersPutSettings" name="test_put_enable_with_2h_interval" time="0.046" /><testcase classname="backend.tests.test_water_reminders.TestWaterRemindersPutSettings" name="test_put_enable_with_3h_interval" time="0.048" /><testcase classname="backend.tests.test_water_reminders.TestWaterRemindersPutSettings" name="test_put_disable_reminders" time="0.047" /><testcase classname="backend.tests.test_water_reminders.TestWaterRemindersGetAfterPut" name="test_get_returns_saved_settings" time="0.089" /><testcase classname="backend.tests.test_water_reminders.TestWaterRemindersGetAfterPut" name="test_settings_persist_after_toggle" time="0.132" /><testcase classname="backend.tests.test_water_reminders.TestWaterRemindersEdgeCases" name="test_put_minimal_payload" time="0.045" /><testcase classname="backend.tests.test_water_reminders.TestWaterRemindersEdgeCases" name="test_put_custom_time_format" time="0.046" /><testcase classname="backend.tests.test_water_reminders.TestWaterRemindersIntegration" name="test_full_reminder_workflow" time="0.329" /></testsuite></testsuites>