<?xml version="1.0" encoding="utf-8"?><testsuites name="pytest tests"><testsuite name="pytest" errors="0" failures="0" skipped="0" tests="17" time="2.142" timestamp="2026-03-14T07:57:36.402501+00:00" hostname="agent-env-de1a2b8b-683e-4485-8e64-c649bd9a7cd5"><testcase classname="backend.tests.test_water_tracking.TestWaterTrackingToday" name="test_get_today_water_data_german" time="0.265" /><testcase classname="backend.tests.test_water_tracking.TestWaterTrackingToday" name="test_get_today_water_data_italian" time="0.067" /><testcase classname="backend.tests.test_water_tracking.TestWaterTrackingAdd" name="test_add_200ml_water" time="0.142" /><testcase classname="backend.tests.test_water_tracking.TestWaterTrackingAdd" name="test_add_500ml_water" time="0.122" /><testcase classname="backend.tests.test_water_tracking.TestWaterTrackingAdd" name="test_add_water_negative_amount_validation" time="0.061" /><testcase classname="backend.tests.test_water_tracking.TestWaterTrackingAdd" name="test_add_water_zero_amount_validation" time="0.066" /><testcase classname="backend.tests.test_water_tracking.TestWaterTrackingAdd" name="test_add_water_too_large_amount_validation" time="0.063" /><testcase classname="backend.tests.test_water_tracking.TestWaterTrackingHistory" name="test_get_weekly_history" time="0.062" /><testcase classname="backend.tests.test_water_tracking.TestWaterTrackingHistory" name="test_get_monthly_history" time="0.064" /><testcase classname="backend.tests.test_water_tracking.TestWaterGoal" name="test_get_goal_auto_calculated" time="0.062" /><testcase classname="backend.tests.test_water_tracking.TestWaterGoal" name="test_update_goal_manually" time="0.261" /><testcase classname="backend.tests.test_water_tracking.TestWaterGoal" name="test_update_goal_too_low_validation" time="0.059" /><testcase classname="backend.tests.test_water_tracking.TestWaterGoal" name="test_update_goal_too_high_validation" time="0.062" /><testcase classname="backend.tests.test_water_tracking.TestWaterReminder" name="test_get_reminder_defaults" time="0.072" /><testcase classname="backend.tests.test_water_tracking.TestWaterReminder" name="test_update_reminder" time="0.226" /><testcase classname="backend.tests.test_water_tracking.TestVeroMessages" name="test_vero_message_structure" time="0.062" /><testcase classname="backend.tests.test_water_tracking.TestWaterTrackingIntegration" name="test_full_water_tracking_flow" time="0.241" /></testsuite></testsuites>