<?xml version="1.0" encoding="utf-8"?><testsuites name="pytest tests"><testsuite name="pytest" errors="0" failures="0" skipped="0" tests="16" time="7.391" timestamp="2026-03-14T08:19:00.278253+00:00" hostname="agent-env-044b2b40-16d3-4dbc-99e5-95ba6744c5a3"><testcase classname="backend.tests.test_water_tracking_ai.TestWaterTrackingToday" name="test_get_today_returns_water_data_with_vero_message" time="0.174" /><testcase classname="backend.tests.test_water_tracking_ai.TestWaterTrackingToday" name="test_get_today_italian_language" time="0.053" /><testcase classname="backend.tests.test_water_tracking_ai.TestWaterTrackingAdd" name="test_add_water_returns_feedback_and_vero_message" time="0.111" /><testcase classname="backend.tests.test_water_tracking_ai.TestWaterTrackingAdd" name="test_add_water_validation_rejects_invalid_amounts" time="0.161" /><testcase classname="backend.tests.test_water_tracking_ai.TestHydrationTip" name="test_get_hydration_tip_returns_ai_tip" time="2.826" /><testcase classname="backend.tests.test_water_tracking_ai.TestHydrationTip" name="test_get_hydration_tip_italian" time="2.558" /><testcase classname="backend.tests.test_water_tracking_ai.TestRecalculateGoal" name="test_recalculate_goal_uses_ai" time="0.499" /><testcase classname="backend.tests.test_water_tracking_ai.TestRecalculateGoal" name="test_recalculate_goal_nonexistent_profile_returns_404" time="0.062" /><testcase classname="backend.tests.test_water_tracking_ai.TestWaterTrackingHistory" name="test_get_history_week" time="0.053" /><testcase classname="backend.tests.test_water_tracking_ai.TestWaterTrackingHistory" name="test_get_history_month" time="0.054" /><testcase classname="backend.tests.test_water_tracking_ai.TestWaterGoal" name="test_get_goal" time="0.057" /><testcase classname="backend.tests.test_water_tracking_ai.TestWaterGoal" name="test_update_goal_manually" time="0.170" /><testcase classname="backend.tests.test_water_tracking_ai.TestWaterGoal" name="test_update_goal_validation" time="0.105" /><testcase classname="backend.tests.test_water_tracking_ai.TestWaterReminder" name="test_get_reminder" time="0.050" /><testcase classname="backend.tests.test_water_tracking_ai.TestWaterReminder" name="test_update_reminder" time="0.165" /><testcase classname="backend.tests.test_water_tracking_ai.TestWaterTrackingIntegration" name="test_full_flow_add_verify_history" time="0.206" /></testsuite></testsuites>