<?xml version="1.0" encoding="utf-8"?><testsuites name="pytest tests"><testsuite name="pytest" errors="0" failures="0" skipped="0" tests="16" time="8.803" timestamp="2026-08-04T09:24:06.767745+00:00" hostname="agent-env-dc10796b-1c95-429a-a994-a4a8dbe31b5e"><testcase classname="backend.tests.test_wearable_api.TestDevices" name="test_create_device_returns_device_id" time="1.027" /><testcase classname="backend.tests.test_wearable_api.TestDevices" name="test_list_devices" time="0.185" /><testcase classname="backend.tests.test_wearable_api.TestDevices" name="test_repair_same_ble_upserts" time="0.323" /><testcase classname="backend.tests.test_wearable_api.TestDevices" name="test_update_device" time="0.349" /><testcase classname="backend.tests.test_wearable_api.TestMeasurements" name="test_batch_insert" time="0.858" /><testcase classname="backend.tests.test_wearable_api.TestMeasurements" name="test_batch_dedupe_same_batch" time="0.855" /><testcase classname="backend.tests.test_wearable_api.TestMeasurements" name="test_query_measurements_metric_filter" time="0.173" /><testcase classname="backend.tests.test_wearable_api.TestMeasurements" name="test_query_measurements_time_range" time="0.171" /><testcase classname="backend.tests.test_wearable_api.TestSleep" name="test_insert_sleep" time="0.176" /><testcase classname="backend.tests.test_wearable_api.TestSleep" name="test_dedupe_sleep" time="0.177" /><testcase classname="backend.tests.test_wearable_api.TestSyncStatus" name="test_append_and_get" time="0.380" /><testcase classname="backend.tests.test_wearable_api.TestDailySummary" name="test_daily_aggregation" time="0.284" /><testcase classname="backend.tests.test_wearable_api.TestDailySummary" name="test_daily_summary_bad_date" time="0.060" /><testcase classname="backend.tests.test_wearable_api.TestDeletion" name="test_delete_without_purge_keeps_measurements" time="1.035" /><testcase classname="backend.tests.test_wearable_api.TestDeletion" name="test_delete_with_purge" time="1.825" /><testcase classname="backend.tests.test_wearable_api.TestDeletion" name="test_delete_nonexistent" time="0.799" /></testsuite></testsuites>