<?xml version="1.0" encoding="utf-8"?><testsuites name="pytest tests"><testsuite name="pytest" errors="0" failures="0" skipped="0" tests="13" time="21.880" timestamp="2026-08-04T10:20:43.475088+00:00" hostname="agent-env-dc10796b-1c95-429a-a994-a4a8dbe31b5e"><testcase classname="backend.tests.test_wearable_scoring.TestBaselines" name="test_baselines_structure_all_metrics" time="11.411" /><testcase classname="backend.tests.test_wearable_scoring.TestBaselines" name="test_baselines_insufficient_when_low_days" time="3.984" /><testcase classname="backend.tests.test_wearable_scoring.TestBaselines" name="test_baselines_sufficient_when_high_days" time="0.154" /><testcase classname="backend.tests.test_wearable_scoring.TestBaselines" name="test_baselines_empty_user_returns_zero_days" time="0.154" /><testcase classname="backend.tests.test_wearable_scoring.TestScores" name="test_scores_learning_phase_when_low_data" time="0.492" /><testcase classname="backend.tests.test_wearable_scoring.TestScores" name="test_scores_valid_when_sufficient_data" time="0.488" /><testcase classname="backend.tests.test_wearable_scoring.TestScores" name="test_scores_includes_baselines_block" time="0.655" /><testcase classname="backend.tests.test_wearable_scoring.TestScores" name="test_scores_invalid_date_returns_400" time="0.042" /><testcase classname="backend.tests.test_wearable_scoring.TestScores" name="test_scores_deterministic" time="0.981" /><testcase classname="backend.tests.test_wearable_scoring.TestTimeseries" name="test_timeseries_week_daily" time="0.158" /><testcase classname="backend.tests.test_wearable_scoring.TestTimeseries" name="test_timeseries_day_raw" time="0.154" /><testcase classname="backend.tests.test_wearable_scoring.TestTimeseries" name="test_timeseries_invalid_range_returns_400" time="0.050" /><testcase classname="backend.tests.test_wearable_scoring.TestEstimateMetadata" name="test_estimate_metrics_get_disclaimer_injected" time="3.066" /></testsuite></testsuites>