<?xml version="1.0" encoding="utf-8"?><testsuites name="pytest tests"><testsuite name="pytest" errors="0" failures="2" skipped="0" tests="43" time="76.724" timestamp="2026-05-03T16:35:31.040869+00:00" hostname="agent-env-dc10796b-1c95-429a-a994-a4a8dbe31b5e"><testcase classname="backend.tests.test_weight_metabolism_smart_products.TestGoals" name="test_get_goals_default" time="0.866" /><testcase classname="backend.tests.test_weight_metabolism_smart_products.TestGoals" name="test_put_goals_valid" time="0.825" /><testcase classname="backend.tests.test_weight_metabolism_smart_products.TestGoals" name="test_put_goals_validation[payload0-calories]" time="0.456" /><testcase classname="backend.tests.test_weight_metabolism_smart_products.TestGoals" name="test_put_goals_validation[payload1-calories]" time="0.448" /><testcase classname="backend.tests.test_weight_metabolism_smart_products.TestGoals" name="test_put_goals_validation[payload2-protein]" time="0.451" /><testcase classname="backend.tests.test_weight_metabolism_smart_products.TestGoals" name="test_put_goals_validation[payload3-protein]" time="0.450" /><testcase classname="backend.tests.test_weight_metabolism_smart_products.TestGoals" name="test_put_goals_validation[payload4-weight]" time="0.445" /><testcase classname="backend.tests.test_weight_metabolism_smart_products.TestGoals" name="test_put_goals_validation[payload5-weight]" time="0.451" /><testcase classname="backend.tests.test_weight_metabolism_smart_products.TestGoals" name="test_recalculate_goals_no_profile" time="0.564" /><testcase classname="backend.tests.test_weight_metabolism_smart_products.TestGoals" name="test_recalculate_goals_with_profile" time="0.833"><failure message="assert 404 == 200&#10; +  where 404 = &lt;Response [404]&gt;.status_code">backend/tests/test_weight_metabolism_smart_products.py:113: in test_recalculate_goals_with_profile
    assert r.status_code == 200
E   assert 404 == 200
E    +  where 404 = &lt;Response [404]&gt;.status_code</failure></testcase><testcase classname="backend.tests.test_weight_metabolism_smart_products.TestMeals" name="test_add_meal" time="0.571" /><testcase classname="backend.tests.test_weight_metabolism_smart_products.TestMeals" name="test_today_has_meal" time="0.667" /><testcase classname="backend.tests.test_weight_metabolism_smart_products.TestMeals" name="test_history" time="0.564" /><testcase classname="backend.tests.test_weight_metabolism_smart_products.TestMeals" name="test_delete_meal" time="0.711" /><testcase classname="backend.tests.test_weight_metabolism_smart_products.TestWeight" name="test_add_weight_valid" time="0.667" /><testcase classname="backend.tests.test_weight_metabolism_smart_products.TestWeight" name="test_add_weight_replaces_same_day" time="0.928" /><testcase classname="backend.tests.test_weight_metabolism_smart_products.TestWeight" name="test_add_weight_validation[20]" time="0.446" /><testcase classname="backend.tests.test_weight_metabolism_smart_products.TestWeight" name="test_add_weight_validation[400]" time="0.448" /><testcase classname="backend.tests.test_weight_metabolism_smart_products.TestWeight" name="test_add_weight_validation[29.9]" time="0.444" /><testcase classname="backend.tests.test_weight_metabolism_smart_products.TestWeight" name="test_add_weight_validation[300.1]" time="0.472" /><testcase classname="backend.tests.test_weight_metabolism_smart_products.TestWeight" name="test_weight_history" time="0.665" /><testcase classname="backend.tests.test_weight_metabolism_smart_products.TestFasting" name="test_fasting_settings" time="0.563" /><testcase classname="backend.tests.test_weight_metabolism_smart_products.TestFasting" name="test_fasting_settings_validation[3]" time="28.952"><failure message="assert 429 == 400&#10; +  where 429 = &lt;Response [429]&gt;.status_code">backend/tests/test_weight_metabolism_smart_products.py:203: in test_fasting_settings_validation
    assert r.status_code == 400
E   assert 429 == 400
E    +  where 429 = &lt;Response [429]&gt;.status_code</failure></testcase><testcase classname="backend.tests.test_weight_metabolism_smart_products.TestFasting" name="test_fasting_settings_validation[49]" time="21.735" /><testcase classname="backend.tests.test_weight_metabolism_smart_products.TestFasting" name="test_fasting_settings_validation[3.9]" time="0.444" /><testcase classname="backend.tests.test_weight_metabolism_smart_products.TestFasting" name="test_fasting_settings_validation[48.1]" time="0.449" /><testcase classname="backend.tests.test_weight_metabolism_smart_products.TestFasting" name="test_fasting_start" time="0.699" /><testcase classname="backend.tests.test_weight_metabolism_smart_products.TestFasting" name="test_fasting_start_validation[3]" time="0.444" /><testcase classname="backend.tests.test_weight_metabolism_smart_products.TestFasting" name="test_fasting_start_validation[49]" time="0.445" /><testcase classname="backend.tests.test_weight_metabolism_smart_products.TestFasting" name="test_fasting_state_active" time="0.772" /><testcase classname="backend.tests.test_weight_metabolism_smart_products.TestFasting" name="test_fasting_start_auto_stops_prev" time="1.051" /><testcase classname="backend.tests.test_weight_metabolism_smart_products.TestFasting" name="test_fasting_stop" time="0.666" /><testcase classname="backend.tests.test_weight_metabolism_smart_products.TestFasting" name="test_fasting_stop_when_none" time="0.555" /><testcase classname="backend.tests.test_weight_metabolism_smart_products.TestSummary" name="test_summary" time="1.213" /><testcase classname="backend.tests.test_weight_metabolism_smart_products.TestSmartProducts" name="test_catalog_seeds" time="0.663" /><testcase classname="backend.tests.test_weight_metabolism_smart_products.TestSmartProducts" name="test_reco_stress" time="0.666" /><testcase classname="backend.tests.test_weight_metabolism_smart_products.TestSmartProducts" name="test_reco_fasting" time="0.662" /><testcase classname="backend.tests.test_weight_metabolism_smart_products.TestSmartProducts" name="test_reco_limit_enforced" time="0.677" /><testcase classname="backend.tests.test_weight_metabolism_smart_products.TestSmartProducts" name="test_reco_limit_invalid" time="0.451" /><testcase classname="backend.tests.test_weight_metabolism_smart_products.TestSmartProducts" name="test_reco_with_profile_id" time="0.885" /><testcase classname="backend.tests.test_weight_metabolism_smart_products.TestSmartProducts" name="test_click_logging" time="0.682" /><testcase classname="backend.tests.test_weight_metabolism_smart_products.TestSmartProducts" name="test_stats" time="0.722" /><testcase classname="backend.tests.test_weight_metabolism_smart_products.TestSmartProducts" name="test_upsert_catalog" time="0.821" /></testsuite></testsuites>