<?xml version="1.0" encoding="utf-8"?><testsuites name="pytest tests"><testsuite name="pytest" errors="0" failures="0" skipped="0" tests="18" time="64.626" timestamp="2026-05-03T18:25:01.219034+00:00" hostname="agent-env-dc10796b-1c95-429a-a994-a4a8dbe31b5e"><testcase classname="backend.tests.test_weight_metabolism_schedule_favorites_photo.TestSchedule" name="test_get_empty" time="0.372" /><testcase classname="backend.tests.test_weight_metabolism_schedule_favorites_photo.TestSchedule" name="test_put_creates_schedule" time="0.270" /><testcase classname="backend.tests.test_weight_metabolism_schedule_favorites_photo.TestSchedule" name="test_get_returns_active" time="0.153" /><testcase classname="backend.tests.test_weight_metabolism_schedule_favorites_photo.TestSchedule" name="test_validation_window_hours" time="0.189" /><testcase classname="backend.tests.test_weight_metabolism_schedule_favorites_photo.TestSchedule" name="test_validation_invalid_time" time="0.284" /><testcase classname="backend.tests.test_weight_metabolism_schedule_favorites_photo.TestSchedule" name="test_midnight_wrap" time="0.268" /><testcase classname="backend.tests.test_weight_metabolism_schedule_favorites_photo.TestSchedule" name="test_delete_schedule" time="0.340" /><testcase classname="backend.tests.test_weight_metabolism_schedule_favorites_photo.TestFavorites" name="test_initial_empty" time="0.154" /><testcase classname="backend.tests.test_weight_metabolism_schedule_favorites_photo.TestFavorites" name="test_create_favorite" time="0.158" /><testcase classname="backend.tests.test_weight_metabolism_schedule_favorites_photo.TestFavorites" name="test_list_after_create" time="0.152" /><testcase classname="backend.tests.test_weight_metabolism_schedule_favorites_photo.TestFavorites" name="test_use_favorite_logs_meal" time="1.010" /><testcase classname="backend.tests.test_weight_metabolism_schedule_favorites_photo.TestFavorites" name="test_delete_favorite" time="0.312" /><testcase classname="backend.tests.test_weight_metabolism_schedule_favorites_photo.TestFavorites" name="test_delete_nonexistent_returns_404" time="0.153" /><testcase classname="backend.tests.test_weight_metabolism_schedule_favorites_photo.TestPhotoAnalysis" name="test_empty_image_returns_400" time="0.091" /><testcase classname="backend.tests.test_weight_metabolism_schedule_favorites_photo.TestPhotoAnalysis" name="test_real_food_photo" time="3.464" /><testcase classname="backend.tests.test_weight_metabolism_schedule_favorites_photo.TestSummary" name="test_summary_includes_schedule_fields" time="1.117" /><testcase classname="backend.tests.test_weight_metabolism_schedule_favorites_photo.TestSummary" name="test_summary_with_active_schedule" time="54.722" /><testcase classname="backend.tests.test_weight_metabolism_schedule_favorites_photo.TestSummary" name="test_vero_hint_protein" time="1.334" /></testsuite></testsuites>