<?xml version="1.0" encoding="utf-8"?><testsuites name="pytest tests"><testsuite name="pytest" errors="0" failures="0" skipped="0" tests="13" time="2.223" timestamp="2026-03-05T20:03:10.020228+00:00" hostname="agent-env-005dfe3e-4962-4616-b03a-d39b8f9b3451"><testcase classname="backend.tests.test_work_type_features.TestOnboardingOptions" name="test_onboarding_options_returns_work_types" time="0.303" /><testcase classname="backend.tests.test_work_type_features.TestOnboardingOptions" name="test_onboarding_options_returns_shift_models" time="0.123" /><testcase classname="backend.tests.test_work_type_features.TestOnboardingOptions" name="test_onboarding_options_returns_shift_types" time="0.147" /><testcase classname="backend.tests.test_work_type_features.TestOnboardingOptions" name="test_work_types_have_german_labels" time="0.133" /><testcase classname="backend.tests.test_work_type_features.TestHealthProfileWithWorkType" name="test_create_profile_with_shift_work" time="0.231" /><testcase classname="backend.tests.test_work_type_features.TestHealthProfileWithWorkType" name="test_create_profile_with_night_work" time="0.116" /><testcase classname="backend.tests.test_work_type_features.TestHealthProfileWithWorkType" name="test_create_profile_with_physical_work" time="0.133" /><testcase classname="backend.tests.test_work_type_features.TestHealthProfileWithWorkType" name="test_create_profile_with_office_work" time="0.167" /><testcase classname="backend.tests.test_work_type_features.TestHealthProfileWithWorkType" name="test_work_type_fields_persisted" time="0.235" /><testcase classname="backend.tests.test_work_type_features.TestRiskScoresForWorkTypes" name="test_shift_work_increases_vitamin_d_risk" time="0.136" /><testcase classname="backend.tests.test_work_type_features.TestRiskScoresForWorkTypes" name="test_night_work_higher_melatonin_risk" time="0.122" /><testcase classname="backend.tests.test_work_type_features.TestItalianLabels" name="test_work_types_italian_labels" time="0.123" /><testcase classname="backend.tests.test_work_type_features.TestItalianLabels" name="test_shift_assessment_italian_priority" time="0.166" /></testsuite></testsuites>